<?xml version="1.0" encoding="utf-8"?><testsuites name="pytest tests"><testsuite name="pytest" errors="0" failures="7" skipped="9" tests="550" time="2673.055" timestamp="2026-07-24T23:33:20.164085-07:00" hostname="hamsa"><testcase classname="oracle.bimodal_logic.tests.test_cross_oracle_differential.TestFormulaEnumerator" name="test_temporal_only_filter_accepts_untl" time="0.001" /><testcase classname="oracle.bimodal_logic.tests.test_cross_oracle_differential.TestFormulaEnumerator" name="test_temporal_only_filter_accepts_atom_bot_imp" time="0.000" /><testcase classname="oracle.bimodal_logic.tests.test_cross_oracle_differential.TestFormulaEnumerator" name="test_complexity_function_atom" time="0.000" /><testcase classname="oracle.bimodal_logic.tests.test_cross_oracle_differential.TestDifferentialComparison" name="test_complexity_field_correct" time="0.729" /><testcase classname="oracle.bimodal_logic.tests.test_boundary_regression.TestBoundaryAnalysis" name="test_boundary_safe_m_formula_values" time="0.001" /><testcase classname="oracle.bimodal_logic.tests.test_boundary_regression.TestBoundaryAnalysis" name="test_boundary_safe_criterion" time="0.000" /><testcase classname="oracle.bimodal_logic.tests.test_boundary_regression.TestBoundaryAnalysis" name="test_domain_size_formula" time="0.000" /><testcase classname="oracle.bimodal_logic.tests.test_boundary_regression.TestBoundaryAnalysis" name="test_reachable_depth_from_t0" time="0.000" /><testcase classname="oracle.bimodal_logic.tests.test_boundary_regression.TestBoundaryAnalysis" name="test_future_time_points_at_m_safe" time="0.000" /><testcase classname="oracle.bimodal_logic.tests.test_boundary_regression.TestBoundaryDocumentation" name="test_tn_cm1_finds_countermodel_at_m2" time="1.110" /><testcase classname="oracle.bimodal_logic.tests.test_cli.TestCLINoArguments" name="test_no_arguments_exits_nonzero" time="0.004" /><testcase classname="oracle.bimodal_logic.tests.test_cli.TestCLINoArguments" name="test_no_arguments_prints_help" time="0.002" /><testcase classname="oracle.bimodal_logic.tests.test_cli.TestCLIInvalidInput" name="test_invalid_json_exits_nonzero" time="0.001" /><testcase classname="oracle.bimodal_logic.tests.test_cli.TestCLIInvalidInput" name="test_invalid_json_prints_error" time="0.001" /><testcase classname="oracle.bimodal_logic.tests.test_cli.TestCLIInvalidInput" name="test_unsupported_frame_class_exits_nonzero" time="0.001" /><testcase classname="oracle.bimodal_logic.tests.test_boundary_regression.TestExampleRegression" name="test_regression_all_active_examples[BX4P_CONNECT_P_TH-example_case30]" time="0.149" /><testcase classname="oracle.bimodal_logic.tests.test_boundary_regression.TestExampleRegression" name="test_regression_all_active_examples[BM_CM_2-example_case8]" time="1.940" /><testcase classname="oracle.bimodal_logic.tests.test_cross_oracle_differential.TestFormulaEnumerator" name="test_complexity_function_bot" time="0.000" /><testcase classname="oracle.bimodal_logic.tests.test_cross_oracle_differential.TestFormulaEnumerator" name="test_complexity_function_box_atom" time="0.000" /><testcase classname="oracle.bimodal_logic.tests.test_cross_oracle_differential.TestFormulaEnumerator" name="test_complexity_function_imp" time="0.000" /><testcase classname="oracle.bimodal_logic.tests.test_cross_oracle_differential.TestFormulaEnumerator" name="test_all_enumerated_formulas_have_expected_complexity" time="0.000" /><testcase classname="oracle.bimodal_logic.tests.test_cross_oracle_differential.TestFormulaEnumerator" name="test_enumerate_at_complexity_returns_only_primitive_tags" time="0.000" /><testcase classname="oracle.bimodal_logic.tests.test_cross_oracle_differential.TestDifferentialInfrastructure" name="test_oracle_import" time="0.000" /><testcase classname="oracle.bimodal_logic.tests.test_cross_oracle_differential.TestDifferentialInfrastructure" name="test_oracle_instantiation" time="0.000" /><testcase classname="oracle.bimodal_logic.tests.test_cross_oracle_differential.TestDifferentialInfrastructure" name="test_oracle_has_find_countermodel" time="0.000" /><testcase classname="oracle.bimodal_logic.tests.test_cross_oracle_differential.TestDifferentialInfrastructure" name="test_enumerator_produces_formulas" time="0.000" /><testcase classname="oracle.bimodal_logic.tests.test_cross_oracle_differential.TestDifferentialInfrastructure" name="test_translation_import" time="0.000" /><testcase classname="oracle.bimodal_logic.tests.test_cross_oracle_differential.TestKnownFormulaBaseline" name="test_known_tautologies_return_none" time="2.169" /><testcase classname="oracle.bimodal_logic.tests.test_cli.TestCLICountermodelFormula" name="test_invalid_formula_returns_result_key" time="0.176" /><testcase classname="oracle.bimodal_logic.tests.test_boundary_regression.TestExampleRegression" name="test_regression_all_active_examples[BX10_UNTIL_F_TH-example_case31]" time="0.150" /><testcase classname="oracle.bimodal_logic.tests.test_cli.TestCLICountermodelFormula" name="test_invalid_formula_result_is_invalid" time="0.184" /><testcase classname="oracle.bimodal_logic.tests.test_boundary_regression.TestExampleRegression" name="test_regression_all_active_examples[BX10P_SINCE_P_TH-example_case32]" time="0.150" /><testcase classname="oracle.bimodal_logic.tests.test_cli.TestCLICountermodelFormula" name="test_invalid_formula_has_countermodel_key" time="0.185" /><testcase classname="oracle.bimodal_logic.tests.test_boundary_regression.TestExampleRegression" name="test_regression_all_active_examples[BX12_F_UNTIL_TH-example_case33]" time="0.150" /><testcase classname="oracle.bimodal_logic.tests.test_cli.TestCLICountermodelFormula" name="test_invalid_formula_countermodel_is_dict" time="0.187" /><testcase classname="oracle.bimodal_logic.tests.test_boundary_regression.TestExampleRegression" name="test_regression_all_active_examples[BX12P_P_SINCE_TH-example_case34]" time="0.151" /><testcase classname="oracle.bimodal_logic.tests.test_cross_oracle_differential.TestDifferentialComparison" name="test_has_box_field_correct" time="0.919" /><testcase classname="oracle.bimodal_logic.tests.test_cli.TestCLIValidFormula" name="test_valid_formula_returns_result_key" time="0.147" /><testcase classname="oracle.bimodal_logic.tests.test_boundary_regression.TestExampleRegression" name="test_regression_all_active_examples[BX5_ACCUM_U_TH-example_case35]" time="0.153" /><testcase classname="oracle.bimodal_logic.tests.test_cli.TestCLIValidFormula" name="test_valid_formula_result_is_valid" time="0.146" /><testcase classname="oracle.bimodal_logic.tests.test_boundary_regression.TestExampleRegression" name="test_regression_all_active_examples[BX5P_ACCUM_S_TH-example_case36]" time="0.149" /><testcase classname="oracle.bimodal_logic.tests.test_cli.TestCLIValidFormula" name="test_valid_formula_countermodel_is_null" time="0.098" /><testcase classname="oracle.bimodal_logic.tests.test_boundary_regression.TestExampleRegression" name="test_regression_all_active_examples[BX6_ABSORB_U_TH-example_case37]" time="0.152" /><testcase classname="oracle.bimodal_logic.tests.test_boundary_regression.TestBoundaryDocumentation" name="test_extensional_countermodel_at_m1" time="0.163" /><testcase classname="oracle.bimodal_logic.tests.test_cli.TestCLIOutputFormat" name="test_output_is_valid_json" time="0.146" /><testcase classname="oracle.bimodal_logic.tests.test_boundary_regression.TestExampleRegression" name="test_regression_all_active_examples[BX6P_ABSORB_S_TH-example_case38]" time="0.146" /><testcase classname="oracle.bimodal_logic.tests.test_boundary_regression.TestBoundaryDocumentation" name="test_modal_countermodel_at_m1" time="0.155" /><testcase classname="oracle.bimodal_logic.tests.test_cli.TestCLIOutputFormat" name="test_output_has_exactly_two_keys" time="0.156" /><testcase classname="oracle.bimodal_logic.tests.test_boundary_regression.TestExampleRegression" name="test_regression_all_active_examples[BX11_LIN_F_TH-example_case39]" time="20.271" /><testcase classname="oracle.bimodal_logic.tests.test_boundary_regression.TestBoundaryDocumentation" name="test_theorem_serial_f_at_m2" time="0.124" /><testcase classname="oracle.bimodal_logic.tests.test_cli.TestCLIOutputFormat" name="test_result_is_string" time="0.162" /><testcase classname="oracle.bimodal_logic.tests.test_boundary_regression.TestBoundaryDocumentation" name="test_theorem_serial_f_at_boundary_safe_m3" time="0.120" /><testcase classname="oracle.bimodal_logic.tests.test_cross_oracle_differential.TestFormulaEnumerator" name="test_complexity_1_atoms_and_bot" time="0.000" /><testcase classname="oracle.bimodal_logic.tests.test_cross_oracle_differential.TestFormulaEnumerator" name="test_complexity_1_two_atoms" time="0.000" /><testcase classname="oracle.bimodal_logic.tests.test_cross_oracle_differential.TestFormulaEnumerator" name="test_complexity_counts_1_atom" time="0.000" /><testcase classname="oracle.bimodal_logic.tests.test_cross_oracle_differential.TestFormulaEnumerator" name="test_complexity_cumulative_count" time="0.000" /><testcase classname="oracle.bimodal_logic.tests.test_cross_oracle_differential.TestFormulaEnumerator" name="test_all_formulas_valid_json" time="0.000" /><testcase classname="oracle.bimodal_logic.tests.test_cross_oracle_differential.TestFormulaEnumerator" name="test_temporal_only_filter_rejects_box" time="0.000" /><testcase classname="oracle.bimodal_logic.tests.test_cross_oracle_differential.TestFormulaEnumerator" name="test_temporal_only_filter_rejects_nested_box" time="0.000" /><testcase classname="oracle.bimodal_logic.tests.test_fold_unfold.TestUnfoldFormula" name="test_all_future_expands_correctly" time="0.000" /><testcase classname="oracle.bimodal_logic.tests.test_fold_unfold.TestUnfoldFormula" name="test_all_past_expands_correctly" time="0.000" /><testcase classname="oracle.bimodal_logic.tests.test_fold_unfold.TestUnfoldFormula" name="test_neg_produces_only_primitives" time="0.000" /><testcase classname="oracle.bimodal_logic.tests.test_fold_unfold.TestUnfoldFormula" name="test_top_produces_only_primitives" time="0.000" /><testcase classname="oracle.bimodal_logic.tests.test_fold_unfold.TestUnfoldFormula" name="test_and_produces_only_primitives" time="0.000" /><testcase classname="oracle.bimodal_logic.tests.test_fold_unfold.TestUnfoldFormula" name="test_or_produces_only_primitives" time="0.000" /><testcase classname="oracle.bimodal_logic.tests.test_fold_unfold.TestUnfoldFormula" name="test_diamond_produces_only_primitives" time="0.000" /><testcase classname="oracle.bimodal_logic.tests.test_fold_unfold.TestUnfoldFormula" name="test_next_produces_only_primitives" time="0.000" /><testcase classname="oracle.bimodal_logic.tests.test_fold_unfold.TestUnfoldFormula" name="test_prev_produces_only_primitives" time="0.000" /><testcase classname="oracle.bimodal_logic.tests.test_fold_unfold.TestUnfoldFormula" name="test_some_future_produces_only_primitives" time="0.000" /><testcase classname="oracle.bimodal_logic.tests.test_fold_unfold.TestUnfoldFormula" name="test_some_past_produces_only_primitives" time="0.000" /><testcase classname="oracle.bimodal_logic.tests.test_fold_unfold.TestUnfoldFormula" name="test_all_future_produces_only_primitives" time="0.000" /><testcase classname="oracle.bimodal_logic.tests.test_fold_unfold.TestUnfoldFormula" name="test_all_past_produces_only_primitives" time="0.000" /><testcase classname="oracle.bimodal_logic.tests.test_fold_unfold.TestUnfoldFormula" name="test_neg_and_produces_only_primitives" time="0.000" /><testcase classname="oracle.bimodal_logic.tests.test_fold_unfold.TestUnfoldFormula" name="test_nested_enriched_all_primitives" time="0.000" /><testcase classname="oracle.bimodal_logic.tests.test_fold_unfold.TestUnfoldFormula" name="test_children_are_recursively_unfolded" time="0.000" /><testcase classname="oracle.bimodal_logic.tests.test_fold_unfold.TestUnfoldFormula" name="test_idempotency_neg" time="0.000" /><testcase classname="oracle.bimodal_logic.tests.test_fold_unfold.TestUnfoldFormula" name="test_idempotency_and" time="0.000" /><testcase classname="oracle.bimodal_logic.tests.test_fold_unfold.TestUnfoldFormula" name="test_idempotency_all_future" time="0.000" /><testcase classname="oracle.bimodal_logic.tests.test_fold_unfold.TestUnfoldFormula" name="test_idempotency_nested" time="0.000" /><testcase classname="oracle.bimodal_logic.tests.test_fold_unfold.TestFoldFormula" name="test_atom_passthrough" time="0.000" /><testcase classname="oracle.bimodal_logic.tests.test_fold_unfold.TestFoldFormula" name="test_bot_passthrough" time="0.000" /><testcase classname="oracle.bimodal_logic.tests.test_fold_unfold.TestFoldFormula" name="test_imp_pq_no_pattern" time="0.000" /><testcase classname="oracle.bimodal_logic.tests.test_fold_unfold.TestFoldFormula" name="test_box_passthrough" time="0.000" /><testcase classname="oracle.bimodal_logic.tests.test_fold_unfold.TestFoldFormula" name="test_untl_atoms_no_pattern" time="0.000" /><testcase classname="oracle.bimodal_logic.tests.test_fold_unfold.TestFoldFormula" name="test_snce_atoms_no_pattern" time="0.000" /><testcase classname="oracle.bimodal_logic.tests.test_fold_unfold.TestFoldFormula" name="test_fold_neg_from_primitive" time="0.000" /><testcase classname="oracle.bimodal_logic.tests.test_fold_unfold.TestFoldFormula" name="test_fold_top_from_primitive" time="0.000" /><testcase classname="oracle.bimodal_logic.tests.test_fold_unfold.TestFoldFormula" name="test_fold_next_from_primitive" time="0.000" /><testcase classname="oracle.bimodal_logic.tests.test_fold_unfold.TestFoldFormula" name="test_fold_prev_from_primitive" time="0.000" /><testcase classname="oracle.bimodal_logic.tests.test_fold_unfold.TestFoldFormula" name="test_fold_and_from_primitive" time="0.000" /><testcase classname="oracle.bimodal_logic.tests.test_fold_unfold.TestFoldFormula" name="test_fold_or_from_primitive" time="0.000" /><testcase classname="oracle.bimodal_logic.tests.test_fold_unfold.TestFoldFormula" name="test_fold_diamond_from_primitive" time="0.000" /><testcase classname="oracle.bimodal_logic.tests.test_fold_unfold.TestFoldFormula" name="test_fold_some_future_from_primitive" time="0.000" /><testcase classname="oracle.bimodal_logic.tests.test_fold_unfold.TestFoldFormula" name="test_fold_some_past_from_primitive" time="0.000" /><testcase classname="oracle.bimodal_logic.tests.test_fold_unfold.TestFoldFormula" name="test_fold_all_future_from_primitive" time="0.000" /><testcase classname="oracle.bimodal_logic.tests.test_fold_unfold.TestFoldFormula" name="test_fold_all_past_from_primitive" time="0.000" /><testcase classname="oracle.bimodal_logic.tests.test_fold_unfold.TestFoldFormula" name="test_children_are_recursively_folded" time="0.000" /><testcase classname="oracle.bimodal_logic.tests.test_fold_unfold.TestOverlappingPatterns" name="test_top_preferred_over_neg_bot" time="0.000" /><testcase classname="oracle.bimodal_logic.tests.test_fold_unfold.TestOverlappingPatterns" name="test_all_future_preferred_over_neg" time="0.000" /><testcase classname="oracle.bimodal_logic.tests.test_fold_unfold.TestOverlappingPatterns" name="test_all_past_preferred_over_neg" time="0.000" /><testcase classname="oracle.bimodal_logic.tests.test_fold_unfold.TestOverlappingPatterns" name="test_diamond_preferred_over_neg" time="0.000" /><testcase classname="oracle.bimodal_logic.tests.test_fold_unfold.TestOverlappingPatterns" name="test_and_preferred_over_neg" time="0.000" /><testcase classname="oracle.bimodal_logic.tests.test_fold_unfold.TestOverlappingPatterns" name="test_or_not_confused_with_neg" time="0.000" /><testcase classname="oracle.bimodal_logic.tests.test_fold_unfold.TestOverlappingPatterns" name="test_neg_is_fallback_for_imp_x_bot" time="0.000" /><testcase classname="oracle.bimodal_logic.tests.test_fold_unfold.TestOverlappingPatterns" name="test_neg_with_box_atom_child" time="0.000" /><testcase classname="oracle.bimodal_logic.tests.test_fold_unfold.TestOverlappingPatterns" name="test_some_future_vs_untl_atoms" time="0.000" /><testcase classname="oracle.bimodal_logic.tests.test_fold_unfold.TestOverlappingPatterns" name="test_next_vs_untl_bot" time="0.000" /><testcase classname="oracle.bimodal_logic.tests.test_fold_unfold.TestNormalizeFormula" name="test_level_0_equals_unfold_neg" time="0.000" /><testcase classname="oracle.bimodal_logic.tests.test_fold_unfold.TestNormalizeFormula" name="test_level_0_equals_unfold_all_future" time="0.000" /><testcase classname="oracle.bimodal_logic.tests.test_fold_unfold.TestNormalizeFormula" name="test_level_0_produces_only_primitives" time="0.000" /><testcase classname="oracle.bimodal_logic.tests.test_fold_unfold.TestNormalizeFormula" name="test_level_1_uses_neg_not_and" time="0.000" /><testcase classname="oracle.bimodal_logic.tests.test_fold_unfold.TestNormalizeFormula" name="test_level_1_no_level2_or_level3_tags" time="0.000" /><testcase classname="oracle.bimodal_logic.tests.test_fold_unfold.TestNormalizeFormula" name="test_level_2_allows_level1_and_level2" time="0.000" /><testcase classname="oracle.bimodal_logic.tests.test_fold_unfold.TestNormalizeFormula" name="test_level_2_some_future_folds" time="0.000" /><testcase classname="oracle.bimodal_logic.tests.test_fold_unfold.TestNormalizeFormula" name="test_level_3_equals_fold_of_unfold" time="0.000" /><testcase classname="oracle.bimodal_logic.tests.test_fold_unfold.TestNormalizeFormula" name="test_invalid_level_negative_raises_value_error" time="0.000" /><testcase classname="oracle.bimodal_logic.tests.test_fold_unfold.TestNormalizeFormula" name="test_invalid_level_four_raises_value_error" time="0.000" /><testcase classname="oracle.bimodal_logic.tests.test_fold_unfold.TestRoundTrip" name="test_unfold_fold_roundtrip_100" time="0.002" /><testcase classname="oracle.bimodal_logic.tests.test_fold_unfold.TestRoundTrip" name="test_fold_idempotent_after_unfold" time="0.002" /><testcase classname="oracle.bimodal_logic.tests.test_cross_oracle_differential.TestBimodalHarnessIntegration" name="test_bh_available" time="0.000" /><testcase classname="oracle.bimodal_logic.tests.test_cross_oracle_differential.TestBimodalHarnessIntegration" name="test_bh_enumerate_matches_self_contained_count" time="0.021" /><testcase classname="oracle.bimodal_logic.tests.test_fold_unfold.TestRoundTrip" name="test_unfold_idempotent" time="0.002" /><testcase classname="oracle.bimodal_logic.tests.test_fold_unfold.TestRoundTrip" name="test_unfold_produces_only_primitives" time="0.002" /><testcase classname="oracle.bimodal_logic.tests.test_fold_unfold.TestRoundTrip" name="test_normalize_level0_equals_unfold" time="0.002" /><testcase classname="oracle.bimodal_logic.tests.test_fold_unfold.TestRoundTrip" name="test_normalize_level3_equals_fold_unfold" time="0.002" /><testcase classname="oracle.bimodal_logic.tests.test_fold_unfold.TestAllEnrichedPatternsFoldable" name="test_neg_foldable" time="0.000" /><testcase classname="oracle.bimodal_logic.tests.test_fold_unfold.TestAllEnrichedPatternsFoldable" name="test_top_foldable" time="0.000" /><testcase classname="oracle.bimodal_logic.tests.test_fold_unfold.TestAllEnrichedPatternsFoldable" name="test_next_foldable" time="0.000" /><testcase classname="oracle.bimodal_logic.tests.test_fold_unfold.TestAllEnrichedPatternsFoldable" name="test_prev_foldable" time="0.000" /><testcase classname="oracle.bimodal_logic.tests.test_fold_unfold.TestAllEnrichedPatternsFoldable" name="test_and_foldable" time="0.000" /><testcase classname="oracle.bimodal_logic.tests.test_fold_unfold.TestAllEnrichedPatternsFoldable" name="test_or_foldable" time="0.000" /><testcase classname="oracle.bimodal_logic.tests.test_fold_unfold.TestAllEnrichedPatternsFoldable" name="test_diamond_foldable" time="0.000" /><testcase classname="oracle.bimodal_logic.tests.test_fold_unfold.TestAllEnrichedPatternsFoldable" name="test_some_future_foldable" time="0.000" /><testcase classname="oracle.bimodal_logic.tests.test_fold_unfold.TestAllEnrichedPatternsFoldable" name="test_some_past_foldable" time="0.000" /><testcase classname="oracle.bimodal_logic.tests.test_fold_unfold.TestAllEnrichedPatternsFoldable" name="test_all_future_foldable" time="0.000" /><testcase classname="oracle.bimodal_logic.tests.test_fold_unfold.TestAllEnrichedPatternsFoldable" name="test_all_past_foldable" time="0.000" /><testcase classname="oracle.bimodal_logic.tests.test_frame_class_declaration.TestFrameClassDeclarationConsistency" name="test_base_means_taskframe_axioms_not_frameclassbase" time="0.000" /><testcase classname="oracle.bimodal_logic.tests.test_json_translation.TestJsonToPrefixPrimitives" name="test_atom_translation" time="0.000" /><testcase classname="oracle.bimodal_logic.tests.test_json_translation.TestJsonToPrefixPrimitives" name="test_atom_translation_different_name" time="0.000" /><testcase classname="oracle.bimodal_logic.tests.test_json_translation.TestJsonToPrefixPrimitives" name="test_bot_translation" time="0.000" /><testcase classname="oracle.bimodal_logic.tests.test_json_translation.TestJsonToPrefixPrimitives" name="test_imp_translation" time="0.000" /><testcase classname="oracle.bimodal_logic.tests.test_json_translation.TestJsonToPrefixPrimitives" name="test_box_translation" time="0.000" /><testcase classname="oracle.bimodal_logic.tests.test_json_translation.TestJsonToPrefixPrimitives" name="test_untl_translation" time="0.000" /><testcase classname="oracle.bimodal_logic.tests.test_json_translation.TestJsonToPrefixPrimitives" name="test_snce_translation" time="0.000" /><testcase classname="oracle.bimodal_logic.tests.test_json_translation.TestJsonToPrefixPrimitives" name="test_imp_with_bot_left" time="0.000" /><testcase classname="oracle.bimodal_logic.tests.test_cross_oracle_differential.TestBimodalHarnessIntegration" name="test_bh_z3_oracle_available" time="0.001" /><testcase classname="oracle.bimodal_logic.tests.test_json_translation.TestJsonToPrefixPrimitives" name="test_box_with_bot" time="0.000" /><testcase classname="oracle.bimodal_logic.tests.test_json_translation.TestJsonToPrefixPrimitives" name="test_untl_with_bot_guard" time="0.000" /><testcase classname="oracle.bimodal_logic.tests.test_cross_oracle_differential.TestBimodalHarnessIntegration" name="test_temporal_only_agreement_complexity_3" time="37.165"><skipped type="pytest.xfail" message="Root-caused (task 122): only 1 of the actual 7 disagreements at complexity&lt;=3 is the single _KNOWN_MC_EDGE_CASES entry this test already excludes (untl(bot, bot)); the other 6 are the same untl/snce+bot solver-timeout-conflated-with-UNSAT pattern documented on test_known_invalid_return_countermodel above (Z3OracleProvider.find_countermodel returns None for both a proven-UNSAT and a timed-out solve; provider.py's own docstring documents the bounded-domain oracle as conservative/incomplete). This class only runs when BimodalHarness is present on the path (setup_method skips otherwise, e.g. in CI), so the divergence was previously undetected. See baselines/differential-disposition.md for the full formula-by-formula analysis." /></testcase><testcase classname="oracle.bimodal_logic.tests.test_json_translation.TestJsonToPrefixEnriched" name="test_neg_translation" time="0.000" /><testcase classname="oracle.bimodal_logic.tests.test_json_translation.TestJsonToPrefixEnriched" name="test_top_translation" time="0.000" /><testcase classname="oracle.bimodal_logic.tests.test_json_translation.TestJsonToPrefixEnriched" name="test_and_translation" time="0.000" /><testcase classname="oracle.bimodal_logic.tests.test_json_translation.TestJsonToPrefixEnriched" name="test_or_translation" time="0.000" /><testcase classname="oracle.bimodal_logic.tests.test_json_translation.TestJsonToPrefixEnriched" name="test_diamond_translation" time="0.000" /><testcase classname="oracle.bimodal_logic.tests.test_json_translation.TestJsonToPrefixEnriched" name="test_next_translation" time="0.000" /><testcase classname="oracle.bimodal_logic.tests.test_json_translation.TestJsonToPrefixEnriched" name="test_prev_translation" time="0.000" /><testcase classname="oracle.bimodal_logic.tests.test_json_translation.TestJsonToPrefixEnriched" name="test_some_future_translation" time="0.000" /><testcase classname="oracle.bimodal_logic.tests.test_json_translation.TestJsonToPrefixEnriched" name="test_some_past_translation" time="0.000" /><testcase classname="oracle.bimodal_logic.tests.test_json_translation.TestJsonToPrefixEnriched" name="test_all_future_translation" time="0.000" /><testcase classname="oracle.bimodal_logic.tests.test_json_translation.TestJsonToPrefixEnriched" name="test_all_past_translation" time="0.000" /><testcase classname="oracle.bimodal_logic.tests.test_json_translation.TestJsonToPrefixEnriched" name="test_neg_with_bot" time="0.000" /><testcase classname="oracle.bimodal_logic.tests.test_boundary_regression.TestBoundaryDocumentation" name="test_theorem_conjunction_to_disjunction" time="0.123" /><testcase classname="oracle.bimodal_logic.tests.test_json_translation.TestJsonToPrefixEnriched" name="test_and_with_top" time="0.000" /><testcase classname="oracle.bimodal_logic.tests.test_json_translation.TestJsonToPrefixNested" name="test_nested_neg_next" time="0.000" /><testcase classname="oracle.bimodal_logic.tests.test_json_translation.TestJsonToPrefixNested" name="test_nested_binary" time="0.000" /><testcase classname="oracle.bimodal_logic.tests.test_json_translation.TestJsonToPrefixNested" name="test_deeply_nested" time="0.000" /><testcase classname="oracle.bimodal_logic.tests.test_json_translation.TestJsonToPrefixNested" name="test_nested_temporal_untl_in_box" time="0.000" /><testcase classname="oracle.bimodal_logic.tests.test_json_translation.TestJsonToPrefixNested" name="test_nested_imp_in_next" time="0.000" /><testcase classname="oracle.bimodal_logic.tests.test_json_translation.TestJsonToPrefixNested" name="test_nested_snce_bot" time="0.000" /><testcase classname="oracle.bimodal_logic.tests.test_json_translation.TestJsonToPrefixNested" name="test_double_negation" time="0.000" /><testcase classname="oracle.bimodal_logic.tests.test_json_translation.TestJsonToPrefixErrors" name="test_unknown_tag_raises_value_error" time="0.000" /><testcase classname="oracle.bimodal_logic.tests.test_json_translation.TestJsonToPrefixErrors" name="test_missing_tag_raises" time="0.000" /><testcase classname="oracle.bimodal_logic.tests.test_json_translation.TestJsonToPrefixErrors" name="test_missing_name_in_atom_raises" time="0.000" /><testcase classname="oracle.bimodal_logic.tests.test_json_translation.TestJsonToPrefixErrors" name="test_missing_left_in_imp_raises" time="0.000" /><testcase classname="oracle.bimodal_logic.tests.test_json_translation.TestJsonToPrefixErrors" name="test_missing_right_in_imp_raises" time="0.000" /><testcase classname="oracle.bimodal_logic.tests.test_json_translation.TestJsonToPrefixErrors" name="test_missing_child_in_box_raises" time="0.000" /><testcase classname="oracle.bimodal_logic.tests.test_json_translation.TestJsonToPrefixErrors" name="test_missing_event_in_untl_raises" time="0.000" /><testcase classname="oracle.bimodal_logic.tests.test_json_translation.TestJsonToPrefixErrors" name="test_missing_guard_in_untl_raises" time="0.000" /><testcase classname="oracle.bimodal_logic.tests.test_json_translation.TestJsonToPrefixErrors" name="test_missing_arg_in_neg_raises" time="0.000" /><testcase classname="oracle.bimodal_logic.tests.test_json_translation.TestTemporalDepth" name="test_atom_depth_is_zero" time="0.000" /><testcase classname="oracle.bimodal_logic.tests.test_json_translation.TestTemporalDepth" name="test_bot_depth_is_zero" time="0.000" /><testcase classname="oracle.bimodal_logic.tests.test_json_translation.TestTemporalDepth" name="test_top_depth_is_zero" time="0.000" /><testcase classname="oracle.bimodal_logic.tests.test_json_translation.TestTemporalDepth" name="test_neg_atom_depth_is_zero" time="0.000" /><testcase classname="oracle.bimodal_logic.tests.test_json_translation.TestTemporalDepth" name="test_imp_atoms_depth_is_zero" time="0.000" /><testcase classname="oracle.bimodal_logic.tests.test_json_translation.TestTemporalDepth" name="test_and_atoms_depth_is_zero" time="0.000" /><testcase classname="oracle.bimodal_logic.tests.test_json_translation.TestTemporalDepth" name="test_or_atoms_depth_is_zero" time="0.000" /><testcase classname="oracle.bimodal_logic.tests.test_json_translation.TestTemporalDepth" name="test_box_atom_depth_is_zero" time="0.000" /><testcase classname="oracle.bimodal_logic.tests.test_json_translation.TestTemporalDepth" name="test_diamond_atom_depth_is_zero" time="0.000" /><testcase classname="oracle.bimodal_logic.tests.test_json_translation.TestTemporalDepth" name="test_untl_atoms_depth_is_one" time="0.000" /><testcase classname="oracle.bimodal_logic.tests.test_json_translation.TestTemporalDepth" name="test_snce_atoms_depth_is_one" time="0.000" /><testcase classname="oracle.bimodal_logic.tests.test_json_translation.TestTemporalDepth" name="test_next_atom_depth_is_one" time="0.000" /><testcase classname="oracle.bimodal_logic.tests.test_json_translation.TestTemporalDepth" name="test_prev_atom_depth_is_one" time="0.000" /><testcase classname="oracle.bimodal_logic.tests.test_json_translation.TestTemporalDepth" name="test_some_future_atom_depth_is_one" time="0.000" /><testcase classname="oracle.bimodal_logic.tests.test_json_translation.TestTemporalDepth" name="test_some_past_atom_depth_is_one" time="0.000" /><testcase classname="oracle.bimodal_logic.tests.test_json_translation.TestTemporalDepth" name="test_all_future_atom_depth_is_one" time="0.000" /><testcase classname="oracle.bimodal_logic.tests.test_json_translation.TestTemporalDepth" name="test_all_past_atom_depth_is_one" time="0.000" /><testcase classname="oracle.bimodal_logic.tests.test_json_translation.TestTemporalDepth" name="test_next_untl_depth_is_two" time="0.000" /><testcase classname="oracle.bimodal_logic.tests.test_json_translation.TestTemporalDepth" name="test_untl_next_depth_is_two" time="0.000" /><testcase classname="oracle.bimodal_logic.tests.test_json_translation.TestTemporalDepth" name="test_box_next_depth_is_one" time="0.000" /><testcase classname="oracle.bimodal_logic.tests.test_json_translation.TestTemporalDepth" name="test_next_box_depth_is_one" time="0.000" /><testcase classname="oracle.bimodal_logic.tests.test_json_translation.TestTemporalDepth" name="test_neg_next_depth_is_one" time="0.000" /><testcase classname="oracle.bimodal_logic.tests.test_json_translation.TestTemporalDepth" name="test_imp_next_atom_depth_is_one" time="0.000" /><testcase classname="oracle.bimodal_logic.tests.test_json_translation.TestTemporalDepth" name="test_imp_max_depth" time="0.000" /><testcase classname="oracle.bimodal_logic.tests.test_json_translation.TestTemporalDepth" name="test_depth_three" time="0.000" /><testcase classname="oracle.bimodal_logic.tests.test_json_translation.TestSentenceFromPrefix" name="test_from_prefix_creates_sentence" time="0.000" /><testcase classname="oracle.bimodal_logic.tests.test_json_translation.TestSentenceFromPrefix" name="test_from_prefix_atom_preserves_prefix_list" time="0.000" /><testcase classname="oracle.bimodal_logic.tests.test_json_translation.TestSentenceFromPrefix" name="test_from_prefix_unary_preserves_prefix_list" time="0.000" /><testcase classname="oracle.bimodal_logic.tests.test_json_translation.TestSentenceFromPrefix" name="test_from_prefix_binary_preserves_prefix_list" time="0.000" /><testcase classname="oracle.bimodal_logic.tests.test_json_translation.TestSentenceFromPrefix" name="test_from_prefix_atom_sets_name" time="0.000" /><testcase classname="oracle.bimodal_logic.tests.test_json_translation.TestSentenceFromPrefix" name="test_from_prefix_unary_sets_name" time="0.000" /><testcase classname="oracle.bimodal_logic.tests.test_json_translation.TestSentenceFromPrefix" name="test_from_prefix_binary_sets_name" time="0.000" /><testcase classname="oracle.bimodal_logic.tests.test_json_translation.TestSentenceFromPrefix" name="test_from_prefix_sets_complexity_zero_for_atom" time="0.000" /><testcase classname="oracle.bimodal_logic.tests.test_json_translation.TestSentenceFromPrefix" name="test_from_prefix_sets_complexity_one_for_unary" time="0.000" /><testcase classname="oracle.bimodal_logic.tests.test_json_translation.TestSentenceFromPrefix" name="test_from_prefix_sets_complexity_two_for_nested" time="0.000" /><testcase classname="oracle.bimodal_logic.tests.test_json_translation.TestSentenceFromPrefix" name="test_from_prefix_atom_has_no_operator" time="0.000" /><testcase classname="oracle.bimodal_logic.tests.test_json_translation.TestSentenceFromPrefix" name="test_from_prefix_unary_has_operator" time="0.000" /><testcase classname="oracle.bimodal_logic.tests.test_json_translation.TestSentenceFromPrefix" name="test_from_prefix_binary_has_operator" time="0.000" /><testcase classname="oracle.bimodal_logic.tests.test_json_translation.TestSentenceFromPrefix" name="test_from_prefix_atom_has_no_arguments" time="0.000" /><testcase classname="oracle.bimodal_logic.tests.test_json_translation.TestSentenceFromPrefix" name="test_from_prefix_unary_has_arguments" time="0.000" /><testcase classname="oracle.bimodal_logic.tests.test_json_translation.TestSentenceFromPrefix" name="test_from_prefix_binary_has_two_arguments" time="0.000" /><testcase classname="oracle.bimodal_logic.tests.test_json_translation.TestSentenceFromPrefix" name="test_from_prefix_nullary_operator_bot" time="0.000" /><testcase classname="oracle.bimodal_logic.tests.test_json_translation.TestSentenceFromPrefix" name="test_from_prefix_temporal_next" time="0.000" /><testcase classname="oracle.bimodal_logic.tests.test_json_translation.TestSyntaxIntegration" name="test_prefix_to_infix_round_trip_atom" time="0.002" /><testcase classname="oracle.bimodal_logic.tests.test_json_translation.TestSyntaxIntegration" name="test_prefix_to_infix_round_trip_neg" time="0.001" /><testcase classname="oracle.bimodal_logic.tests.test_json_translation.TestSyntaxIntegration" name="test_prefix_to_infix_round_trip_binary" time="0.001" /><testcase classname="oracle.bimodal_logic.tests.test_json_translation.TestSyntaxIntegration" name="test_syntax_with_enriched_operator_next" time="0.001" /><testcase classname="oracle.bimodal_logic.tests.test_json_translation.TestSyntaxIntegration" name="test_syntax_with_enriched_operator_diamond" time="0.001" /><testcase classname="oracle.bimodal_logic.tests.test_json_translation.TestSyntaxIntegration" name="test_syntax_with_all_future" time="0.001" /><testcase classname="oracle.bimodal_logic.tests.test_json_translation.TestSyntaxIntegration" name="test_update_types_works_with_from_prefix" time="0.000" /><testcase classname="oracle.bimodal_logic.tests.test_json_translation.TestSyntaxIntegration" name="test_prefix_to_infix_consistency_with_sentence_infix" time="0.000" /><testcase classname="oracle.bimodal_logic.tests.test_json_translation.TestEnrichedEquivalence" name="test_neg_equivalence" time="0.146" /><testcase classname="oracle.bimodal_logic.tests.test_boundary_regression.TestBoundaryDocumentation" name="test_theorem_tn_th2_at_boundary_safe_m" time="0.122" /><testcase classname="oracle.bimodal_logic.tests.test_json_translation.TestEnrichedEquivalence" name="test_top_equivalence" time="0.147" /><testcase classname="oracle.bimodal_logic.tests.test_boundary_regression.TestBoundaryDocumentation" name="test_countermodel_bm_cm4_at_example_settings" time="3.041" /><testcase classname="oracle.bimodal_logic.tests.test_boundary_regression.TestExampleRegression" name="test_regression_all_active_examples[BM_CM_4-example_case9]" time="3.435" /><testcase classname="oracle.bimodal_logic.tests.test_json_translation.TestEnrichedEquivalence" name="test_and_equivalence" time="0.104" /><testcase classname="oracle.bimodal_logic.tests.test_json_translation.TestEnrichedEquivalence" name="test_or_equivalence" time="0.108" /><testcase classname="oracle.bimodal_logic.tests.test_cross_oracle_differential.TestKnownFormulaBaseline" name="test_known_invalid_return_countermodel" time="50.697"><skipped type="pytest.xfail" message="Root-caused (task 122): 9/42 _KNOWN_INVALID_JSON formulas are untl/snce combinations involving 'bot' as the event or guard operand (e.g. untl(atom(A), bot), snce(atom(A), bot)). Z3OracleProvider.find_countermodel() returns None both when Z3 proves UNSAT (valid) and when the solver times out (structure.timeout is conflated with 'no countermodel' -- see provider.py:255). Direct BimodalSemantics probing at the oracle's default N=2, M=max(depth+2,3), 5s timeout confirms these formulas hit structure.timeout=True rather than a genuine UNSAT proof; some resolve if given 10-30s instead of the default 5s (e.g. snce(bot, bot) resolves at 10s), others still time out at 30s. This is the bounded/conservative-oracle behavior provider.py's module docstring already documents ('UNSAT results from Z3 are conservative, not complete for the unbounded theory') extended to solver timeouts. Raising the default timeout is out of scope: these are exactly the untl/snce+bot formulas that are already the dominant wall-clock cost of this suite (695s for 5 targeted tests), and widening it would multiply that cost suite-wide for a bounded-solver limitation, not a translation or harness defect. See baselines/differential-disposition.md." /></testcase><testcase classname="oracle.bimodal_logic.tests.test_json_translation.TestEnrichedEquivalence" name="test_diamond_equivalence" time="0.110" /><testcase classname="oracle.bimodal_logic.tests.test_json_translation.TestEnrichedEquivalence" name="test_next_equivalence" time="0.111" /><testcase classname="oracle.bimodal_logic.tests.test_json_translation.TestEnrichedEquivalence" name="test_prev_equivalence" time="0.110" /><testcase classname="oracle.bimodal_logic.tests.test_json_translation.TestEnrichedEquivalence" name="test_some_future_equivalence" time="0.106" /><testcase classname="oracle.bimodal_logic.tests.test_json_translation.TestEnrichedEquivalence" name="test_some_past_equivalence" time="0.093" /><testcase classname="oracle.bimodal_logic.tests.test_json_translation.TestEnrichedEquivalence" name="test_all_future_self_equivalence" time="0.081" /><testcase classname="oracle.bimodal_logic.tests.test_json_translation.TestEnrichedEquivalence" name="test_all_past_self_equivalence" time="0.092" /><testcase classname="oracle.bimodal_logic.tests.test_json_translation.TestJsonToZ3Pipeline" name="test_json_atom_through_pipeline" time="0.001" /><testcase classname="oracle.bimodal_logic.tests.test_json_translation.TestJsonToZ3Pipeline" name="test_json_compound_neg_through_pipeline" time="0.000" /><testcase classname="oracle.bimodal_logic.tests.test_json_translation.TestJsonToZ3Pipeline" name="test_json_temporal_depth_matches_prefix_complexity" time="0.000" /><testcase classname="oracle.bimodal_logic.tests.test_json_translation.TestJsonToZ3Pipeline" name="test_json_nested_formula_through_pipeline" time="0.000" /><testcase classname="oracle.bimodal_logic.tests.test_json_translation.TestJsonToZ3Pipeline" name="test_all_17_tags_produce_valid_infix" time="0.003" /><testcase classname="oracle.bimodal_logic.tests.test_oracle_interface.TestOracleProtocolCompliance" name="test_provider_implements_protocol" time="0.000" /><testcase classname="oracle.bimodal_logic.tests.test_oracle_interface.TestOracleProtocolCompliance" name="test_five_properties_exist" time="0.000" /><testcase classname="oracle.bimodal_logic.tests.test_oracle_interface.TestOracleProtocolCompliance" name="test_find_countermodel_method_exists" time="0.000" /><testcase classname="oracle.bimodal_logic.tests.test_oracle_interface.TestOracleProtocolCompliance" name="test_validate_self_method_exists" time="0.000" /><testcase classname="oracle.bimodal_logic.tests.test_oracle_interface.TestOracleProtocolCompliance" name="test_return_format_sat" time="0.119" /><testcase classname="oracle.bimodal_logic.tests.test_oracle_interface.TestOracleProtocolCompliance" name="test_return_format_unsat" time="0.093" /><testcase classname="oracle.bimodal_logic.tests.test_oracle_interface.TestOracleExampleRegressionViaAPI" name="test_active_example_count" time="0.000" /><testcase classname="oracle.bimodal_logic.tests.test_oracle_interface.TestOracleExampleRegressionViaAPI" name="test_oracle_regression[BM_CM_2]" time="0.494" /><testcase classname="oracle.bimodal_logic.tests.test_oracle_interface.TestOracleExampleRegressionViaAPI" name="test_oracle_regression[BM_TH_3]" time="0.131" /><testcase classname="oracle.bimodal_logic.tests.test_oracle_interface.TestOracleExampleRegressionViaAPI" name="test_oracle_regression[BM_TH_4]" time="0.125" /><testcase classname="oracle.bimodal_logic.tests.test_oracle_interface.TestOracleExampleRegressionViaAPI" name="test_oracle_regression[BX10P_SINCE_P_TH]" time="0.101" /><testcase classname="oracle.bimodal_logic.tests.test_oracle_interface.TestOracleExampleRegressionViaAPI" name="test_oracle_regression[BX10_UNTIL_F_TH]" time="0.096" /><testcase classname="oracle.bimodal_logic.tests.test_oracle_interface.TestOracleExampleRegressionViaAPI" name="test_oracle_regression[BX11P_LIN_P_TH]" time="30.240" /><testcase classname="oracle.bimodal_logic.tests.test_boundary_regression.TestBoundaryDocumentation" name="test_boundary_depth_vs_m_table" time="0.000" /><testcase classname="oracle.bimodal_logic.tests.test_boundary_regression.TestExampleRegression" name="test_regression_all_active_examples[EX_CM_1-example_case0]" time="0.132" /><testcase classname="oracle.bimodal_logic.tests.test_boundary_regression.TestExampleRegression" name="test_regression_all_active_examples[MD_CM_1-example_case1]" time="0.144" /><testcase classname="oracle.bimodal_logic.tests.test_boundary_regression.TestExampleRegression" name="test_regression_all_active_examples[MD_CM_2-example_case2]" time="0.138" /><testcase classname="oracle.bimodal_logic.tests.test_boundary_regression.TestExampleRegression" name="test_regression_all_active_examples[EX_TH_1-example_case10]" time="0.148" /><testcase classname="oracle.bimodal_logic.tests.test_boundary_regression.TestExampleRegression" name="test_regression_all_active_examples[MD_CM_3-example_case3]" time="0.149" /><testcase classname="oracle.bimodal_logic.tests.test_boundary_regression.TestExampleRegression" name="test_regression_all_active_examples[MD_TH_1-example_case11]" time="0.152" /><testcase classname="oracle.bimodal_logic.tests.test_boundary_regression.TestExampleRegression" name="test_regression_all_active_examples[MD_CM_4-example_case4]" time="0.151" /><testcase classname="oracle.bimodal_logic.tests.test_boundary_regression.TestExampleRegression" name="test_regression_all_active_examples[TN_TH_2-example_case12]" time="0.161" /><testcase classname="oracle.bimodal_logic.tests.test_boundary_regression.TestExampleRegression" name="test_regression_all_active_examples[MD_CM_5-example_case5]" time="0.157" /><testcase classname="oracle.bimodal_logic.tests.test_boundary_regression.TestExampleRegression" name="test_regression_all_active_examples[BM_TH_3-example_case13]" time="0.152" /><testcase classname="oracle.bimodal_logic.tests.test_boundary_regression.TestExampleRegression" name="test_regression_all_active_examples[MD_CM_6-example_case6]" time="0.153" /><testcase classname="oracle.bimodal_logic.tests.test_boundary_regression.TestExampleRegression" name="test_regression_all_active_examples[BM_TH_4-example_case14]" time="0.147" /><testcase classname="oracle.bimodal_logic.tests.test_boundary_regression.TestExampleRegression" name="test_regression_all_active_examples[BM_CM_1-example_case7]" time="15.192"><failure message="AssertionError: Regression failure for example 'BM_CM_1': expected=countermodel&#10;assert False">self = &lt;bimodal_logic.tests.test_boundary_regression.TestExampleRegression object at 0x7ffff4237380&gt;
example_name = 'BM_CM_1'
example_case = [['\\Future A'], ['\\Box A'], {'M': 2, 'N': 2, 'contingent': True, 'disjoint': False, ...}]

    @pytest.mark.parametrize("example_name, example_case", regression_examples.items())
    def test_regression_all_active_examples(self, example_name, example_case):
        """Verify each active example produces the correct SAT/UNSAT result.
    
        This test is parametrized so individual failures are clearly identified
        by example name, enabling targeted debugging.
        """
        with isolated_z3_context():
            result = run_test(
                example_case,
                BimodalSemantics,
                BimodalProposition,
                bimodal_operators,
                Syntax,
                ModelConstraints,
                BimodalStructure,
            )
&gt;       assert result, (
            f"Regression failure for example '{example_name}': "
            f"expected={'countermodel' if example_case[2]['expectation'] else 'theorem/no-countermodel'}"
        )
E       AssertionError: Regression failure for example 'BM_CM_1': expected=countermodel
E       assert False

oracle/bimodal_logic/tests/test_boundary_regression.py:464: AssertionError</failure></testcase><testcase classname="oracle.bimodal_logic.tests.test_boundary_regression.TestExampleRegression" name="test_regression_all_active_examples[PROP_K_TH-example_case15]" time="0.131" /><testcase classname="oracle.bimodal_logic.tests.test_boundary_regression.TestExampleRegression" name="test_regression_all_active_examples[PROP_S_TH-example_case16]" time="0.105" /><testcase classname="oracle.bimodal_logic.tests.test_boundary_regression.TestExampleRegression" name="test_regression_all_active_examples[EX_FALSO_TH-example_case17]" time="0.101" /><testcase classname="oracle.bimodal_logic.tests.test_boundary_regression.TestExampleRegression" name="test_regression_all_active_examples[PEIRCE_TH-example_case18]" time="0.107" /><testcase classname="oracle.bimodal_logic.tests.test_boundary_regression.TestExampleRegression" name="test_regression_all_active_examples[MODAL_T_TH-example_case19]" time="0.102" /><testcase classname="oracle.bimodal_logic.tests.test_boundary_regression.TestExampleRegression" name="test_regression_all_active_examples[MODAL_4_TH-example_case20]" time="0.110" /><testcase classname="oracle.bimodal_logic.tests.test_boundary_regression.TestExampleRegression" name="test_regression_all_active_examples[MODAL_B_TH-example_case21]" time="0.107" /><testcase classname="oracle.bimodal_logic.tests.test_boundary_regression.TestExampleRegression" name="test_regression_all_active_examples[MODAL_5_TH-example_case22]" time="0.110" /><testcase classname="oracle.bimodal_logic.tests.test_boundary_regression.TestExampleRegression" name="test_regression_all_active_examples[BX1_SERIAL_F_TH-example_case23]" time="0.158" /><testcase classname="oracle.bimodal_logic.tests.test_boundary_regression.TestExampleRegression" name="test_regression_all_active_examples[BX1P_SERIAL_P_TH-example_case24]" time="0.164" /><testcase classname="oracle.bimodal_logic.tests.test_boundary_regression.TestExampleRegression" name="test_regression_all_active_examples[BX2G_MONO_U_TH-example_case25]" time="0.160" /><testcase classname="oracle.bimodal_logic.tests.test_boundary_regression.TestExampleRegression" name="test_regression_all_active_examples[BX2H_MONO_S_TH-example_case26]" time="0.156" /><testcase classname="oracle.bimodal_logic.tests.test_boundary_regression.TestExampleRegression" name="test_regression_all_active_examples[BX3_MONO_U_TH-example_case27]" time="0.157" /><testcase classname="oracle.bimodal_logic.tests.test_boundary_regression.TestExampleRegression" name="test_regression_all_active_examples[BX3P_MONO_S_TH-example_case28]" time="0.158" /><testcase classname="oracle.bimodal_logic.tests.test_boundary_regression.TestExampleRegression" name="test_regression_all_active_examples[BX4_CONNECT_F_TH-example_case29]" time="0.160" /><testcase classname="oracle.bimodal_logic.tests.test_oracle_interface.TestOracleExampleRegressionViaAPI" name="test_oracle_regression[MD_CM_4]" time="0.191" /><testcase classname="oracle.bimodal_logic.tests.test_oracle_interface.TestOracleExampleRegressionViaAPI" name="test_oracle_regression[MD_CM_5]" time="0.931" /><testcase classname="oracle.bimodal_logic.tests.test_oracle_interface.TestOracleExampleRegressionViaAPI" name="test_oracle_regression[MD_CM_6]" time="0.273" /><testcase classname="oracle.bimodal_logic.tests.test_oracle_interface.TestOracleExampleRegressionViaAPI" name="test_oracle_regression[MD_TH_1]" time="2.439" /><testcase classname="oracle.bimodal_logic.tests.test_oracle_interface.TestOracleExampleRegressionViaAPI" name="test_oracle_regression[MODAL_4_TH]" time="0.109" /><testcase classname="oracle.bimodal_logic.tests.test_oracle_interface.TestOracleExampleRegressionViaAPI" name="test_oracle_regression[MODAL_5_TH]" time="0.107" /><testcase classname="oracle.bimodal_logic.tests.test_oracle_interface.TestOracleExampleRegressionViaAPI" name="test_oracle_regression[MODAL_B_TH]" time="0.103" /><testcase classname="oracle.bimodal_logic.tests.test_oracle_interface.TestOracleExampleRegressionViaAPI" name="test_oracle_regression[MODAL_T_TH]" time="0.103" /><testcase classname="oracle.bimodal_logic.tests.test_oracle_interface.TestOracleExampleRegressionViaAPI" name="test_oracle_regression[PEIRCE_TH]" time="0.101" /><testcase classname="oracle.bimodal_logic.tests.test_oracle_interface.TestOracleExampleRegressionViaAPI" name="test_oracle_regression[PROP_K_TH]" time="0.103" /><testcase classname="oracle.bimodal_logic.tests.test_oracle_interface.TestOracleExampleRegressionViaAPI" name="test_oracle_regression[PROP_S_TH]" time="0.103" /><testcase classname="oracle.bimodal_logic.tests.test_oracle_interface.TestOracleExampleRegressionViaAPI" name="test_oracle_regression[TN_TH_2]" time="30.211" /><testcase classname="oracle.bimodal_logic.tests.test_oracle_interface.TestOracleExampleRegressionViaAPI" name="test_oracle_regression[BX2H_MONO_S_TH]" time="0.170" /><testcase classname="oracle.bimodal_logic.tests.test_oracle_interface.TestOracleExampleRegressionViaAPI" name="test_oracle_regression[BX3P_MONO_S_TH]" time="0.155" /><testcase classname="oracle.bimodal_logic.tests.test_oracle_interface.TestOracleExampleRegressionViaAPI" name="test_oracle_regression[BX3_MONO_U_TH]" time="0.165" /><testcase classname="oracle.bimodal_logic.tests.test_boundary_regression.TestExampleRegression" name="test_regression_all_active_examples[BX11P_LIN_P_TH-example_case40]" time="20.299" /><testcase classname="oracle.bimodal_logic.tests.test_oracle_interface.TestOracleExampleRegressionViaAPI" name="test_oracle_regression[BX4P_CONNECT_P_TH]" time="0.142" /><testcase classname="oracle.bimodal_logic.tests.test_oracle_interface.TestOracleExampleRegressionViaAPI" name="test_oracle_regression[BX4_CONNECT_F_TH]" time="0.141" /><testcase classname="oracle.bimodal_logic.tests.test_oracle_interface.TestOracleExampleRegressionViaAPI" name="test_oracle_regression[BX5P_ACCUM_S_TH]" time="0.145" /><testcase classname="oracle.bimodal_logic.tests.test_oracle_interface.TestOracleExampleRegressionViaAPI" name="test_oracle_regression[BX5_ACCUM_U_TH]" time="0.147" /><testcase classname="oracle.bimodal_logic.tests.test_oracle_interface.TestOracleExampleRegressionViaAPI" name="test_oracle_regression[BX6P_ABSORB_S_TH]" time="0.147" /><testcase classname="oracle.bimodal_logic.tests.test_oracle_interface.TestOracleExampleRegressionViaAPI" name="test_oracle_regression[BX6_ABSORB_U_TH]" time="0.145" /><testcase classname="oracle.bimodal_logic.tests.test_oracle_interface.TestOracleExampleRegressionViaAPI" name="test_oracle_regression[EX_CM_1]" time="0.184" /><testcase classname="oracle.bimodal_logic.tests.test_oracle_interface.TestOracleExampleRegressionViaAPI" name="test_oracle_regression[EX_FALSO_TH]" time="0.145" /><testcase classname="oracle.bimodal_logic.tests.test_oracle_interface.TestOracleExampleRegressionViaAPI" name="test_oracle_regression[EX_TH_1]" time="0.188" /><testcase classname="oracle.bimodal_logic.tests.test_oracle_interface.TestOracleExampleRegressionViaAPI" name="test_oracle_regression[MD_CM_1]" time="0.761" /><testcase classname="oracle.bimodal_logic.tests.test_oracle_interface.TestOracleExampleRegressionViaAPI" name="test_oracle_regression[MD_CM_2]" time="0.182" /><testcase classname="oracle.bimodal_logic.tests.test_oracle_interface.TestOracleExampleRegressionViaAPI" name="test_oracle_regression[MD_CM_3]" time="0.748" /><testcase classname="oracle.bimodal_logic.tests.test_oracle_interface.TestEnrichedRoundTrip" name="test_enriched_vs_primitive_sat_agreement[and]" time="0.285" /><testcase classname="oracle.bimodal_logic.tests.test_oracle_interface.TestEnrichedRoundTrip" name="test_enriched_vs_primitive_sat_agreement[or]" time="0.277" /><testcase classname="oracle.bimodal_logic.tests.test_oracle_interface.TestEnrichedRoundTrip" name="test_enriched_vs_primitive_sat_agreement[diamond]" time="0.281" /><testcase classname="oracle.bimodal_logic.tests.test_oracle_interface.TestEnrichedRoundTrip" name="test_enriched_vs_primitive_sat_agreement[next]" time="120.659" /><testcase classname="oracle.bimodal_logic.tests.test_oracle_interface.TestOracleExampleRegressionViaAPI" name="test_oracle_regression[BX11_LIN_F_TH]" time="30.348" /><testcase classname="oracle.bimodal_logic.tests.test_cross_oracle_differential.TestBimodalHarnessIntegration" name="test_temporal_only_agreement_complexity_5" time="564.993"><skipped type="pytest.xfail" message="Root-caused (task 122): 112 disagreements at complexity&lt;=5 are the same untl/snce+bot solver-timeout-conflated-with-UNSAT pattern documented on test_known_invalid_return_countermodel and test_temporal_only_agreement_complexity_3 above -- the larger complexity-5 search space contains many more untl/snce formulas with a 'bot' event or guard operand, each individually timing out at the oracle's default 5s window. This class only runs when BimodalHarness is present on the path (setup_method skips otherwise, e.g. in CI). See baselines/differential-disposition.md." /></testcase><testcase classname="oracle.bimodal_logic.tests.test_boundary_regression.TestExampleRegression" name="test_regression_all_active_examples[BX13_ENRICH_U_TH-example_case41]" time="0.190" /><testcase classname="oracle.bimodal_logic.tests.test_boundary_regression.TestExampleRegression" name="test_regression_all_active_examples[BX13P_ENRICH_S_TH-example_case42]" time="0.156" /><testcase classname="oracle.bimodal_logic.tests.test_boundary_regression.TestExampleRegression" name="test_active_example_count" time="0.000" /><testcase classname="oracle.bimodal_logic.tests.test_boundary_regression.TestExampleRegression" name="test_countermodel_examples_all_active" time="0.000" /><testcase classname="oracle.bimodal_logic.tests.test_boundary_regression.TestExampleRegression" name="test_theorem_examples_all_active" time="0.000" /><testcase classname="oracle.bimodal_logic.tests.test_boundary_regression.TestTemporalDepthAllTags" name="test_all_17_tags_coverage" time="0.000" /><testcase classname="oracle.bimodal_logic.tests.test_boundary_regression.TestTemporalDepthAllTags" name="test_nested_temporal_tags_depth" time="0.000" /><testcase classname="oracle.bimodal_logic.tests.test_boundary_regression.TestTemporalDepthAllTags" name="test_boundary_safe_m_for_common_formulas" time="0.000" /><testcase classname="oracle.bimodal_logic.tests.test_cli.TestCLIImport" name="test_cli_module_importable" time="0.001" /><testcase classname="oracle.bimodal_logic.tests.test_cli.TestCLIImport" name="test_run_function_exists" time="0.000" /><testcase classname="oracle.bimodal_logic.tests.test_cli.TestCLIImport" name="test_main_function_exists" time="0.000" /><testcase classname="oracle.bimodal_logic.tests.test_oracle_interface.TestEnrichedRoundTrip" name="test_temporal_depth_identical[diamond]" time="0.001" /><testcase classname="oracle.bimodal_logic.tests.test_oracle_interface.TestEnrichedRoundTrip" name="test_temporal_depth_identical[next]" time="0.000" /><testcase classname="oracle.bimodal_logic.tests.test_oracle_interface.TestEnrichedRoundTrip" name="test_temporal_depth_identical[prev]" time="0.001" /><testcase classname="oracle.bimodal_logic.tests.test_oracle_interface.TestEnrichedRoundTrip" name="test_temporal_depth_identical[some_future]" time="0.000" /><testcase classname="oracle.bimodal_logic.tests.test_oracle_interface.TestEnrichedRoundTrip" name="test_temporal_depth_identical[some_past]" time="0.001" /><testcase classname="oracle.bimodal_logic.tests.test_oracle_interface.TestEnrichedRoundTrip" name="test_temporal_depth_identical[all_future]" time="0.001" /><testcase classname="oracle.bimodal_logic.tests.test_oracle_interface.TestEnrichedRoundTrip" name="test_temporal_depth_identical[all_past]" time="0.000" /><testcase classname="oracle.bimodal_logic.tests.test_oracle_interface.TestEnrichedRoundTrip" name="test_formula_folded_json_present_all_sat[neg]" time="0.184" /><testcase classname="oracle.bimodal_logic.tests.test_oracle_interface.TestEnrichedRoundTrip" name="test_formula_folded_json_present_all_sat[top]" time="0.173" /><testcase classname="oracle.bimodal_logic.tests.test_oracle_interface.TestEnrichedRoundTrip" name="test_formula_folded_json_present_all_sat[and]" time="0.182" /><testcase classname="oracle.bimodal_logic.tests.test_oracle_interface.TestEnrichedRoundTrip" name="test_formula_folded_json_present_all_sat[or]" time="0.190" /><testcase classname="oracle.bimodal_logic.tests.test_oracle_interface.TestEnrichedRoundTrip" name="test_enriched_vs_primitive_sat_agreement[neg]" time="0.297" /><testcase classname="oracle.bimodal_logic.tests.test_oracle_interface.TestEnrichedRoundTrip" name="test_formula_folded_json_present_all_sat[diamond]" time="0.178" /><testcase classname="oracle.bimodal_logic.tests.test_oracle_interface.TestEnrichedRoundTrip" name="test_formula_folded_json_present_all_sat[next]" time="30.236" /><testcase classname="oracle.bimodal_logic.tests.test_oracle_interface.TestEnrichedRoundTrip" name="test_enriched_vs_primitive_sat_agreement[top]" time="0.264" /><testcase classname="oracle.bimodal_logic.tests.test_oracle_interface.TestEnrichedRoundTrip" name="test_formula_folded_json_present_all_sat[some_future]" time="2.061" /><testcase classname="oracle.bimodal_logic.tests.test_oracle_interface.TestEnrichedRoundTrip" name="test_formula_folded_json_present_all_sat[some_past]" time="28.796" /><testcase classname="oracle.bimodal_logic.tests.test_cross_oracle_differential.TestKnownFormulaBaseline" name="test_baseline_tautology_coverage" time="0.001" /><testcase classname="oracle.bimodal_logic.tests.test_cross_oracle_differential.TestKnownFormulaBaseline" name="test_baseline_invalid_coverage" time="0.000" /><testcase classname="oracle.bimodal_logic.tests.test_cross_oracle_differential.TestDifferentialComparison" name="test_comparison_record_structure" time="0.177" /><testcase classname="oracle.bimodal_logic.tests.test_cross_oracle_differential.TestDifferentialComparison" name="test_agreement_on_known_tautology" time="0.138" /><testcase classname="oracle.bimodal_logic.tests.test_cross_oracle_differential.TestDifferentialComparison" name="test_agreement_on_known_invalid" time="0.178" /><testcase classname="oracle.bimodal_logic.tests.test_cross_oracle_differential.TestDifferentialComparison" name="test_disagreement_detected" time="0.174" /><testcase classname="oracle.bimodal_logic.tests.test_cross_oracle_differential.TestDifferentialComparison" name="test_mc_result_is_valid_enum" time="0.181" /><testcase classname="oracle.bimodal_logic.tests.test_cross_oracle_differential.TestCIGate" name="test_temporal_only_self_consistency" time="88.902" /><testcase classname="oracle.bimodal_logic.tests.test_oracle_interface.TestOracleExampleRegressionViaAPI" name="test_oracle_regression[BX12P_P_SINCE_TH]" time="0.187" /><testcase classname="oracle.bimodal_logic.tests.test_oracle_interface.TestOracleExampleRegressionViaAPI" name="test_oracle_regression[BX12_F_UNTIL_TH]" time="0.121" /><testcase classname="oracle.bimodal_logic.tests.test_oracle_interface.TestOracleExampleRegressionViaAPI" name="test_oracle_regression[BX13P_ENRICH_S_TH]" time="0.147" /><testcase classname="oracle.bimodal_logic.tests.test_oracle_interface.TestOracleExampleRegressionViaAPI" name="test_oracle_regression[BX13_ENRICH_U_TH]" time="0.151" /><testcase classname="oracle.bimodal_logic.tests.test_oracle_interface.TestOracleExampleRegressionViaAPI" name="test_oracle_regression[BX1P_SERIAL_P_TH]" time="0.148" /><testcase classname="oracle.bimodal_logic.tests.test_oracle_interface.TestOracleExampleRegressionViaAPI" name="test_oracle_regression[BX1_SERIAL_F_TH]" time="0.143" /><testcase classname="oracle.bimodal_logic.tests.test_oracle_interface.TestOracleExampleRegressionViaAPI" name="test_oracle_regression[BX2G_MONO_U_TH]" time="0.147" /><testcase classname="oracle.bimodal_logic.tests.test_oracle_interface.TestSpotCheckCrossSignal" name="test_validate_self_temporal_only" time="5.178" /><testcase classname="oracle.bimodal_logic.tests.test_oracle_interface.TestSpotCheckCrossSignal" name="test_validate_self_all_formulas" time="0.598" /><testcase classname="oracle.bimodal_logic.tests.test_oracle_interface.TestSpotCheckCrossSignal" name="test_spot_check_individual_countermodels" time="243.032" /><testcase classname="oracle.bimodal_logic.tests.test_oracle_interface.TestEnrichedRoundTrip" name="test_formula_folded_json_present_all_sat[prev]" time="19.511" /><testcase classname="oracle.bimodal_logic.tests.test_oracle_interface.TestEnrichedRoundTrip" name="test_formula_folded_json_present_all_sat[all_future]" time="30.689" /><testcase classname="oracle.bimodal_logic.tests.test_oracle_interface.TestEdgeCases" name="test_unsupported_frame_class_dense" time="0.000" /><testcase classname="oracle.bimodal_logic.tests.test_oracle_interface.TestEdgeCases" name="test_unsupported_frame_class_arbitrary" time="0.000" /><testcase classname="oracle.bimodal_logic.tests.test_oracle_interface.TestEdgeCases" name="test_malformed_formula_missing_tag" time="0.000" /><testcase classname="oracle.bimodal_logic.tests.test_oracle_interface.TestEdgeCases" name="test_malformed_formula_unknown_tag" time="0.000" /><testcase classname="oracle.bimodal_logic.tests.test_oracle_interface.TestEdgeCases" name="test_malformed_formula_missing_fields" time="0.000" /><testcase classname="oracle.bimodal_logic.tests.test_oracle_interface.TestEntryPointDiscovery" name="test_entry_point_registered" time="0.002"><skipped type="pytest.xfail" message="Root-caused (task 122): oracle/ has no packaging metadata anywhere in the tree (no pyproject.toml, setup.cfg, or setup.py under oracle/) and is never pip-installed -- it is deliberately consumed only via PYTHONPATH, per task 118's relocation of the oracle out of the shipped package. Since no package declares the 'bimodal_harness.oracle_providers' entry-point group, importlib.metadata.entry_points(group=...) is unconditionally empty in this deployment model, deterministically, on every run (confirmed via an isolated -n 0 rerun with BimodalHarness explicitly on the path: reproduces identically, not xdist- or timing-sensitive). Adding full packaging + editable-install machinery to oracle/ to satisfy these tests would reverse task 118's explicit decision to keep the oracle unpacked and is out of scope for root-causing the differential failures / establishing the green gate. See baselines/oracle-suite-disposition.md." /></testcase><testcase classname="oracle.bimodal_logic.tests.test_oracle_interface.TestEntryPointDiscovery" name="test_entry_point_loads_correct_class" time="0.002"><skipped type="pytest.xfail" message="Root-caused (task 122): oracle/ has no packaging metadata anywhere in the tree (no pyproject.toml, setup.cfg, or setup.py under oracle/) and is never pip-installed -- it is deliberately consumed only via PYTHONPATH, per task 118's relocation of the oracle out of the shipped package. Since no package declares the 'bimodal_harness.oracle_providers' entry-point group, importlib.metadata.entry_points(group=...) is unconditionally empty in this deployment model, deterministically, on every run (confirmed via an isolated -n 0 rerun with BimodalHarness explicitly on the path: reproduces identically, not xdist- or timing-sensitive). Adding full packaging + editable-install machinery to oracle/ to satisfy these tests would reverse task 118's explicit decision to keep the oracle unpacked and is out of scope for root-causing the differential failures / establishing the green gate. See baselines/oracle-suite-disposition.md." /></testcase><testcase classname="oracle.bimodal_logic.tests.test_oracle_interface.TestEntryPointDiscovery" name="test_oracle_registry_discover" time="0.002"><skipped type="pytest.xfail" message="Root-caused (task 122): oracle/ has no packaging metadata anywhere in the tree (no pyproject.toml, setup.cfg, or setup.py under oracle/) and is never pip-installed -- it is deliberately consumed only via PYTHONPATH, per task 118's relocation of the oracle out of the shipped package. Since no package declares the 'bimodal_harness.oracle_providers' entry-point group, importlib.metadata.entry_points(group=...) is unconditionally empty in this deployment model, deterministically, on every run (confirmed via an isolated -n 0 rerun with BimodalHarness explicitly on the path: reproduces identically, not xdist- or timing-sensitive). Adding full packaging + editable-install machinery to oracle/ to satisfy these tests would reverse task 118's explicit decision to keep the oracle unpacked and is out of scope for root-causing the differential failures / establishing the green gate. See baselines/oracle-suite-disposition.md." /></testcase><testcase classname="oracle.bimodal_logic.tests.test_oracle_interface.TestEntryPointDiscovery" name="test_discovered_provider_is_correct_type" time="0.002"><skipped type="pytest.xfail" message="Root-caused (task 122): oracle/ has no packaging metadata anywhere in the tree (no pyproject.toml, setup.cfg, or setup.py under oracle/) and is never pip-installed -- it is deliberately consumed only via PYTHONPATH, per task 118's relocation of the oracle out of the shipped package. Since no package declares the 'bimodal_harness.oracle_providers' entry-point group, importlib.metadata.entry_points(group=...) is unconditionally empty in this deployment model, deterministically, on every run (confirmed via an isolated -n 0 rerun with BimodalHarness explicitly on the path: reproduces identically, not xdist- or timing-sensitive). Adding full packaging + editable-install machinery to oracle/ to satisfy these tests would reverse task 118's explicit decision to keep the oracle unpacked and is out of scope for root-causing the differential failures / establishing the green gate. See baselines/oracle-suite-disposition.md." /></testcase><testcase classname="oracle.bimodal_logic.tests.test_oracle_interface.TestZ3IsolationStress" name="test_150_sequential_mixed_calls" time="19.908" /><testcase classname="oracle.bimodal_logic.tests.test_oracle_interface.TestEnrichedRoundTrip" name="test_formula_folded_json_present_all_sat[all_past]" time="3.403" /><testcase classname="oracle.bimodal_logic.tests.test_oracle_interface.TestEnrichedRoundTrip" name="test_formula_folded_json_uses_enriched_tags" time="0.176" /><testcase classname="oracle.bimodal_logic.tests.test_oracle_interface.TestMixedFormulas" name="test_mixed_and_neg_some_future" time="28.042" /><testcase classname="oracle.bimodal_logic.tests.test_oracle_interface.TestZ3IsolationStress" name="test_memory_growth_bounded" time="47.018" /><testcase classname="oracle.bimodal_logic.tests.test_oracle_interface.TestMixedFormulas" name="test_mixed_and_box_next" time="32.171" /><testcase classname="oracle.bimodal_logic.tests.test_cross_oracle_differential.TestCIGate" name="test_differential_report_generation" time="14.975" /><testcase classname="oracle.bimodal_logic.tests.test_oracle_interface.TestEnrichedRoundTrip" name="test_enriched_vs_primitive_sat_agreement[prev]" time="39.579" /><testcase classname="oracle.bimodal_logic.tests.test_cross_oracle_differential.TestCIGate" name="test_json_report_is_valid" time="0.547" /><testcase classname="oracle.bimodal_logic.tests.test_fold_unfold.TestUnfoldFormula" name="test_atom_passthrough" time="0.000" /><testcase classname="oracle.bimodal_logic.tests.test_fold_unfold.TestUnfoldFormula" name="test_bot_passthrough" time="0.000" /><testcase classname="oracle.bimodal_logic.tests.test_fold_unfold.TestUnfoldFormula" name="test_imp_passthrough_atoms" time="0.000" /><testcase classname="oracle.bimodal_logic.tests.test_fold_unfold.TestUnfoldFormula" name="test_box_passthrough_atom" time="0.000" /><testcase classname="oracle.bimodal_logic.tests.test_fold_unfold.TestUnfoldFormula" name="test_untl_passthrough_atoms" time="0.000" /><testcase classname="oracle.bimodal_logic.tests.test_fold_unfold.TestUnfoldFormula" name="test_snce_passthrough_atoms" time="0.000" /><testcase classname="oracle.bimodal_logic.tests.test_fold_unfold.TestUnfoldFormula" name="test_neg_expands_to_imp_bot" time="0.000" /><testcase classname="oracle.bimodal_logic.tests.test_fold_unfold.TestUnfoldFormula" name="test_top_expands_to_imp_bot_bot" time="0.000" /><testcase classname="oracle.bimodal_logic.tests.test_fold_unfold.TestUnfoldFormula" name="test_next_expands_to_untl_bot" time="0.000" /><testcase classname="oracle.bimodal_logic.tests.test_fold_unfold.TestUnfoldFormula" name="test_prev_expands_to_snce_bot" time="0.000" /><testcase classname="oracle.bimodal_logic.tests.test_fold_unfold.TestUnfoldFormula" name="test_and_expands_correctly" time="0.000" /><testcase classname="oracle.bimodal_logic.tests.test_fold_unfold.TestUnfoldFormula" name="test_or_expands_correctly" time="0.000" /><testcase classname="oracle.bimodal_logic.tests.test_fold_unfold.TestUnfoldFormula" name="test_diamond_expands_correctly" time="0.000" /><testcase classname="oracle.bimodal_logic.tests.test_fold_unfold.TestUnfoldFormula" name="test_some_future_expands_correctly" time="0.000" /><testcase classname="oracle.bimodal_logic.tests.test_fold_unfold.TestUnfoldFormula" name="test_some_past_expands_correctly" time="0.000" /><testcase classname="oracle.bimodal_logic.tests.test_oracle_provider.TestProviderProperties" name="test_provider_version_semver" time="0.001" /><testcase classname="oracle.bimodal_logic.tests.test_oracle_provider.TestProviderProperties" name="test_semantics_version" time="0.000" /><testcase classname="oracle.bimodal_logic.tests.test_oracle_provider.TestFindCountermodelContract" name="test_unsupported_frame_class_returns_none" time="0.000" /><testcase classname="oracle.bimodal_logic.tests.test_oracle_provider.TestFindCountermodelContract" name="test_sat_formula_returns_dict" time="0.133" /><testcase classname="oracle.bimodal_logic.tests.test_oracle_provider.TestFindCountermodelContract" name="test_unsat_formula_returns_none" time="0.092" /><testcase classname="oracle.bimodal_logic.tests.test_oracle_provider.TestFindCountermodelContract" name="test_result_has_required_keys" time="0.141" /><testcase classname="oracle.bimodal_logic.tests.test_oracle_provider.TestFindCountermodelContract" name="test_boundary_safe_flag" time="0.142" /><testcase classname="oracle.bimodal_logic.tests.test_oracle_provider.TestFindCountermodelContract" name="test_formula_folded_json_present" time="0.144" /><testcase classname="oracle.bimodal_logic.tests.test_oracle_provider.TestFindCountermodelContract" name="test_task_relation_ternary_format" time="0.157" /><testcase classname="oracle.bimodal_logic.tests.test_oracle_provider.TestFindCountermodelContract" name="test_temporal_depth_is_nonneg_int" time="0.160" /><testcase classname="oracle.bimodal_logic.tests.test_oracle_provider.TestFindCountermodelContract" name="test_time_bound_is_positive_int" time="0.202" /><testcase classname="oracle.bimodal_logic.tests.test_oracle_provider.TestFindCountermodelContract" name="test_trueAtoms_and_falseAtoms_are_lists" time="0.235" /><testcase classname="oracle.bimodal_logic.tests.test_oracle_provider.TestFindCountermodelContract" name="test_world_histories_is_list" time="0.249" /><testcase classname="oracle.bimodal_logic.tests.test_oracle_provider.TestFindCountermodelContract" name="test_semantics_version_matches_provider" time="0.270" /><testcase classname="oracle.bimodal_logic.tests.test_oracle_interface.TestZ3IsolationStress" name="test_no_state_leakage_between_depths" time="30.789" /><testcase classname="oracle.bimodal_logic.tests.test_oracle_provider.TestFindCountermodelContract" name="test_imp_sat_returns_dict" time="0.250" /><testcase classname="oracle.bimodal_logic.tests.test_oracle_provider.TestFindCountermodelContract" name="test_tautology_imp_returns_none" time="0.185" /><testcase classname="oracle.bimodal_logic.tests.test_oracle_provider.TestFindCountermodelContract" name="test_future_sat_returns_dict" time="3.559" /><testcase classname="oracle.bimodal_logic.tests.test_oracle_provider.TestValidateSelf" name="test_validate_self_with_known_invalid" time="0.361" /><testcase classname="oracle.bimodal_logic.tests.test_oracle_provider.TestValidateSelf" name="test_validate_self_with_tautology_fails" time="0.140" /><testcase classname="oracle.bimodal_logic.tests.test_oracle_provider.TestValidateSelf" name="test_validate_self_empty_list_returns_true" time="0.001" /><testcase classname="oracle.bimodal_logic.tests.test_oracle_provider.TestValidateSelf" name="test_validate_self_mixed_returns_false" time="0.331" /><testcase classname="oracle.bimodal_logic.tests.test_oracle_provider.TestStateIsolation" name="test_100_sequential_sat_calls" time="17.415" /><testcase classname="oracle.bimodal_logic.tests.test_oracle_interface.TestMixedFormulas" name="test_mixed_or_diamond_prev" time="2.549" /><testcase classname="oracle.bimodal_logic.tests.test_oracle_interface.TestMixedFormulas" name="test_mixed_and_all_future_neg" time="40.001" /><testcase classname="oracle.bimodal_logic.tests.test_oracle_provider.TestStateIsolation" name="test_100_sequential_unsat_calls" time="12.195" /><testcase classname="oracle.bimodal_logic.tests.test_oracle_interface.TestEnrichedRoundTrip" name="test_enriched_vs_primitive_sat_agreement[some_future]" time="26.563" /><testcase classname="oracle.bimodal_logic.tests.test_oracle_provider.TestProviderProperties" name="test_provider_id" time="0.001" /><testcase classname="oracle.bimodal_logic.tests.test_oracle_provider.TestProviderProperties" name="test_supported_frame_classes" time="0.001" /><testcase classname="oracle.bimodal_logic.tests.test_oracle_provider.TestProviderProperties" name="test_capabilities_dict" time="0.001" /><testcase classname="oracle.bimodal_logic.tests.test_oracle_provider.TestOracleExampleRegression" name="test_active_example_count" time="0.000" /><testcase classname="oracle.bimodal_logic.tests.test_oracle_provider.TestOracleExampleRegression" name="test_regression_standard_pipeline[EX_CM_1-example_case0]" time="0.167" /><testcase classname="oracle.bimodal_logic.tests.test_oracle_provider.TestOracleExampleRegression" name="test_regression_standard_pipeline[MD_CM_1-example_case1]" time="0.208" /><testcase classname="oracle.bimodal_logic.tests.test_oracle_provider.TestOracleExampleRegression" name="test_regression_standard_pipeline[MD_CM_2-example_case2]" time="0.196" /><testcase classname="oracle.bimodal_logic.tests.test_oracle_provider.TestOracleExampleRegression" name="test_regression_standard_pipeline[MD_CM_3-example_case3]" time="0.203" /><testcase classname="oracle.bimodal_logic.tests.test_oracle_provider.TestOracleExampleRegression" name="test_regression_standard_pipeline[MD_CM_4-example_case4]" time="0.165" /><testcase classname="oracle.bimodal_logic.tests.test_oracle_provider.TestOracleExampleRegression" name="test_regression_standard_pipeline[MD_CM_5-example_case5]" time="0.186" /><testcase classname="oracle.bimodal_logic.tests.test_oracle_provider.TestOracleExampleRegression" name="test_regression_standard_pipeline[MD_CM_6-example_case6]" time="0.168" /><testcase classname="oracle.bimodal_logic.tests.test_oracle_provider.TestOracleExampleRegression" name="test_regression_standard_pipeline[BM_CM_2-example_case7]" time="1.521" /><testcase classname="oracle.bimodal_logic.tests.test_oracle_provider.TestOracleExampleRegression" name="test_regression_standard_pipeline[BM_CM_4-example_case8]" time="2.471" /><testcase classname="oracle.bimodal_logic.tests.test_oracle_provider.TestStateIsolation" name="test_100_mixed_calls" time="14.406" /><testcase classname="oracle.bimodal_logic.tests.test_oracle_provider.TestOracleExampleRegression" name="test_regression_standard_pipeline[EX_TH_1-example_case9]" time="0.112" /><testcase classname="oracle.bimodal_logic.tests.test_oracle_provider.TestOracleExampleRegression" name="test_regression_standard_pipeline[MD_TH_1-example_case10]" time="0.120" /><testcase classname="oracle.bimodal_logic.tests.test_oracle_provider.TestOracleExampleRegression" name="test_regression_standard_pipeline[TN_TH_2-example_case11]" time="0.134" /><testcase classname="oracle.bimodal_logic.tests.test_oracle_provider.TestOracleExampleRegression" name="test_regression_standard_pipeline[BM_TH_3-example_case12]" time="0.150" /><testcase classname="oracle.bimodal_logic.tests.test_oracle_provider.TestOracleExampleRegression" name="test_regression_standard_pipeline[BM_TH_4-example_case13]" time="0.148" /><testcase classname="oracle.bimodal_logic.tests.test_oracle_provider.TestOracleExampleRegression" name="test_regression_standard_pipeline[PROP_K_TH-example_case14]" time="0.152" /><testcase classname="oracle.bimodal_logic.tests.test_oracle_provider.TestOracleExampleRegression" name="test_regression_standard_pipeline[PROP_S_TH-example_case15]" time="0.132" /><testcase classname="oracle.bimodal_logic.tests.test_oracle_provider.TestOracleExampleRegression" name="test_regression_standard_pipeline[EX_FALSO_TH-example_case16]" time="0.139" /><testcase classname="oracle.bimodal_logic.tests.test_oracle_provider.TestOracleExampleRegression" name="test_regression_standard_pipeline[PEIRCE_TH-example_case17]" time="0.145" /><testcase classname="oracle.bimodal_logic.tests.test_oracle_provider.TestOracleExampleRegression" name="test_regression_standard_pipeline[MODAL_T_TH-example_case18]" time="0.143" /><testcase classname="oracle.bimodal_logic.tests.test_oracle_provider.TestOracleExampleRegression" name="test_regression_standard_pipeline[MODAL_4_TH-example_case19]" time="0.143" /><testcase classname="oracle.bimodal_logic.tests.test_oracle_provider.TestOracleExampleRegression" name="test_regression_standard_pipeline[MODAL_B_TH-example_case20]" time="0.143" /><testcase classname="oracle.bimodal_logic.tests.test_oracle_provider.TestOracleExampleRegression" name="test_regression_standard_pipeline[MODAL_5_TH-example_case21]" time="0.144" /><testcase classname="oracle.bimodal_logic.tests.test_oracle_provider.TestOracleExampleRegression" name="test_regression_standard_pipeline[BX1_SERIAL_F_TH-example_case22]" time="0.142" /><testcase classname="oracle.bimodal_logic.tests.test_oracle_provider.TestOracleExampleRegression" name="test_regression_standard_pipeline[BX1P_SERIAL_P_TH-example_case23]" time="0.142" /><testcase classname="oracle.bimodal_logic.tests.test_oracle_provider.TestOracleExampleRegression" name="test_regression_standard_pipeline[BX2G_MONO_U_TH-example_case24]" time="0.154" /><testcase classname="oracle.bimodal_logic.tests.test_oracle_provider.TestOracleExampleRegression" name="test_regression_standard_pipeline[BX2H_MONO_S_TH-example_case25]" time="0.136" /><testcase classname="oracle.bimodal_logic.tests.test_oracle_provider.TestOracleExampleRegression" name="test_regression_standard_pipeline[BX3_MONO_U_TH-example_case26]" time="0.156" /><testcase classname="oracle.bimodal_logic.tests.test_oracle_provider.TestOracleExampleRegression" name="test_regression_standard_pipeline[BX3P_MONO_S_TH-example_case27]" time="
[...]
operator_name = 'some_past'
enriched_json = {'arg': {'name': 'A', 'tag': 'atom'}, 'tag': 'some_past'}
primitive_json = {'event': {'name': 'A', 'tag': 'atom'}, 'guard': {'left': {'tag': 'bot'}, 'right': {'tag': 'bot'}, 'tag': 'imp'}, 'tag': 'snce'}

    @pytest.mark.parametrize(
        "operator_name, enriched_json, primitive_json",
        ENRICHED_PRIMITIVE_PAIRS,
        ids=[p[0] for p in ENRICHED_PRIMITIVE_PAIRS],
    )
    def test_enriched_vs_primitive_sat_agreement(
        self, operator_name, enriched_json, primitive_json
    ):
        """Enriched and primitive forms produce identical SAT/UNSAT results."""
        depth = max(temporal_depth(enriched_json), temporal_depth(primitive_json))
        # Primitive forms are structurally larger and may need more solver time
        timeout = 60000 if depth &gt; 0 else 10000
        enriched_result = self.provider.find_countermodel(enriched_json, timeout_ms=timeout)
        primitive_result = self.provider.find_countermodel(primitive_json, timeout_ms=timeout)
        enriched_sat = enriched_result is not None
        primitive_sat = primitive_result is not None
&gt;       assert enriched_sat == primitive_sat, (
            f"SAT/UNSAT mismatch for '{operator_name}': "
            f"enriched={enriched_sat}, primitive={primitive_sat}"
        )
E       AssertionError: SAT/UNSAT mismatch for 'some_past': enriched=True, primitive=False
E       assert True == False

oracle/bimodal_logic/tests/test_oracle_interface.py:736: AssertionError</failure></testcase><testcase classname="oracle.bimodal_logic.tests.test_oracle_provider.TestOracleOutputCompleteness" name="test_temporal_depth_in_output" time="0.181" /><testcase classname="oracle.bimodal_logic.tests.test_oracle_provider.TestOracleOutputCompleteness" name="test_world_histories_nonempty" time="0.137" /><testcase classname="oracle.bimodal_logic.tests.test_oracle_provider.TestOracleOutputCompleteness" name="test_task_relation_nonempty" time="0.145" /><testcase classname="oracle.bimodal_logic.tests.test_soundness_regression.TestBoundaryVacuity" name="test_depth0_boundary_safe_is_true" time="0.145" /><testcase classname="oracle.bimodal_logic.tests.test_soundness_regression.TestBoundaryVacuity" name="test_depth1_boundary_safe_is_true" time="2.071" /><testcase classname="oracle.bimodal_logic.tests.test_soundness_regression.TestBoundaryVacuity" name="test_gg_p_returns_none" time="0.088" /><testcase classname="oracle.bimodal_logic.tests.test_soundness_regression.TestBoundaryVacuity" name="test_fg_p_returns_none" time="0.097" /><testcase classname="oracle.bimodal_logic.tests.test_soundness_regression.TestBoundaryVacuity" name="test_depth1_countermodel_has_required_fields" time="2.394" /><testcase classname="oracle.bimodal_logic.tests.test_soundness_regression.TestShiftClosure" name="test_shift_closure_oracle_atom" time="0.172" /><testcase classname="oracle.bimodal_logic.tests.test_soundness_regression.TestShiftClosure" name="test_shift_closure_on_extracted_worlds_m3" time="3.511" /><testcase classname="oracle.bimodal_logic.tests.test_oracle_provider.TestOracleExampleRegression" name="test_regression_standard_pipeline[BX11P_LIN_P_TH-example_case39]" time="20.302" /><testcase classname="oracle.bimodal_logic.tests.test_soundness_regression.TestGuardedCompositionality" name="test_forward_comp_in_oracle_output" time="0.154" /><testcase classname="oracle.bimodal_logic.tests.test_soundness_regression.TestGuardedCompositionality" name="test_nullity_in_oracle_output" time="0.137" /><testcase classname="oracle.bimodal_logic.tests.test_soundness_regression.TestGuardedCompositionality" name="test_all_durations_in_valid_range" time="0.156" /><testcase classname="oracle.bimodal_logic.tests.test_soundness_regression.TestGuardedCompositionality" name="test_forward_comp_with_temporal_formula_output" time="2.844" /><testcase classname="oracle.bimodal_logic.tests.test_soundness_regression.TestGuardedCompositionality" name="test_nullity_with_temporal_formula_output" time="2.942" /><testcase classname="oracle.bimodal_logic.tests.test_soundness_regression.TestStateIsolationRegression" name="test_100_calls_mixed_temporal_depths" time="62.462"><failure message="AssertionError: Cycle 20: Expected non-None (SAT) for {'tag': 'some_future', 'arg': {'tag': 'atom', 'name': 'p'}}, got None. Possible state leakage from previous call.&#10;assert None is not None">self = &lt;bimodal_logic.tests.test_soundness_regression.TestStateIsolationRegression object at 0x7fffedf3da00&gt;

    def test_100_calls_mixed_temporal_depths(self):
        """100 sequential calls cycling through 4-formula rotation (25 cycles) produce consistent results.
    
        Each call must return the expected SAT (non-None) or UNSAT (None) result,
        with no state leakage between calls.
        """
        for cycle in range(25):  # 25 cycles * 4 formulas = 100 total calls
            for formula, expected_sat in self.ROTATION:
                result = self.provider.find_countermodel(formula)
                if expected_sat:
&gt;                   assert result is not None, (
                        f"Cycle {cycle}: Expected non-None (SAT) for {formula}, got None. "
                        "Possible state leakage from previous call."
                    )
E                   AssertionError: Cycle 20: Expected non-None (SAT) for {'tag': 'some_future', 'arg': {'tag': 'atom', 'name': 'p'}}, got None. Possible state leakage from previous call.
E                   assert None is not None

oracle/bimodal_logic/tests/test_soundness_regression.py:680: AssertionError</failure></testcase><testcase classname="oracle.bimodal_logic.tests.test_soundness_regression.TestGuardedCompositionality" name="test_converse_in_oracle_output" time="0.213" /><testcase classname="oracle.bimodal_logic.tests.test_soundness_regression.TestStateIsolationRegression" name="test_temporal_propositional_interleaving" time="155.201" /><testcase classname="oracle.bimodal_logic.tests.test_oracle_provider.TestOracleOutputCompleteness" name="test_boundary_safe_consistency" time="3.329" /><testcase classname="oracle.bimodal_logic.tests.test_soundness_regression.TestKnownBoundaryUnsafe" name="test_gg_p_spurious_unsat" time="0.162" /><testcase classname="oracle.bimodal_logic.tests.test_soundness_regression.TestKnownBoundaryUnsafe" name="test_fg_p_spurious_unsat" time="0.156" /><testcase classname="oracle.bimodal_logic.tests.test_soundness_regression.TestKnownBoundaryUnsafe" name="test_gf_p_returns_none_at_m4" time="5.191" /><testcase classname="oracle.bimodal_logic.tests.test_soundness_regression.TestKnownBoundaryUnsafe" name="test_ff_p_returns_none_at_m4" time="5.298" /><testcase classname="oracle.bimodal_logic.tests.test_soundness_regression.TestKnownBoundaryUnsafe" name="test_imp_gg_p_gf_p_returns_none_at_m4" time="5.281" /><testcase classname="oracle.bimodal_logic.tests.test_soundness_regression.TestGroundedDispatch" name="test_grounded_dispatch_at_m3" time="0.797" /><testcase classname="oracle.bimodal_logic.tests.test_soundness_regression.TestStateIsolationRegression" name="test_sat_unsat_interleaving_stability" time="10.388"><failure message="AssertionError: Pair 1: F(p) should return non-None (depth-1 SAT). Got None -- possible state contamination from depth-0 UNSAT formula.&#10;assert None is not None">self = &lt;bimodal_logic.tests.test_soundness_regression.TestStateIsolationRegression object at 0x7fffedf0ba40&gt;

    def test_sat_unsat_interleaving_stability(self):
        """50 alternating pairs of depth-1 SAT and depth-0 UNSAT produce correct results.
    
        Task 114: Changed from G(F(p)) (depth-2, returns None at M=4) to F(p) (depth-1).
        F(p) alternated with A-&gt;A (depth-0 UNSAT).
        Every SAT call must return non-None, every UNSAT call must return None.
        """
        for i in range(50):
            sat_result = self.provider.find_countermodel(F_P)
&gt;           assert sat_result is not None, (
                f"Pair {i}: F(p) should return non-None (depth-1 SAT). "
                "Got None -- possible state contamination from depth-0 UNSAT formula."
            )
E           AssertionError: Pair 1: F(p) should return non-None (depth-1 SAT). Got None -- possible state contamination from depth-0 UNSAT formula.
E           assert None is not None

oracle/bimodal_logic/tests/test_soundness_regression.py:699: AssertionError</failure></testcase><testcase classname="oracle.bimodal_logic.tests.test_soundness_regression.TestGroundedDispatch" name="test_capped_dispatch_at_m2" time="0.092" /><testcase classname="oracle.bimodal_logic.tests.test_soundness_regression.TestOracleMFormulaBoundarySafe" name="test_oracle_m_formula_depth0_boundary_safe" time="0.284" /><testcase classname="oracle.bimodal_logic.tests.test_soundness_regression.TestOracleMFormulaBoundarySafe" name="test_oracle_m_formula_depth1_boundary_safe" time="5.256"><failure message="AssertionError: F(p) should have a countermodel&#10;assert None is not None">self = &lt;bimodal_logic.tests.test_soundness_regression.TestOracleMFormulaBoundarySafe object at 0x7fffedf3eae0&gt;

    def test_oracle_m_formula_depth1_boundary_safe(self):
        """depth=1 formula: oracle uses M=max(1+2,3)=3, boundary_safe=True."""
        result = self.provider.find_countermodel(F_P)
&gt;       assert result is not None, "F(p) should have a countermodel"
E       AssertionError: F(p) should have a countermodel
E       assert None is not None

oracle/bimodal_logic/tests/test_soundness_regression.py:1033: AssertionError</failure></testcase><testcase classname="oracle.bimodal_logic.tests.test_soundness_regression.TestOracleMFormulaBoundarySafe" name="test_oracle_m_formula_depth2_returns_none" time="5.276" /><testcase classname="oracle.bimodal_logic.tests.test_oracle_interface.TestEnrichedRoundTrip" name="test_enriched_vs_primitive_sat_agreement[all_future]" time="121.859" /><testcase classname="oracle.bimodal_logic.tests.test_soundness_regression.TestGroundedDispatch" name="test_m3_solver_no_timeout_on_atom" time="0.311" /><testcase classname="oracle.bimodal_logic.tests.test_soundness_regression.TestOracleMFormulaBoundarySafe" name="test_fg_p_returns_none_at_m4" time="0.246" /><testcase classname="oracle.bimodal_logic.tests.test_soundness_regression.TestOracleMFormulaBoundarySafe" name="test_gg_p_returns_none_at_m4" time="0.242" /><testcase classname="oracle.bimodal_logic.tests.test_oracle_interface.TestBoundaryRegressionViaOracle" name="test_boundary_safe_true_for_all_examples" time="7.358" /><testcase classname="oracle.bimodal_logic.tests.test_oracle_interface.TestBoundaryRegressionViaOracle" name="test_time_bound_formula" time="3.658" /><testcase classname="oracle.bimodal_logic.tests.test_oracle_interface.TestBoundaryRegressionViaOracle" name="test_temporal_depth_correct_in_output" time="33.568" /><testcase classname="oracle.bimodal_logic.tests.test_oracle_interface.TestTernarySerializationAll" name="test_all_sat_task_relation_ternary" time="60.792"><failure message="AssertionError: Expected SAT for next_A&#10;assert None is not None">self = &lt;bimodal_logic.tests.test_oracle_interface.TestTernarySerializationAll object at 0x7ffff40cb290&gt;

    def test_all_sat_task_relation_ternary(self):
        """Every task_relation entry is a dict with {source, duration, target} keys
        and integer values.
        """
        sat_formulas = [
            ("atom_A", A),
            ("imp_A_B", _imp(A, B)),
            ("and_A_B", _and(A, B)),
            ("diamond_A", _diamond(A)),
            ("next_A", _next(A)),
        ]
        for name, formula in sat_formulas:
            depth = temporal_depth(formula)
            timeout = 60000 if depth &gt; 0 else 10000
            result = self.provider.find_countermodel(formula, timeout_ms=timeout)
&gt;           assert result is not None, f"Expected SAT for {name}"
E           AssertionError: Expected SAT for next_A
E           assert None is not None

oracle/bimodal_logic/tests/test_oracle_interface.py:1050: AssertionError</failure></testcase><testcase classname="oracle.bimodal_logic.tests.test_soundness_regression.TestStateIsolationRegression" name="test_no_semantics_reference_leak_with_temporal" time="52.925" /><testcase classname="oracle.bimodal_logic.tests.test_oracle_interface.TestTernarySerializationAll" name="test_no_binary_pairs" time="0.238" /><testcase classname="oracle.bimodal_logic.tests.test_oracle_interface.TestEdgeCases" name="test_timeout_handling" time="0.083" /><testcase classname="oracle.bimodal_logic.tests.test_oracle_interface.TestEnrichedRoundTrip" name="test_enriched_vs_primitive_sat_agreement[all_past]" time="5.131" /><testcase classname="oracle.bimodal_logic.tests.test_oracle_interface.TestEnrichedRoundTrip" name="test_temporal_depth_identical[neg]" time="0.001" /><testcase classname="oracle.bimodal_logic.tests.test_oracle_interface.TestEnrichedRoundTrip" name="test_temporal_depth_identical[top]" time="0.000" /><testcase classname="oracle.bimodal_logic.tests.test_oracle_interface.TestEnrichedRoundTrip" name="test_temporal_depth_identical[and]" time="0.000" /><testcase classname="oracle.bimodal_logic.tests.test_oracle_interface.TestEnrichedRoundTrip" name="test_temporal_depth_identical[or]" time="0.000" /><testcase classname="oracle.bimodal_logic.tests.test_cross_oracle_differential.TestBimodalHarnessIntegration" name="test_box_disagreements_documented" time="7.448" /><testcase classname="oracle.bimodal_logic.tests.test_cross_oracle_differential.TestMockOracleSpotCheck" name="test_spot_check_formulas_available" time="0.001" /><testcase classname="oracle.bimodal_logic.tests.test_cross_oracle_differential.TestMockOracleSpotCheck" name="test_spot_check_all" time="21.716"><skipped type="pytest.xfail" message="Root-caused (task 122): the 4 failing spot-check formulas are imp(...) formulas whose antecedent or consequent is an untl/snce expression with a 'bot' or repeated-atom operand -- the same solver-timeout-conflated-with-UNSAT pattern documented on test_known_invalid_return_countermodel above (confirmed directly: '(p Until q) -&gt; (q Until p)' hits structure.timeout=True at the default 5s window, N=2, M=3). This class only runs when BimodalHarness is present on the path (setup_method skips otherwise, e.g. in CI). See baselines/differential-disposition.md." /></testcase><testcase classname="oracle.bimodal_logic.tests.test_cross_oracle_differential.TestDifferentialReport" name="test_report_structure" time="1.028" /><testcase classname="oracle.bimodal_logic.tests.test_cross_oracle_differential.TestDifferentialReport" name="test_report_entries_complete" time="1.106" /><testcase classname="oracle.bimodal_logic.tests.test_cross_oracle_differential.TestDifferentialReport" name="test_report_counts_consistent" time="1.103" /><testcase classname="oracle.bimodal_logic.tests.test_cross_oracle_differential.TestDifferentialReport" name="test_report_json_serializable" time="1.067" /><testcase classname="oracle.bimodal_logic.tests.test_cross_oracle_differential.TestDifferentialReport" name="test_report_writes_to_file" time="1.072" /><testcase classname="oracle.bimodal_logic.tests.test_cross_oracle_differential.TestDifferentialReport" name="test_report_mc_oracle_id" time="1.071" /><testcase classname="oracle.bimodal_logic.tests.test_cross_oracle_differential.TestDifferentialReport" name="test_report_ref_oracle_id" time="1.040" /><testcase classname="oracle.bimodal_logic.tests.test_cross_oracle_differential.TestDifferentialReport" name="test_self_agreement_report_has_zero_disagreements" time="1.003" /><testcase classname="oracle.bimodal_logic.tests.test_cross_oracle_differential.TestFullScanReport" name="test_complexity_5_scan_self_consistent" time="1885.406"><failure message="AssertionError: Self-comparison produced 1 disagreements at complexity&lt;=5&#10;assert 1 == 0">self = &lt;bimodal_logic.tests.test_cross_oracle_differential.TestFullScanReport object at 0x7ffff42e58e0&gt;

    def test_complexity_5_scan_self_consistent(self):
        """Enumerate all primitive formulas at complexity&lt;=5, verify zero self-disagreements."""
        all_formulas = _enumerate_primitive_formulas(5, ["p"])
    
        # Self-comparison: oracle vs oracle
        def ref_fn(f):
            result = self.oracle.find_countermodel(f)
            return "SAT" if result is not None else "UNSAT"
    
        report = _generate_differential_report(
            self.oracle,
            all_formulas,
            ref_fn,
            {"mc": "mc_oracle", "ref": "mc_oracle_self"},
        )
    
&gt;       assert report["disagreements"] == 0, (
            f"Self-comparison produced {report['disagreements']} disagreements at complexity&lt;=5"
        )
E       AssertionError: Self-comparison produced 1 disagreements at complexity&lt;=5
E       assert 1 == 0

oracle/bimodal_logic/tests/test_cross_oracle_differential.py:1381: AssertionError</failure></testcase><testcase classname="oracle.bimodal_logic.tests.test_cross_oracle_differential.TestFullScanReport" name="test_report_writes_to_file" time="95.312" /><testcase classname="oracle.bimodal_logic.tests.test_cross_oracle_differential.TestCIGate" name="test_self_contained_enumerator_complexity_5" time="0.000" /><testcase classname="oracle.bimodal_logic.tests.test_cross_oracle_differential.TestCIGate" name="test_oracle_baseline_agreement" time="49.669"><skipped type="pytest.xfail" message="Root-caused (task 122): the 9 invalid-formula failures (0 tautology failures) are the same _KNOWN_INVALID_JSON untl/snce+bot subset as test_known_invalid_return_countermodel above -- Z3OracleProvider.find_countermodel conflates a Z3 solver timeout at the default 5s/N=2/M=max(depth+2,3) window with a genuine UNSAT (valid) result. This is the CI-visible self-contained gate (no BimodalHarness dependency), so it reproduces the same root cause without needing BH on the path. See baselines/differential-disposition.md." /></testcase></testsuite></testsuites>