<?xml version="1.0" encoding="utf-8"?><testsuites name="pytest tests"><testsuite name="pytest" errors="0" failures="1" skipped="0" tests="289" time="78.258" timestamp="2026-07-24T13:34:23.194908-07:00" hostname="hamsa"><testcase classname="src.model_checker.theory_lib.bimodal.tests.integration.test_api_consistency" name="test_find_truth_condition_consistency" time="0.002" /><testcase classname="src.model_checker.theory_lib.bimodal.tests.integration.test_api_consistency" name="test_bimodal_proposition_extension_correct_args" time="0.002" /><testcase classname="src.model_checker.theory_lib.bimodal.tests.integration.test_data_extraction.TestBimodalDataExtraction" name="test_extract_evaluation_world" time="0.001" /><testcase classname="src.model_checker.theory_lib.bimodal.tests.integration.test_data_extraction.TestBimodalDataExtraction" name="test_extract_propositions" time="0.001" /><testcase classname="src.model_checker.theory_lib.bimodal.tests.integration.test_data_extraction.TestBimodalDataExtraction" name="test_extract_propositions_no_syntax" time="0.001" /><testcase classname="src.model_checker.theory_lib.bimodal.tests.integration.test_data_extraction.TestBimodalDataExtraction" name="test_extract_relations" time="0.001" /><testcase classname="src.model_checker.theory_lib.bimodal.tests.integration.test_data_extraction.TestBimodalDataExtraction" name="test_extract_states" time="0.001" /><testcase classname="src.model_checker.theory_lib.bimodal.tests.integration.test_data_extraction.TestBimodalDataExtraction" name="test_extract_states_no_histories" time="0.001" /><testcase classname="src.model_checker.theory_lib.bimodal.tests.integration.test_injection.TestBimodalInjection" name="test_inject_basic_constraints" time="0.055" /><testcase classname="src.model_checker.theory_lib.bimodal.tests.integration.test_injection.TestBimodalInjection" name="test_inject_task_constraints" time="0.060" /><testcase classname="src.model_checker.theory_lib.bimodal.tests.integration.test_injection.TestBimodalInjection" name="test_inject_truth_condition_constraints" time="0.067" /><testcase classname="src.model_checker.theory_lib.bimodal.tests.integration.test_injection.TestBimodalInjection" name="test_inject_z3_model_values_exists" time="0.036" /><testcase classname="src.model_checker.theory_lib.bimodal.tests.integration.test_injection.TestBimodalInjection" name="test_uses_model_validator" time="0.053" /><testcase classname="src.model_checker.theory_lib.bimodal.tests.integration.test_strict_semantics.TestQuantificationScope" name="test_foralltime_uses_is_valid_time" time="0.036" /><testcase classname="src.model_checker.theory_lib.bimodal.tests.integration.test_strict_semantics.TestQuantificationScope" name="test_existstime_uses_is_valid_time" time="0.034" /><testcase classname="src.model_checker.theory_lib.bimodal.tests.integration.test_strict_semantics.TestAtomDomainCheck" name="test_true_at_includes_domain_check_for_atoms" time="0.037" /><testcase classname="src.model_checker.theory_lib.bimodal.tests.integration.test_strict_semantics.TestAtomDomainCheck" name="test_true_at_complex_formulas_no_domain_check" time="0.034" /><testcase classname="src.model_checker.theory_lib.bimodal.tests.integration.test_strict_semantics.TestStrictOrderingVerification" name="test_future_operator_uses_strict_less_than" time="0.035" /><testcase classname="src.model_checker.theory_lib.bimodal.tests.integration.test_strict_semantics.TestStrictOrderingVerification" name="test_past_operator_uses_strict_less_than" time="0.035" /><testcase classname="src.model_checker.theory_lib.bimodal.tests.integration.test_strict_semantics.TestTimeIntervalBounds" name="test_is_valid_time_checks_global_bounds" time="0.047" /><testcase classname="src.model_checker.theory_lib.bimodal.tests.integration.test_strict_semantics.TestTimeIntervalBounds" name="test_is_valid_time_for_world_checks_world_interval" time="0.038" /><testcase classname="src.model_checker.theory_lib.bimodal.tests.integration.test_until_since_integration.TestUntilSinceAPIConsistency" name="test_until_has_find_truth_condition_with_eval_point" time="0.001" /><testcase classname="src.model_checker.theory_lib.bimodal.tests.integration.test_until_since_integration.TestUntilSinceAPIConsistency" name="test_since_has_find_truth_condition_with_eval_point" time="0.001" /><testcase classname="src.model_checker.theory_lib.bimodal.tests.integration.test_until_since_integration.TestUntilSinceAPIConsistency" name="test_operators_in_collection" time="0.000" /><testcase classname="src.model_checker.theory_lib.bimodal.tests.integration.test_until_since_integration.TestUntilSinceSemantics" name="test_until_operator_instantiation" time="0.037" /><testcase classname="src.model_checker.theory_lib.bimodal.tests.integration.test_until_since_integration.TestUntilSinceSemantics" name="test_since_operator_instantiation" time="0.037" /><testcase classname="src.model_checker.theory_lib.bimodal.tests.integration.test_until_since_integration.TestUntilSinceZ3Integration" name="test_until_true_at_produces_valid_z3" time="0.039" /><testcase classname="src.model_checker.theory_lib.bimodal.tests.integration.test_until_since_integration.TestUntilSinceZ3Integration" name="test_since_true_at_produces_valid_z3" time="0.040" /><testcase classname="src.model_checker.theory_lib.bimodal.tests.integration.test_until_since_integration.TestUntilSinceFindTruthConditionIntegration" name="test_until_with_immediate_witness" time="0.038" /><testcase classname="src.model_checker.theory_lib.bimodal.tests.integration.test_until_since_integration.TestUntilSinceFindTruthConditionIntegration" name="test_since_with_immediate_witness" time="0.036" /><testcase classname="src.model_checker.theory_lib.bimodal.tests.integration.test_until_since_integration.TestUntilSinceFindTruthConditionIntegration" name="test_until_fails_when_guard_fails" time="0.034" /><testcase classname="src.model_checker.theory_lib.bimodal.tests.integration.test_until_since_integration.TestUntilSinceFindTruthConditionIntegration" name="test_since_fails_when_guard_fails" time="0.034" /><testcase classname="src.model_checker.theory_lib.bimodal.tests.unit.test_bimodal" name="test_example_cases[EX_CM_1-example_case0]" time="0.141" /><testcase classname="src.model_checker.theory_lib.bimodal.tests.unit.test_bimodal" name="test_example_cases[MD_CM_1-example_case1]" time="0.163" /><testcase classname="src.model_checker.theory_lib.bimodal.tests.unit.test_bimodal" name="test_example_cases[MD_CM_2-example_case2]" time="0.155" /><testcase classname="src.model_checker.theory_lib.bimodal.tests.unit.test_bimodal" name="test_example_cases[MD_CM_3-example_case3]" time="0.164" /><testcase classname="src.model_checker.theory_lib.bimodal.tests.unit.test_bimodal" name="test_example_cases[MD_CM_4-example_case4]" time="0.163" /><testcase classname="src.model_checker.theory_lib.bimodal.tests.unit.test_bimodal" name="test_example_cases[MD_CM_5-example_case5]" time="0.147" /><testcase classname="src.model_checker.theory_lib.bimodal.tests.unit.test_bimodal" name="test_example_cases[MD_CM_6-example_case6]" time="0.163" /><testcase classname="src.model_checker.theory_lib.bimodal.tests.unit.test_bimodal" name="test_example_cases[BM_CM_1-example_case7]" time="15.173"><failure message="AssertionError: Test failed for example: BM_CM_1&#10;assert False">example_name = 'BM_CM_1'
example_case = [['\\Future A'], ['\\Box A'], {'M': 2, 'N': 2, 'contingent': True, 'disjoint': False, ...}]

    @pytest.mark.parametrize("example_name, example_case", test_examples.items())
    def test_example_cases(example_name, example_case):
        """Test each example case from test_example_range."""
        with isolated_z3_context():
            result = run_test(
                example_case,
                BimodalSemantics,
                BimodalProposition,
                bimodal_operators,
                Syntax,
                ModelConstraints,
                BimodalStructure,
            )
&gt;       assert result, f"Test failed for example: {example_name}"
E       AssertionError: Test failed for example: BM_CM_1
E       assert False

code/src/model_checker/theory_lib/bimodal/tests/unit/test_bimodal.py:73: AssertionError</failure></testcase><testcase classname="src.model_checker.theory_lib.bimodal.tests.unit.test_bimodal" name="test_example_cases[BM_CM_2-example_case8]" time="2.272" /><testcase classname="src.model_checker.theory_lib.bimodal.tests.unit.test_bimodal" name="test_example_cases[BM_CM_4-example_case9]" time="3.682" /><testcase classname="src.model_checker.theory_lib.bimodal.tests.unit.test_bimodal" name="test_example_cases[EX_TH_1-example_case10]" time="0.126" /><testcase classname="src.model_checker.theory_lib.bimodal.tests.unit.test_bimodal" name="test_example_cases[MD_TH_1-example_case11]" time="0.120" /><testcase classname="src.model_checker.theory_lib.bimodal.tests.unit.test_bimodal" name="test_example_cases[TN_TH_2-example_case12]" time="0.112" /><testcase classname="src.model_checker.theory_lib.bimodal.tests.unit.test_bimodal" name="test_example_cases[BM_TH_3-example_case13]" time="0.139" /><testcase classname="src.model_checker.theory_lib.bimodal.tests.unit.test_bimodal" name="test_example_cases[BM_TH_4-example_case14]" time="0.129" /><testcase classname="src.model_checker.theory_lib.bimodal.tests.unit.test_bimodal" name="test_example_cases[PROP_K_TH-example_case15]" time="0.121" /><testcase classname="src.model_checker.theory_lib.bimodal.tests.unit.test_bimodal" name="test_example_cases[PROP_S_TH-example_case16]" time="0.114" /><testcase classname="src.model_checker.theory_lib.bimodal.tests.unit.test_bimodal" name="test_example_cases[EX_FALSO_TH-example_case17]" time="0.116" /><testcase classname="src.model_checker.theory_lib.bimodal.tests.unit.test_bimodal" name="test_example_cases[PEIRCE_TH-example_case18]" time="0.117" /><testcase classname="src.model_checker.theory_lib.bimodal.tests.unit.test_bimodal" name="test_example_cases[MODAL_T_TH-example_case19]" time="0.113" /><testcase classname="src.model_checker.theory_lib.bimodal.tests.unit.test_bimodal" name="test_example_cases[MODAL_4_TH-example_case20]" time="0.118" /><testcase classname="src.model_checker.theory_lib.bimodal.tests.unit.test_bimodal" name="test_example_cases[MODAL_B_TH-example_case21]" time="0.124" /><testcase classname="src.model_checker.theory_lib.bimodal.tests.unit.test_bimodal" name="test_example_cases[MODAL_5_TH-example_case22]" time="0.118" /><testcase classname="src.model_checker.theory_lib.bimodal.tests.unit.test_bimodal" name="test_example_cases[BX1_SERIAL_F_TH-example_case23]" time="0.114" /><testcase classname="src.model_checker.theory_lib.bimodal.tests.unit.test_bimodal" name="test_example_cases[BX1P_SERIAL_P_TH-example_case24]" time="0.119" /><testcase classname="src.model_checker.theory_lib.bimodal.tests.unit.test_bimodal" name="test_example_cases[BX2G_MONO_U_TH-example_case25]" time="0.120" /><testcase classname="src.model_checker.theory_lib.bimodal.tests.unit.test_bimodal" name="test_example_cases[BX2H_MONO_S_TH-example_case26]" time="0.127" /><testcase classname="src.model_checker.theory_lib.bimodal.tests.unit.test_bimodal" name="test_example_cases[BX3_MONO_U_TH-example_case27]" time="0.119" /><testcase classname="src.model_checker.theory_lib.bimodal.tests.unit.test_bimodal" name="test_example_cases[BX3P_MONO_S_TH-example_case28]" time="0.120" /><testcase classname="src.model_checker.theory_lib.bimodal.tests.unit.test_bimodal" name="test_example_cases[BX4_CONNECT_F_TH-example_case29]" time="0.116" /><testcase classname="src.model_checker.theory_lib.bimodal.tests.unit.test_bimodal" name="test_example_cases[BX4P_CONNECT_P_TH-example_case30]" time="0.120" /><testcase classname="src.model_checker.theory_lib.bimodal.tests.unit.test_bimodal" name="test_example_cases[BX10_UNTIL_F_TH-example_case31]" time="0.119" /><testcase classname="src.model_checker.theory_lib.bimodal.tests.unit.test_bimodal" name="test_example_cases[BX10P_SINCE_P_TH-example_case32]" time="0.115" /><testcase classname="src.model_checker.theory_lib.bimodal.tests.unit.test_bimodal" name="test_example_cases[BX12_F_UNTIL_TH-example_case33]" time="0.116" /><testcase classname="src.model_checker.theory_lib.bimodal.tests.unit.test_bimodal" name="test_example_cases[BX12P_P_SINCE_TH-example_case34]" time="0.116" /><testcase classname="src.model_checker.theory_lib.bimodal.tests.unit.test_bimodal" name="test_example_cases[BX5_ACCUM_U_TH-example_case35]" time="0.121" /><testcase classname="src.model_checker.theory_lib.bimodal.tests.unit.test_bimodal" name="test_example_cases[BX5P_ACCUM_S_TH-example_case36]" time="0.121" /><testcase classname="src.model_checker.theory_lib.bimodal.tests.unit.test_bimodal" name="test_example_cases[BX6_ABSORB_U_TH-example_case37]" time="0.115" /><testcase classname="src.model_checker.theory_lib.bimodal.tests.unit.test_bimodal" name="test_example_cases[BX6P_ABSORB_S_TH-example_case38]" time="0.126" /><testcase classname="src.model_checker.theory_lib.bimodal.tests.unit.test_bimodal" name="test_example_cases[BX11_LIN_F_TH-example_case39]" time="20.200" /><testcase classname="src.model_checker.theory_lib.bimodal.tests.unit.test_bimodal" name="test_example_cases[BX11P_LIN_P_TH-example_case40]" time="20.202" /><testcase classname="src.model_checker.theory_lib.bimodal.tests.unit.test_bimodal" name="test_example_cases[BX13_ENRICH_U_TH-example_case41]" time="0.125" /><testcase classname="src.model_checker.theory_lib.bimodal.tests.unit.test_bimodal" name="test_example_cases[BX13P_ENRICH_S_TH-example_case42]" time="0.075" /><testcase classname="src.model_checker.theory_lib.bimodal.tests.unit.test_enriched_equivalence.TestInfrastructure" name="test_smoke_neg_basic" time="0.058" /><testcase classname="src.model_checker.theory_lib.bimodal.tests.unit.test_enriched_equivalence.TestNegEquivalence" name="test_neg_basic_definition" time="0.059" /><testcase classname="src.model_checker.theory_lib.bimodal.tests.unit.test_enriched_equivalence.TestNegEquivalence" name="test_neg_double_negation" time="0.058" /><testcase classname="src.model_checker.theory_lib.bimodal.tests.unit.test_enriched_equivalence.TestNegEquivalence" name="test_neg_de_morgan" time="0.060" /><testcase classname="src.model_checker.theory_lib.bimodal.tests.unit.test_enriched_equivalence.TestNegEquivalence" name="test_neg_bot" time="0.056" /><testcase classname="src.model_checker.theory_lib.bimodal.tests.unit.test_enriched_equivalence.TestNegEquivalence" name="test_neg_implication" time="0.055" /><testcase classname="src.model_checker.theory_lib.bimodal.tests.unit.test_enriched_equivalence.TestTopEquivalence" name="test_top_self_equivalence" time="0.052" /><testcase classname="src.model_checker.theory_lib.bimodal.tests.unit.test_enriched_equivalence.TestTopEquivalence" name="test_top_implies_top" time="0.056" /><testcase classname="src.model_checker.theory_lib.bimodal.tests.unit.test_enriched_equivalence.TestTopEquivalence" name="test_neg_top_implies_bot" time="0.058" /><testcase classname="src.model_checker.theory_lib.bimodal.tests.unit.test_enriched_equivalence.TestTopEquivalence" name="test_anything_implies_top" time="0.053" /><testcase classname="src.model_checker.theory_lib.bimodal.tests.unit.test_enriched_equivalence.TestTopEquivalence" name="test_bot_implies_top" time="0.049" /><testcase classname="src.model_checker.theory_lib.bimodal.tests.unit.test_enriched_equivalence.TestNextEquivalence" name="test_next_basic_definition" time="0.053" /><testcase classname="src.model_checker.theory_lib.bimodal.tests.unit.test_enriched_equivalence.TestNextEquivalence" name="test_next_of_neg" time="0.052" /><testcase classname="src.model_checker.theory_lib.bimodal.tests.unit.test_enriched_equivalence.TestNextEquivalence" name="test_next_of_and" time="0.054" /><testcase classname="src.model_checker.theory_lib.bimodal.tests.unit.test_enriched_equivalence.TestNextEquivalence" name="test_next_of_or" time="0.059" /><testcase classname="src.model_checker.theory_lib.bimodal.tests.unit.test_enriched_equivalence.TestNextEquivalence" name="test_neg_of_next" time="0.051" /><testcase classname="src.model_checker.theory_lib.bimodal.tests.unit.test_enriched_equivalence.TestPrevEquivalence" name="test_prev_basic_definition" time="0.052" /><testcase classname="src.model_checker.theory_lib.bimodal.tests.unit.test_enriched_equivalence.TestPrevEquivalence" name="test_prev_of_neg" time="0.057" /><testcase classname="src.model_checker.theory_lib.bimodal.tests.unit.test_enriched_equivalence.TestPrevEquivalence" name="test_prev_of_and" time="0.054" /><testcase classname="src.model_checker.theory_lib.bimodal.tests.unit.test_enriched_equivalence.TestPrevEquivalence" name="test_prev_of_or" time="0.054" /><testcase classname="src.model_checker.theory_lib.bimodal.tests.unit.test_enriched_equivalence.TestPrevEquivalence" name="test_neg_of_prev" time="0.055" /><testcase classname="src.model_checker.theory_lib.bimodal.tests.unit.test_enriched_equivalence.TestAndEquivalence" name="test_and_basic_definition" time="0.056" /><testcase classname="src.model_checker.theory_lib.bimodal.tests.unit.test_enriched_equivalence.TestAndEquivalence" name="test_and_commutativity" time="0.064" /><testcase classname="src.model_checker.theory_lib.bimodal.tests.unit.test_enriched_equivalence.TestAndEquivalence" name="test_and_with_bot" time="0.075" /><testcase classname="src.model_checker.theory_lib.bimodal.tests.unit.test_enriched_equivalence.TestAndEquivalence" name="test_and_associativity" time="0.057" /><testcase classname="src.model_checker.theory_lib.bimodal.tests.unit.test_enriched_equivalence.TestAndEquivalence" name="test_and_contradiction" time="0.053" /><testcase classname="src.model_checker.theory_lib.bimodal.tests.unit.test_enriched_equivalence.TestOrEquivalence" name="test_or_basic_definition" time="0.054" /><testcase classname="src.model_checker.theory_lib.bimodal.tests.unit.test_enriched_equivalence.TestOrEquivalence" name="test_or_commutativity" time="0.053" /><testcase classname="src.model_checker.theory_lib.bimodal.tests.unit.test_enriched_equivalence.TestOrEquivalence" name="test_or_with_bot" time="0.050" /><testcase classname="src.model_checker.theory_lib.bimodal.tests.unit.test_enriched_equivalence.TestOrEquivalence" name="test_or_excluded_middle" time="0.051" /><testcase classname="src.model_checker.theory_lib.bimodal.tests.unit.test_enriched_equivalence.TestOrEquivalence" name="test_or_excluded_middle_is_top" time="0.053" /><testcase classname="src.model_checker.theory_lib.bimodal.tests.unit.test_enriched_equivalence.TestDiamondEquivalence" name="test_diamond_basic_definition" time="0.052" /><testcase classname="src.model_checker.theory_lib.bimodal.tests.unit.test_enriched_equivalence.TestDiamondEquivalence" name="test_diamond_of_neg" time="0.054" /><testcase classname="src.model_checker.theory_lib.bimodal.tests.unit.test_enriched_equivalence.TestDiamondEquivalence" name="test_diamond_of_and" time="0.056" /><testcase classname="src.model_checker.theory_lib.bimodal.tests.unit.test_enriched_equivalence.TestDiamondEquivalence" name="test_diamond_of_or" time="0.066" /><testcase classname="src.model_checker.theory_lib.bimodal.tests.unit.test_enriched_equivalence.TestDiamondEquivalence" name="test_box_implies_diamond" time="0.052" /><testcase classname="src.model_checker.theory_lib.bimodal.tests.unit.test_enriched_equivalence.TestSomeFutureEquivalence" name="test_some_future_via_all_future" time="0.054" /><testcase classname="src.model_checker.theory_lib.bimodal.tests.unit.test_enriched_equivalence.TestSomeFutureEquivalence" name="test_some_future_via_until" time="0.058" /><testcase classname="src.model_checker.theory_lib.bimodal.tests.unit.test_enriched_equivalence.TestSomeFutureEquivalence" name="test_some_future_of_neg" time="0.051" /><testcase classname="src.model_checker.theory_lib.bimodal.tests.unit.test_enriched_equivalence.TestSomeFutureEquivalence" name="test_some_future_of_and" time="0.072" /><testcase classname="src.model_checker.theory_lib.bimodal.tests.unit.test_enriched_equivalence.TestSomeFutureEquivalence" name="test_some_future_of_or" time="0.059" /><testcase classname="src.model_checker.theory_lib.bimodal.tests.unit.test_enriched_equivalence.TestSomePastEquivalence" name="test_some_past_via_all_past" time="0.056" /><testcase classname="src.model_checker.theory_lib.bimodal.tests.unit.test_enriched_equivalence.TestSomePastEquivalence" name="test_some_past_via_since" time="0.062" /><testcase classname="src.model_checker.theory_lib.bimodal.tests.unit.test_enriched_equivalence.TestSomePastEquivalence" name="test_some_past_of_neg" time="0.058" /><testcase classname="src.model_checker.theory_lib.bimodal.tests.unit.test_enriched_equivalence.TestSomePastEquivalence" name="test_some_past_of_and" time="0.057" /><testcase classname="src.model_checker.theory_lib.bimodal.tests.unit.test_enriched_equivalence.TestSomePastEquivalence" name="test_some_past_of_or" time="0.058" /><testcase classname="src.model_checker.theory_lib.bimodal.tests.unit.test_enriched_equivalence.TestAllFutureEquivalence" name="test_all_future_self_equivalence" time="0.060" /><testcase classname="src.model_checker.theory_lib.bimodal.tests.unit.test_enriched_equivalence.TestAllFutureEquivalence" name="test_all_future_via_some_future" time="0.071" /><testcase classname="src.model_checker.theory_lib.bimodal.tests.unit.test_enriched_equivalence.TestAllFutureEquivalence" name="test_all_future_via_until" time="0.071" /><testcase classname="src.model_checker.theory_lib.bimodal.tests.unit.test_enriched_equivalence.TestAllFutureEquivalence" name="test_all_future_of_and" time="0.062" /><testcase classname="src.model_checker.theory_lib.bimodal.tests.unit.test_enriched_equivalence.TestAllFutureEquivalence" name="test_all_future_of_or" time="0.062" /><testcase classname="src.model_checker.theory_lib.bimodal.tests.unit.test_enriched_equivalence.TestAllPastEquivalence" name="test_all_past_self_equivalence" time="0.062" /><testcase classname="src.model_checker.theory_lib.bimodal.tests.unit.test_enriched_equivalence.TestAllPastEquivalence" name="test_all_past_via_some_past" time="0.050" /><testcase classname="src.model_checker.theory_lib.bimodal.tests.unit.test_enriched_equivalence.TestAllPastEquivalence" name="test_all_past_via_since" time="0.049" /><testcase classname="src.model_checker.theory_lib.bimodal.tests.unit.test_enriched_equivalence.TestAllPastEquivalence" name="test_all_past_of_and" time="0.051" /><testcase classname="src.model_checker.theory_lib.bimodal.tests.unit.test_enriched_equivalence.TestAllPastEquivalence" name="test_all_past_of_or" time="0.051" /><testcase classname="src.model_checker.theory_lib.bimodal.tests.unit.test_enriched_equivalence.TestNestedCombinations" name="test_diamond_of_and_neg" time="0.052" /><testcase classname="src.model_checker.theory_lib.bimodal.tests.unit.test_enriched_equivalence.TestNestedCombinations" name="test_some_future_of_or_neg" time="0.051" /><testcase classname="src.model_checker.theory_lib.bimodal.tests.unit.test_enriched_equivalence.TestNestedCombinations" name="test_quadruple_negation" time="0.048" /><testcase classname="src.model_checker.theory_lib.bimodal.tests.unit.test_enriched_equivalence.TestNestedCombinations" name="test_diamond_or_distribution" time="0.055" /><testcase classname="src.model_checker.theory_lib.bimodal.tests.unit.test_enriched_equivalence.TestNestedCombinations" name="test_next_of_and_neg" time="0.058" /><testcase classname="src.model_checker.theory_lib.bimodal.tests.unit.test_enriched_equivalence.TestNestedCombinations" name="test_prev_next_negation_symmetry" time="0.056" /><testcase classname="src.model_checker.theory_lib.bimodal.tests.unit.test_enriched_equivalence.TestNestedCombinations" name="test_modal_temporal_nesting" time="0.052" /><testcase classname="src.model_checker.theory_lib.bimodal.tests.unit.test_enriched_equivalence.TestBoundarySensitivity" name="test_all_future_equiv_at_m2" time="0.056" /><testcase classname="src.model_checker.theory_lib.bimodal.tests.unit.test_enriched_equivalence.TestBoundarySensitivity" name="test_all_future_equiv_at_m3" time="0.057" /><testcase classname="src.model_checker.theory_lib.bimodal.tests.unit.test_enriched_equivalence.TestBoundarySensitivity" name="test_all_past_equiv_at_m2" time="0.051" /><testcase classname="src.model_checker.theory_lib.bimodal.tests.unit.test_enriched_equivalence.TestBoundarySensitivity" name="test_all_past_equiv_at_m3" time="0.053" /><testcase classname="src.model_checker.theory_lib.bimodal.tests.unit.test_enriched_equivalence.TestBoundarySensitivity" name="test_all_future_via_until_at_m3" time="0.054" /><testcase classname="src.model_checker.theory_lib.bimodal.tests.unit.test_enriched_equivalence.TestBoundarySensitivity" name="test_all_past_via_since_at_m3" time="0.052" /><testcase classname="src.model_checker.theory_lib.bimodal.tests.unit.test_foralltime.TestForAllTime" name="test_foralltime_signature" time="0.021" /><testcase classname="src.model_checker.theory_lib.bimodal.tests.unit.test_foralltime.TestForAllTime" name="test_foralltime_wraps_validity" time="0.023" /><testcase classname="src.model_checker.theory_lib.bimodal.tests.unit.test_foralltime.TestForAllTime" name="test_foralltime_structure" time="0.020" /><testcase classname="src.model_checker.theory_lib.bimodal.tests.unit.test_foralltime.TestExistsTime" name="test_existstime_signature" time="0.018" /><testcase classname="src.model_checker.theory_lib.bimodal.tests.unit.test_foralltime.TestExistsTime" name="test_existstime_wraps_validity" time="0.019" /><testcase classname="src.model_checker.theory_lib.bimodal.tests.unit.test_foralltime.TestExistsTime" name="test_existstime_structure" time="0.017" /><testcase classname="src.model_checker.theory_lib.bimodal.tests.unit.test_foralltime.TestTemporalOperatorsUsage" name="test_future_operator_structure_uses_quantifier" time="0.018" /><testcase classname="src.model_checker.theory_lib.bimodal.tests.unit.test_foralltime.TestTemporalOperatorsUsage" name="test_future_operator_false_structure_uses_quantifier" time="0.020" /><testcase classname="src.model_checker.theory_lib.bimodal.tests.unit.test_foralltime.TestTemporalOperatorsUsage" name="test_past_operator_structure_uses_quantifier" time="0.021" /><testcase classname="src.model_checker.theory_lib.bimodal.tests.unit.test_foralltime.TestTemporalOperatorsUsage" name="test_past_operator_false_structure_uses_quantifier" time="0.021" /><testcase classname="src.model_checker.theory_lib.bimodal.tests.unit.test_frame_class_mapping.TestFixtureSmoke" name="test_solved_model_produces_data" time="0.555" /><testcase classname="src.model_checker.theory_lib.bimodal.tests.unit.test_frame_class_mapping.TestFixtureSmoke" name="test_extract_task_rel_pairs_nonempty" time="1.412" /><testcase classname="src.model_checker.theory_lib.bimodal.tests.unit.test_frame_class_mapping.TestFixtureSmoke" name="test_extract_task_rel_has_forced_pair" time="0.156" /><testcase classname="src.model_checker.theory_lib.bimodal.tests.unit.test_frame_class_mapping.TestFixtureSmoke" name="test_extract_world_histories_nonempty" time="0.108" /><testcase classname="src.model_checker.theory_lib.bimodal.tests.unit.test_frame_class_mapping.TestNullityIdentityPostHoc" name="test_no_zero_duration_between_distinct_states" time="0.218" /><testcase classname="src.model_checker.theory_lib.bimodal.tests.unit.test_frame_class_mapping.TestNullityIdentityPostHoc" name="test_every_state_has_zero_duration_self_task" time="0.214" /><testcase classname="src.model_checker.theory_lib.bimodal.tests.unit.test_frame_class_mapping.TestConversePostHoc" name="test_converse_holds_for_all_pairs" time="0.155" /><testcase classname="src.model_checker.theory_lib.bimodal.tests.unit.test_frame_class_mapping.TestForwardCompPostHoc" name="test_forward_composition_holds" time="0.337" /><testcase classname="src.model_checker.theory_lib.bimodal.tests.unit.test_frame_class_mapping.TestLawfulHistoryPostHoc" name="test_consecutive_states_have_unit_task_rel" time="0.199" /><testcase classname="src.model_checker.theory_lib.bimodal.tests.unit.test_frame_class_mapping.TestFrameClassDeclarationConsistency" name="test_three_taskframe_axioms_present_in_frame_constraints" time="0.418" /><testcase classname="src.model_checker.theory_lib.bimodal.tests.unit.test_frame_class_mapping.TestFrameClassDeclarationConsistency" name="test_nullity_axiom_enforced_in_frame" time="0.026" /><testcase classname="src.model_checker.theory_lib.bimodal.tests.unit.test_frame_class_mapping.TestFrameClassDeclarationConsistency" name="test_converse_axiom_enforced_in_frame" time="0.026" /><testcase classname="src.model_checker.theory_lib.bimodal.tests.unit.test_frame_constraints.TestNullityIdentity" name="test_zero_duration_self_task" time="0.101" /><testcase classname="src.model_checker.theory_lib.bimodal.tests.unit.test_frame_constraints.TestNullityIdentity" name="test_zero_duration_different_states_unsat" time="0.024" /><testcase classname="src.model_checker.theory_lib.bimodal.tests.unit.test_frame_constraints.TestConverse" name="test_converse_symmetry" time="0.477" /><testcase classname="src.model_checker.theory_lib.bimodal.tests.unit.test_frame_constraints.TestConverse" name="test_converse_exclusion" time="0.024" /><testcase classname="src.model_checker.theory_lib.bimodal.tests.unit.test_frame_constraints.TestForwardComp" name="test_composition_exists" time="0.180" /><testcase classname="src.model_checker.theory_lib.bimodal.tests.unit.test_frame_constraints.TestForwardComp" name="test_composition_chain" time="0.200" /><testcase classname="src.model_checker.theory_lib.bimodal.tests.unit.test_frame_constraints.TestConstraintInteractions" name="test_lawful_plus_nullity" time="0.140" /><testcase classname="src.model_checker.theory_lib.bimodal.tests.unit.test_frame_constraints.TestConstraintInteractions" name="test_all_constraints_consistent" time="0.173" /><testcase classname="src.model_checker.theory_lib.bimodal.tests.unit.test_modal_witness_integration.TestWitnessComponentsInitialization" name="test_witness_registry_initialized" time="0.022" /><testcase classname="src.model_checker.theory_lib.bimodal.tests.unit.test_modal_witness_integration.TestWitnessComponentsInitialization" name="test_witness_registry_correct_type" time="0.018" /><testcase classname="src.model_checker.theory_lib.bimodal.tests.unit.test_modal_witness_integration.TestWitnessComponentsInitialization" name="test_witness_registry_has_correct_parameters" time="0.015" /><testcase classname="src.model_checker.theory_lib.bimodal.tests.unit.test_modal_witness_integration.TestWitnessComponentsInitialization" name="test_constraint_generator_initialized" time="0.018" /><testcase classname="src.model_checker.theory_lib.bimodal.tests.unit.test_modal_witness_integration.TestWitnessComponentsInitialization" name="test_constraint_generator_correct_type" time="0.016" /><testcase classname="src.model_checker.theory_lib.bimodal.tests.unit.test_modal_witness_integration.TestWitnessComponentsInitialization" name="test_constraint_generator_has_semantics_reference" time="0.017" /><testcase classname="src.model_checker.theory_lib.bimodal.tests.unit.test_modal_witness_integration.TestFormulaStringConversion" name="test_has_formula_string_method" time="0.016" /><testcase classname="src.model_checker.theory_lib.bimodal.tests.unit.test_modal_witness_integration.TestFormulaStringConversion" name="test_formula_string_callable" time="0.017" /><testcase classname="src.model_checker.theory_lib.bimodal.tests.unit.test_modal_witness_integration.TestFormulaStringConversion" name="test_formula_string_simple_sentence" time="0.017" /><testcase classname="src.model_checker.theory_lib.bimodal.tests.unit.test_modal_witness_integration.TestFormulaStringConversion" name="test_formula_string_box_operator" time="0.023" /><testcase classname="src.model_checker.theory_lib.bimodal.tests.unit.test_modal_witness_integration.TestWitnessRegistration" name="test_can_register_witness_manually" time="0.026" /><testcase classname="src.model_checker.theory_lib.bimodal.tests.unit.test_modal_witness_integration.TestWitnessRegistration" name="test_can_generate_constraints_for_registered_witness" time="0.021" /><testcase classname="src.model_checker.theory_lib.bimodal.tests.unit.test_modal_witness_integration.TestNegationUnchanged" name="test_negation_operator_exists" time="0.000" /><testcase classname="src.model_checker.theory_lib.bimodal.tests.unit.test_modal_witness_integration.TestNegationUnchanged" name="test_negation_has_simple_semantics" time="0.017" /><testcase classname="src.model_checker.theory_lib.bimodal.tests.unit.test_modal_witness_integration.TestRegressionBasic" name="test_semantics_initialization_succeeds" time="0.016" /><testcase classname="src.model_checker.theory_lib.bimodal.tests.unit.test_modal_witness_integration.TestRegressionBasic" name="test_has_necessary_semantic_methods" time="0.016" /><testcase classname="src.model_checker.theory_lib.bimodal.tests.unit.test_modal_witness_integration.TestRegressionBasic" name="test_frame_constraints_still_generated" time="0.015" /><testcase classname="src.model_checker.theory_lib.bimodal.tests.unit.test_next_prev.TestDefNextOperatorSignature" name="test_next_operator_exists" time="0.000" /><testcase classname="src.model_checker.theory_lib.bimodal.tests.unit.test_next_prev.TestDefNextOperatorSignature" name="test_next_operator_arity" time="0.000" /><testcase classname="src.model_checker.theory_lib.bimodal.tests.unit.test_next_prev.TestDefNextOperatorSignature" name="test_next_operator_name" time="0.000" /><testcase classname="src.model_checker.theory_lib.bimodal.tests.unit.test_next_prev.TestDefNextOperatorSignature" name="test_next_is_defined_operator_subclass" time="0.000" /><testcase classname="src.model_checker.theory_lib.bimodal.tests.unit.test_next_prev.TestDefNextOperatorSignature" name="test_next_has_derived_definition" time="0.000" /><testcase classname="src.model_checker.theory_lib.bimodal.tests.unit.test_next_prev.TestDefNextOperatorSignature" name="test_next_has_print_method" time="0.000" /><testcase classname="src.model_checker.theory_lib.bimodal.tests.unit.test_next_prev.TestDefNextOperatorSignature" name="test_next_not_primitive" time="0.000" /><testcase classname="src.model_checker.theory_lib.bimodal.tests.unit.test_next_prev.TestDefPrevOperatorSignature" name="test_prev_operator_exists" time="0.000" /><testcase classname="src.model_checker.theory_lib.bimodal.tests.unit.test_next_prev.TestDefPrevOperatorSignature" name="test_prev_operator_arity" time="0.000" /><testcase classname="src.model_checker.theory_lib.bimodal.tests.unit.test_next_prev.TestDefPrevOperatorSignature" name="test_prev_operator_name" time="0.000" /><testcase classname="src.model_checker.theory_lib.bimodal.tests.unit.test_next_prev.TestDefPrevOperatorSignature" name="test_prev_is_defined_operator_subclass" time="0.000" /><testcase classname="src.model_checker.theory_lib.bimodal.tests.unit.test_next_prev.TestDefPrevOperatorSignature" name="test_prev_has_derived_definition" time="0.000" /><testcase classname="src.model_checker.theory_lib.bimodal.tests.unit.test_next_prev.TestDefPrevOperatorSignature" name="test_prev_has_print_method" time="0.000" /><testcase classname="src.model_checker.theory_lib.bimodal.tests.unit.test_next_prev.TestDefPrevOperatorSignature" name="test_prev_not_primitive" time="0.000" /><testcase classname="src.model_checker.theory_lib.bimodal.tests.unit.test_next_prev.TestDefNextDefinition" name="test_next_derived_definition_returns_list" time="0.020" /><testcase classname="src.model_checker.theory_lib.bimodal.tests.unit.test_next_prev.TestDefNextDefinition" name="test_next_derived_definition_uses_until_operator" time="0.018" /><testcase classname="src.model_checker.theory_lib.bimodal.tests.unit.test_next_prev.TestDefNextDefinition" name="test_next_derived_definition_argument_is_event" time="0.018" /><testcase classname="src.model_checker.theory_lib.bimodal.tests.unit.test_next_prev.TestDefNextDefinition" name="test_next_derived_definition_guard_is_bot" time="0.020" /><testcase classname="src.model_checker.theory_lib.bimodal.tests.unit.test_next_prev.TestDefNextDefinition" name="test_next_derived_definition_full_structure" time="0.027" /><testcase classname="src.model_checker.theory_lib.bimodal.tests.unit.test_next_prev.TestDefPrevDefinition" name="test_prev_derived_definition_returns_list" time="0.028" /><testcase classname="src.model_checker.theory_lib.bimodal.tests.unit.test_next_prev.TestDefPrevDefinition" name="test_prev_derived_definition_uses_since_operator" time="0.033" /><testcase classname="src.model_checker.theory_lib.bimodal.tests.unit.test_next_prev.TestDefPrevDefinition" name="test_prev_derived_definition_argument_is_event" time="0.028" /><testcase classname="src.model_checker.theory_lib.bimodal.tests.unit.test_next_prev.TestDefPrevDefinition" name="test_prev_derived_definition_guard_is_bot" time="0.025" /><testcase classname="src.model_checker.theory_lib.bimodal.tests.unit.test_next_prev.TestDefPrevDefinition" name="test_prev_derived_definition_full_structure" time="0.024" /><testcase classname="src.model_checker.theory_lib.bimodal.tests.unit.test_next_prev.TestOperatorRegistration" name="test_next_in_bimodal_operators" time="0.000" /><testcase classname="src.model_checker.theory_lib.bimodal.tests.unit.test_next_prev.TestOperatorRegistration" name="test_prev_in_bimodal_operators" time="0.000" /><testcase classname="src.model_checker.theory_lib.bimodal.tests.unit.test_next_prev.TestOperatorRegistration" name="test_next_resolves_to_correct_class" time="0.000" /><testcase classname="src.model_checker.theory_lib.bimodal.tests.unit.test_next_prev.TestOperatorRegistration" name="test_prev_resolves_to_correct_class" time="0.000" /><testcase classname="src.model_checker.theory_lib.bimodal.tests.unit.test_next_prev.TestPrefixConstruction" name="test_next_syntax_parses" time="0.000" /><testcase classname="src.model_checker.theory_lib.bimodal.tests.unit.test_next_prev.TestPrefixConstruction" name="test_prev_syntax_parses" time="0.000" /><testcase classname="src.model_checker.theory_lib.bimodal.tests.unit.test_next_prev.TestPrefixConstruction" name="test_next_in_compound_formula" time="0.001" /><testcase classname="src.model_checker.theory_lib.bimodal.tests.unit.test_next_prev.TestPrefixConstruction" name="test_prev_in_compound_formula" time="0.001" /><testcase classname="src.model_checker.theory_lib.bimodal.tests.unit.test_next_prev.TestSemanticEquivalence" name="test_next_equivalent_to_until_bot" time="0.058" /><testcase classname="src.model_checker.theory_lib.bimodal.tests.unit.test_next_prev.TestSemanticEquivalence" name="test_prev_equivalent_to_since_bot" time="0.057" /><testcase classname="src.model_checker.theory_lib.bimodal.tests.unit.test_semantic_module_registration.TestBimodalSemanticModuleRegistration" name="test_bimodal_semantics_class_pickles_and_unpickles" time="0.000" /><testcase classname="src.model_checker.theory_lib.bimodal.tests.unit.test_semantic_module_registration.TestBimodalSemanticModuleRegistration" name="test_bimodal_semantics_class_survives_process_pool_round_trip" time="0.013" /><testcase classname="src.model_checker.theory_lib.bimodal.tests.unit.test_semantic_module_registration.TestBimodalSemanticModuleRegistration" name="test_dynamic_loader_registers_synthetic_module_name" time="0.000" /><testcase classname="src.model_checker.theory_lib.bimodal.tests.unit.test_until_since.TestUntilOperatorSignature" name="test_until_operator_exists" time="0.000" /><testcase classname="src.model_checker.theory_lib.bimodal.tests.unit.test_until_since.TestUntilOperatorSignature" name="test_until_operator_arity" time="0.000" /><testcase classname="src.model_checker.theory_lib.bimodal.tests.unit.test_until_since.TestUntilOperatorSignature" name="test_until_operator_name" time="0.000" /><testcase classname="src.model_checker.theory_lib.bimodal.tests.unit.test_until_since.TestUntilOperatorSignature" name="test_until_has_required_methods" time="0.024" /><testcase classname="src.model_checker.theory_lib.bimodal.tests.unit.test_until_since.TestUntilOperatorSignature" name="test_until_methods_are_callable" time="0.026" /><testcase classname="src.model_checker.theory_lib.bimodal.tests.unit.test_until_since.TestSinceOperatorSignature" name="test_since_operator_exists" time="0.000" /><testcase classname="src.model_checker.theory_lib.bimodal.tests.unit.test_until_since.TestSinceOperatorSignature" name="test_since_operator_arity" time="0.000" /><testcase classname="src.model_checker.theory_lib.bimodal.tests.unit.test_until_since.TestSinceOperatorSignature" name="test_since_operator_name" time="0.000" /><testcase classname="src.model_checker.theory_lib.bimodal.tests.unit.test_until_since.TestSinceOperatorSignature" name="test_since_has_required_methods" time="0.021" /><testcase classname="src.model_checker.theory_lib.bimodal.tests.unit.test_until_since.TestSinceOperatorSignature" name="test_since_methods_are_callable" time="0.020" /><testcase classname="src.model_checker.theory_lib.bimodal.tests.unit.test_until_since.TestUntilOperatorZ3Structure" name="test_until_true_at_returns_z3_expression" time="0.019" /><testcase classname="src.model_checker.theory_lib.bimodal.tests.unit.test_until_since.TestUntilOperatorZ3Structure" name="test_until_true_at_uses_nested_quantifiers" time="0.018" /><testcase classname="src.model_checker.theory_lib.bimodal.tests.unit.test_until_since.TestUntilOperatorZ3Structure" name="test_until_false_at_returns_z3_expression" time="0.021" /><testcase classname="src.model_checker.theory_lib.bimodal.tests.unit.test_until_since.TestUntilOperatorZ3Structure" name="test_until_false_at_uses_nested_quantifiers" time="0.021" /><testcase classname="src.model_checker.theory_lib.bimodal.tests.unit.test_until_since.TestSinceOperatorZ3Structure" name="test_since_true_at_returns_z3_expression" time="0.021" /><testcase classname="src.model_checker.theory_lib.bimodal.tests.unit.test_until_since.TestSinceOperatorZ3Structure" name="test_since_true_at_uses_nested_quantifiers" time="0.027" /><testcase classname="src.model_checker.theory_lib.bimodal.tests.unit.test_until_since.TestSinceOperatorZ3Structure" name="test_since_false_at_returns_z3_expression" time="0.022" /><testcase classname="src.model_checker.theory_lib.bimodal.tests.unit.test_until_since.TestUntilVariableNaming" name="test_until_true_at_variable_names" time="0.020" /><testcase classname="src.model_checker.theory_lib.bimodal.tests.unit.test_until_since.TestUntilVariableNaming" name="test_until_false_at_variable_names" time="0.030" /><testcase classname="src.model_checker.theory_lib.bimodal.tests.unit.test_until_since.TestSinceVariableNaming" name="test_since_true_at_variable_names" time="0.022" /><testcase classname="src.model_checker.theory_lib.bimodal.tests.unit.test_until_since.TestSinceVariableNaming" name="test_since_false_at_variable_names" time="0.019" /><testcase classname="src.model_checker.theory_lib.bimodal.tests.unit.test_until_since.TestUntilFindTruthCondition" name="test_until_find_truth_condition_returns_dict" time="0.018" /><testcase classname="src.model_checker.theory_lib.bimodal.tests.unit.test_until_since.TestUntilFindTruthCondition" name="test_until_find_truth_condition_basic_case" time="0.018" /><testcase classname="src.model_checker.theory_lib.bimodal.tests.unit.test_until_since.TestUntilFindTruthCondition" name="test_until_vacuously_false_at_boundary" time="0.021" /><testcase classname="src.model_checker.theory_lib.bimodal.tests.unit.test_until_since.TestSinceFindTruthCondition" name="test_since_find_truth_condition_returns_dict" time="0.018" /><testcase classname="src.model_checker.theory_lib.bimodal.tests.unit.test_until_since.TestSinceFindTruthCondition" name="test_since_find_truth_condition_basic_case" time="0.017" /><testcase classname="src.model_checker.theory_lib.bimodal.tests.unit.test_until_since.TestSinceFindTruthCondition" name="test_since_vacuously_false_at_boundary" time="0.017" /><testcase classname="src.model_checker.theory_lib.bimodal.tests.unit.test_until_since.TestOperatorRegistration" name="test_operators_in_bimodal_operators" time="0.000" /><testcase classname="src.model_checker.theory_lib.bimodal.tests.unit.test_witness_constraints.TestInitialization" name="test_initialization_stores_semantics" time="0.018" /><testcase classname="src.model_checker.theory_lib.bimodal.tests.unit.test_witness_constraints.TestInitialization" name="test_initialization_stores_N" time="0.026" /><testcase classname="src.model_checker.theory_lib.bimodal.tests.unit.test_witness_constraints.TestInitialization" name="test_initialization_stores_M" time="0.025" /><testcase classname="src.model_checker.theory_lib.bimodal.tests.unit.test_witness_constraints.TestGenerateWitnessConstraints" name="test_generate_returns_list" time="0.021" /><testcase classname="src.model_checker.theory_lib.bimodal.tests.unit.test_witness_constraints.TestGenerateWitnessConstraints" name="test_generate_returns_z3_constraints" time="0.020" /><testcase classname="src.model_checker.theory_lib.bimodal.tests.unit.test_witness_constraints.TestGenerateWitnessConstraints" name="test_generate_empty_formula_raises_error" time="0.017" /><testcase classname="src.model_checker.theory_lib.bimodal.tests.unit.test_witness_constraints.TestGenerateWitnessConstraints" name="test_generate_none_predicate_raises_error" time="0.017" /><testcase classname="src.model_checker.theory_lib.bimodal.tests.unit.test_witness_constraints.TestConstraintStructure" name="test_constraints_contain_forall" time="0.020" /><testcase classname="src.model_checker.theory_lib.bimodal.tests.unit.test_witness_constraints.TestConstraintStructure" name="test_constraints_reference_predicate" time="0.019" /><testcase classname="src.model_checker.theory_lib.bimodal.tests.unit.test_witness_constraints.TestConstraintStructure" name="test_constraints_use_implies" time="0.021" /><testcase classname="src.model_checker.theory_lib.bimodal.tests.unit.test_witness_constraints.TestSemanticReferences" name="test_constraints_reference_is_world" time="0.020" /><testcase classname="src.model_checker.theory_lib.bimodal.tests.unit.test_witness_constraints.TestSemanticReferences" name="test_constraints_check_time_validity" time="0.020" /><testcase classname="src.model_checker.theory_lib.bimodal.tests.unit.test_witness_constraints.TestMultipleFormulas" name="test_different_formulas_different_constraints" time="0.021" /><testcase classname="src.model_checker.theory_lib.bimodal.tests.unit.test_witness_registry.TestInitialization" name="test_initialization_stores_parameters" time="0.000" /><testcase classname="src.model_checker.theory_lib.bimodal.tests.unit.test_witness_registry.TestInitialization" name="test_initialization_empty_dicts" time="0.000" /><testcase classname="src.model_checker.theory_lib.bimodal.tests.unit.test_witness_registry.TestRegisterWitnessPredicate" name="test_register_single_predicate" time="0.000" /><testcase classname="src.model_checker.theory_lib.bimodal.tests.unit.test_witness_registry.TestRegisterWitnessPredicate" name="test_register_predicate_signature" time="0.000" /><testcase classname="src.model_checker.theory_lib.bimodal.tests.unit.test_witness_registry.TestRegisterWitnessPredicate" name="test_register_predicate_naming_convention" time="0.000" /><testcase classname="src.model_checker.theory_lib.bimodal.tests.unit.test_witness_registry.TestRegisterWitnessPredicate" name="test_register_multiple_formulas" time="0.000" /><testcase classname="src.model_checker.theory_lib.bimodal.tests.unit.test_witness_registry.TestRegisterWitnessPredicate" name="test_register_same_formula_twice_raises_error" time="0.000" /><testcase classname="src.model_checker.theory_lib.bimodal.tests.unit.test_witness_registry.TestRegisterWitnessPredicate" name="test_register_empty_formula_raises_error" time="0.000" /><testcase classname="src.model_checker.theory_lib.bimodal.tests.unit.test_witness_registry.TestRegisterWitnessPredicate" name="test_register_stores_in_all_structures" time="0.000" /><testcase classname="src.model_checker.theory_lib.bimodal.tests.unit.test_witness_registry.TestGetWitnessPredicate" name="test_get_registered_predicate" time="0.000" /><testcase classname="src.model_checker.theory_lib.bimodal.tests.unit.test_witness_registry.TestGetWitnessPredicate" name="test_get_predicate_uses_cache" time="0.000" /><testcase classname="src.model_checker.theory_lib.bimodal.tests.unit.test_witness_registry.TestGetWitnessPredicate" name="test_get_unregistered_predicate_raises_error" time="0.000" /><testcase classname="src.model_checker.theory_lib.bimodal.tests.unit.test_witness_registry.TestHasWitnessPredicate" name="test_has_predicate_existing_returns_true" time="0.000" /><testcase classname="src.model_checker.theory_lib.bimodal.tests.unit.test_witness_registry.TestHasWitnessPredicate" name="test_has_predicate_nonexistent_returns_false" time="0.000" /><testcase classname="src.model_checker.theory_lib.bimodal.tests.unit.test_witness_registry.TestHasWitnessPredicate" name="test_has_predicate_no_error" time="0.000" /><testcase classname="src.model_checker.theory_lib.bimodal.tests.unit.test_witness_registry.TestGetAllPredicates" name="test_get_all_predicates_empty" time="0.000" /><testcase classname="src.model_checker.theory_lib.bimodal.tests.unit.test_witness_registry.TestGetAllPredicates" name="test_get_all_predicates_returns_copy" time="0.000" /><testcase classname="src.model_checker.theory_lib.bimodal.tests.unit.test_witness_registry.TestGetAllPredicates" name="test_get_all_predicates_contents" time="0.000" /><testcase classname="src.model_checker.theory_lib.bimodal.tests.unit.test_witness_registry.TestClear" name="test_clear_empties_all_structures" time="0.000" /><testcase classname="src.model_checker.theory_lib.bimodal.tests.unit.test_witness_registry.TestClear" name="test_clear_allows_reregistration" time="0.000" /></testsuite></testsuites>