<?xml version="1.0" encoding="utf-8"?><testsuites name="pytest tests"><testsuite name="pytest" errors="0" failures="28" skipped="0" tests="1880" time="47.374" timestamp="2026-07-24T07:49:07.144989-07:00" hostname="hamsa"><testcase classname="src.model_checker.builder.tests.test_refactoring_target_behavior.TestTargetLoaderBehavior" name="test_no_circular_dependencies" time="0.002" /><testcase classname="tests.integration.test_performance.TestExecutionPerformance" name="test_scaling_with_n[8-10.0]" time="0.003" /><testcase classname="tests.e2e.test_batch_output_real.TestBatchOutputReal" name="test_bimodal_batch_output" time="0.226"><failure message="AssertionError: 1 != 0 : CLI command failed.&#10;stdout: &#10;stderr: Traceback (most recent call last):&#10;  File &quot;&lt;frozen runpy&gt;&quot;, line 198, in _run_module_as_main&#10;  File &quot;&lt;frozen runpy&gt;&quot;, line 88, in _run_code&#10;  File &quot;/home/benjamin/Projects/ModelChecker/code/src/model_checker/__main__.py&quot;, line 321, in &lt;module&gt;&#10;    run()&#10;    ~~~^^&#10;  File &quot;/home/benjamin/Projects/ModelChecker/code/src/model_checker/__main__.py&quot;, line 318, in run&#10;    main()&#10;    ~~~~^^&#10;  File &quot;/home/benjamin/Projects/ModelChecker/code/src/model_checker/__main__.py&quot;, line 314, in main&#10;    module.runner.run_examples()&#10;    ~~~~~~~~~~~~~~~~~~~~~~~~~~^^&#10;  File &quot;/home/benjamin/Projects/ModelChecker/code/src/model_checker/builder/runner.py&quot;, line 739, in run_examples&#10;    self.process_example(example_name, example_copy, theory_name, semantic_theory)&#10;    ~~~~~~~~~~~~~~~~~~~~^^^^^^^^^^^^^^^^^^^^^^^^^^^^^^^^^^^^^^^^^^^^^^^^^^^^^^^^^^&#10;  File &quot;/home/benjamin/Projects/ModelChecker/code/src/model_checker/builder/runner.py&quot;, line 294, in process_example&#10;    return self._process_single_model(example_name, example_case, theory_name, semantic_theory)&#10;           ~~~~~~~~~~~~~~~~~~~~~~~~~~^^^^^^^^^^^^^^^^^^^^^^^^^^^^^^^^^^^^^^^^^^^^^^^^^^^^^^^^^^&#10;  File &quot;/home/benjamin/Projects/ModelChecker/code/src/model_checker/builder/runner.py&quot;, line 376, in _process_single_model&#10;    example = BuildExample(self.build_module, semantic_theory, example_case, theory_name)&#10;  File &quot;/home/benjamin/Projects/ModelChecker/code/src/model_checker/builder/example.py&quot;, line 88, in __init__&#10;    self._build_model_structure()&#10;    ~~~~~~~~~~~~~~~~~~~~~~~~~~~^^&#10;  File &quot;/home/benjamin/Projects/ModelChecker/code/src/model_checker/builder/example.py&quot;, line 178, in _build_model_structure&#10;    self.example_syntax = Syntax(self.premises, self.conclusions, self.operators)&#10;                          ~~~~~~^^^^^^^^^^^^^^^^^^^^^^^^^^^^^^^^^^^^^^^^^^^^^^^^^&#10;  File &quot;/home/benjamin/Projects/ModelChecker/code/src/model_checker/syntactic/syntax.py&quot;, line 66, in __init__&#10;    self.conclusions = self.initialize_sentences(self.infix_conclusions)&#10;                       ~~~~~~~~~~~~~~~~~~~~~~~~~^^^^^^^^^^^^^^^^^^^^^^^^&#10;  File &quot;/home/benjamin/Projects/ModelChecker/code/src/model_checker/syntactic/syntax.py&quot;, line 147, in initialize_sentences&#10;    sentence = build_sentence(infix_sent)&#10;  File &quot;/home/benjamin/Projects/ModelChecker/code/src/model_checker/syntactic/syntax.py&quot;, line 99, in build_sentence&#10;    sentence = Sentence(infix_sentence, _internal=is_subformula)&#10;  File &quot;/home/benjamin/Projects/ModelChecker/code/src/model_checker/syntactic/sentence.py&quot;, line 71, in __init__&#10;    self.prefix_sentence, self.complexity = self.prefix(infix_sentence)&#10;                                            ~~~~~~~~~~~^^^^^^^^^^^^^^^^&#10;  File &quot;/home/benjamin/Projects/ModelChecker/code/src/model_checker/syntactic/sentence.py&quot;, line 142, in prefix&#10;    derived_object, complexity = parse_expression(tokens)&#10;                                 ~~~~~~~~~~~~~~~~^^^^^^^^&#10;  File &quot;/home/benjamin/Projects/ModelChecker/code/src/model_checker/utils/parsing.py&quot;, line 44, in parse_expression&#10;    arg, comp = parse_expression(tokens)&#10;                ~~~~~~~~~~~~~~~~^^^^^^^^&#10;  File &quot;/home/benjamin/Projects/ModelChecker/code/src/model_checker/utils/parsing.py&quot;, line 16, in parse_expression&#10;    raise ValueError(&quot;Empty token list&quot;)&#10;ValueError: Empty token list">self = &lt;tests.e2e.test_batch_output_real.TestBatchOutputReal testMethod=test_bimodal_batch_output&gt;

        def test_bimodal_batch_output(self):
            """Test bimodal CLI invocation succeeds with correct flags.
    
            This test verifies the CLI can run with the bimodal theory using
            the correct flags (-l for theory selection). The test uses a
            proper module format with semantic_theories and example_range.
            """
            # Create test example in proper ModelChecker module format
            example_content = '''"""Test bimodal example for output."""
    
    from model_checker.theory_lib import bimodal
    
    theory = bimodal.get_theory()
    semantic_theories = {"test": theory}
    
    # Simple example with bimodal operators
    example_range = {
        "TEST": [
            [],        # premises
            ["A[]"],   # conclusions (simple atomic proposition)
            {"N": 2}   # settings
        ]
    }
    '''
    
            example_path = os.path.join(self.test_dir, "test_output.py")
            with open(example_path, 'w') as f:
                f.write(example_content)
    
            # Run the example with correct CLI flags
            import subprocess
            import sys
    
            # Use -l for load_theory (correct flag)
            result = subprocess.run([
                sys.executable, '-m', 'model_checker',
                example_path
            ], capture_output=True, text=True, env={
                **os.environ,
                'PYTHONPATH': str(Path(__file__).parents[2] / 'src')
            })
    
            # Check execution succeeded (return code 0)
&gt;           self.assertEqual(result.returncode, 0,
                f"CLI command failed.\nstdout: {result.stdout}\nstderr: {result.stderr}")
E               AssertionError: 1 != 0 : CLI command failed.
E               stdout: 
E               stderr: Traceback (most recent call last):
E                 File "&lt;frozen runpy&gt;", line 198, in _run_module_as_main
E                 File "&lt;frozen runpy&gt;", line 88, in _run_code
E                 File "/home/benjamin/Projects/ModelChecker/code/src/model_checker/__main__.py", line 321, in &lt;module&gt;
E                   run()
E                   ~~~^^
E                 File "/home/benjamin/Projects/ModelChecker/code/src/model_checker/__main__.py", line 318, in run
E                   main()
E                   ~~~~^^
E                 File "/home/benjamin/Projects/ModelChecker/code/src/model_checker/__main__.py", line 314, in main
E                   module.runner.run_examples()
E                   ~~~~~~~~~~~~~~~~~~~~~~~~~~^^
E                 File "/home/benjamin/Projects/ModelChecker/code/src/model_checker/builder/runner.py", line 739, in run_examples
E                   self.process_example(example_name, example_copy, theory_name, semantic_theory)
E                   ~~~~~~~~~~~~~~~~~~~~^^^^^^^^^^^^^^^^^^^^^^^^^^^^^^^^^^^^^^^^^^^^^^^^^^^^^^^^^^
E                 File "/home/benjamin/Projects/ModelChecker/code/src/model_checker/builder/runner.py", line 294, in process_example
E                   return self._process_single_model(example_name, example_case, theory_name, semantic_theory)
E                          ~~~~~~~~~~~~~~~~~~~~~~~~~~^^^^^^^^^^^^^^^^^^^^^^^^^^^^^^^^^^^^^^^^^^^^^^^^^^^^^^^^^^
E                 File "/home/benjamin/Projects/ModelChecker/code/src/model_checker/builder/runner.py", line 376, in _process_single_model
E                   example = BuildExample(self.build_module, semantic_theory, example_case, theory_name)
E                 File "/home/benjamin/Projects/ModelChecker/code/src/model_checker/builder/example.py", line 88, in __init__
E                   self._build_model_structure()
E                   ~~~~~~~~~~~~~~~~~~~~~~~~~~~^^
E                 File "/home/benjamin/Projects/ModelChecker/code/src/model_checker/builder/example.py", line 178, in _build_model_structure
E                   self.example_syntax = Syntax(self.premises, self.conclusions, self.operators)
E                                         ~~~~~~^^^^^^^^^^^^^^^^^^^^^^^^^^^^^^^^^^^^^^^^^^^^^^^^^
E                 File "/home/benjamin/Projects/ModelChecker/code/src/model_checker/syntactic/syntax.py", line 66, in __init__
E                   self.conclusions = self.initialize_sentences(self.infix_conclusions)
E                                      ~~~~~~~~~~~~~~~~~~~~~~~~~^^^^^^^^^^^^^^^^^^^^^^^^
E                 File "/home/benjamin/Projects/ModelChecker/code/src/model_checker/syntactic/syntax.py", line 147, in initialize_sentences
E                   sentence = build_sentence(infix_sent)
E                 File "/home/benjamin/Projects/ModelChecker/code/src/model_checker/syntactic/syntax.py", line 99, in build_sentence
E                   sentence = Sentence(infix_sentence, _internal=is_subformula)
E                 File "/home/benjamin/Projects/ModelChecker/code/src/model_checker/syntactic/sentence.py", line 71, in __init__
E                   self.prefix_sentence, self.complexity = self.prefix(infix_sentence)
E                                                           ~~~~~~~~~~~^^^^^^^^^^^^^^^^
E                 File "/home/benjamin/Projects/ModelChecker/code/src/model_checker/syntactic/sentence.py", line 142, in prefix
E                   derived_object, complexity = parse_expression(tokens)
E                                                ~~~~~~~~~~~~~~~~^^^^^^^^
E                 File "/home/benjamin/Projects/ModelChecker/code/src/model_checker/utils/parsing.py", line 44, in parse_expression
E                   arg, comp = parse_expression(tokens)
E                               ~~~~~~~~~~~~~~~~^^^^^^^^
E                 File "/home/benjamin/Projects/ModelChecker/code/src/model_checker/utils/parsing.py", line 16, in parse_expression
E                   raise ValueError("Empty token list")
E               ValueError: Empty token list

code/tests/e2e/test_batch_output_real.py:65: AssertionError</failure></testcase><testcase classname="tests.integration.test_settings_system.TestSettingsValidation" name="test_boolean_settings[false-False-print_constraints]" time="0.004" /><testcase classname="tests.integration.test_settings_system.TestSettingsValidation" name="test_boolean_settings[false-False-print_z3]" time="0.002" /><testcase classname="tests.integration.test_system_imports.TestImportStructure" name="test_settings_imports" time="0.003" /><testcase classname="tests.integration.test_system_imports.TestTheoryStructure" name="test_theory_has_get_theory[logos]" time="0.001" /><testcase classname="tests.integration.test_system_imports.TestTheoryStructure" name="test_theory_has_get_theory[bimodal]" time="0.001" /><testcase classname="tests.integration.test_system_imports.TestTheoryStructure" name="test_theory_components[logos]" time="0.002" /><testcase classname="tests.integration.test_performance.TestMemoryPerformance" name="test_memory_usage_simple" time="0.003"><failure message="ValueError: Empty token list">self = &lt;tests.integration.test_performance.TestMemoryPerformance object at 0x7f3cfbf4c2d0&gt;

    def test_memory_usage_simple(self):
        """Test memory usage for simple models."""
        import tracemalloc
    
        # Start memory tracking
        tracemalloc.start()
    
        # Create simple model
&gt;       model = create_test_model({'N': 3})
                ^^^^^^^^^^^^^^^^^^^^^^^^^^^

code/tests/integration/test_performance.py:107: 
_ _ _ _ _ _ _ _ _ _ _ _ _ _ _ _ _ _ _ _ _ _ _ _ _ _ _ _ _ _ _ _ _ _ _ _ _ _ _ _ 
code/tests/utils/helpers.py:288: in create_test_model
    syntax = Syntax(premises, conclusions, operators)
             ^^^^^^^^^^^^^^^^^^^^^^^^^^^^^^^^^^^^^^^^
code/src/model_checker/syntactic/syntax.py:66: in __init__
    self.conclusions = self.initialize_sentences(self.infix_conclusions)
                       ^^^^^^^^^^^^^^^^^^^^^^^^^^^^^^^^^^^^^^^^^^^^^^^^^
code/src/model_checker/syntactic/syntax.py:147: in initialize_sentences
    sentence = build_sentence(infix_sent)
               ^^^^^^^^^^^^^^^^^^^^^^^^^^
code/src/model_checker/syntactic/syntax.py:99: in build_sentence
    sentence = Sentence(infix_sentence, _internal=is_subformula)
               ^^^^^^^^^^^^^^^^^^^^^^^^^^^^^^^^^^^^^^^^^^^^^^^^^
code/src/model_checker/syntactic/sentence.py:71: in __init__
    self.prefix_sentence, self.complexity = self.prefix(infix_sentence)
                                            ^^^^^^^^^^^^^^^^^^^^^^^^^^^
code/src/model_checker/syntactic/sentence.py:142: in prefix
    derived_object, complexity = parse_expression(tokens)
                                 ^^^^^^^^^^^^^^^^^^^^^^^^
code/src/model_checker/utils/parsing.py:44: in parse_expression
    arg, comp = parse_expression(tokens)
                ^^^^^^^^^^^^^^^^^^^^^^^^
_ _ _ _ _ _ _ _ _ _ _ _ _ _ _ _ _ _ _ _ _ _ _ _ _ _ _ _ _ _ _ _ _ _ _ _ _ _ _ _ 

tokens = []

    def parse_expression(tokens: List[str]) -&gt; Tuple[List[Any], int]:
        """Parses a list of tokens representing a propositional expression and returns
        the expression in prefix notation.
        """
        if not tokens:  # Check if tokens are empty before processing
&gt;           raise ValueError("Empty token list")
E           ValueError: Empty token list

code/src/model_checker/utils/parsing.py:16: ValueError</failure></testcase><testcase classname="tests.integration.test_settings_system.TestSettingsValidation" name="test_boolean_settings[false-False-save_output]" time="0.002" /><testcase classname="src.model_checker.builder.tests.test_refactoring_target_behavior.TestTargetLoaderBehavior" name="test_no_config_py_support" time="0.001" /><testcase classname="src.model_checker.builder.tests.test_refactoring_target_behavior.TestTargetLoaderBehavior" name="test_no_legacy_detection_methods" time="0.002" /><testcase classname="src.model_checker.builder.tests.test_refactoring_target_behavior.TestTargetLoaderBehavior" name="test_no_optional_parameters" time="0.001" /><testcase classname="src.model_checker.builder.tests.test_refactoring_target_behavior.TestTargetLoaderBehavior" name="test_only_modelchecker_marker_support" time="0.001" /><testcase classname="src.model_checker.builder.tests.test_refactoring_target_behavior.TestTargetLoaderBehavior" name="test_performance_improvement" time="0.003" /><testcase classname="tests.integration.test_system_imports.TestTheoryStructure" name="test_theory_components[bimodal]" time="0.002" /><testcase classname="tests.integration.test_system_imports.TestPackageImports" name="test_module_imports[model_checker.builder-class_names0]" time="0.001" /><testcase classname="tests.integration.test_settings_system.TestSettingsValidation" name="test_boolean_settings[false-False-print_impossible]" time="0.002" /><testcase classname="src.model_checker.builder.tests.integration.test_cli_interactive_integration.TestCLIInteractiveFlagIntegration" name="test_no_interactive_flag_prompts_user_for_mode_selection" time="0.005" /><testcase classname="src.model_checker.builder.tests.integration.test_cli_interactive_integration.TestInteractiveFlagEdgeCases" name="test_interactive_flag_behavior_with_empty_example_range" time="0.003" /><testcase classname="src.model_checker.builder.tests.integration.test_cli_interactive_integration.TestInteractiveFlagEdgeCases" name="test_interactive_flag_with_conflicting_configuration_resolves_appropriately" time="0.003" /><testcase classname="src.model_checker.builder.tests.integration.test_cli_interactive_integration.TestInteractiveFlagEdgeCases" name="test_interactive_flag_with_invalid_module_produces_clear_error" time="0.002" /><testcase classname="tests.integration.test_system_imports.TestPackageImports" name="test_module_imports[model_checker.models-class_names1]" time="0.001" /><testcase classname="src.model_checker.builder.tests.integration.test_cli_interactive_integration.TestInteractiveModeUserExperience" name="test_interactive_mode_integration_with_real_user_workflow" time="0.002" /><testcase classname="src.model_checker.builder.tests.test_refactoring_target_behavior.TestTargetLoaderBehavior" name="test_permanent_sys_path_changes" time="0.002" /><testcase classname="src.model_checker.builder.tests.test_refactoring_target_behavior.TestTargetLoaderBehavior" name="test_separated_detector_class_exists" time="0.001" /><testcase classname="src.model_checker.builder.tests.test_refactoring_target_behavior.TestTargetLoaderBehavior" name="test_simplified_code_structure" time="0.001" /><testcase classname="src.model_checker.builder.tests.test_refactoring_target_behavior.TestTargetLoaderBehavior" name="test_strategy_pattern_for_imports" time="0.001" /><testcase classname="tests.integration.test_system_imports.TestPackageImports" name="test_module_imports[model_checker.syntactic-class_names2]" time="0.001" /><testcase classname="tests.integration.test_system_imports.TestPackageImports" name="test_module_imports[model_checker.settings-class_names3]" time="0.001" /><testcase classname="tests.integration.test_system_imports.TestPackageImports" name="test_error_hierarchy[ModelError-Exception]" time="0.001" /><testcase classname="tests.integration.test_system_imports.TestPackageImports" name="test_error_hierarchy[ModelConstraintError-ModelError]" time="0.001" /><testcase classname="tests.integration.test_system_imports.TestPackageImports" name="test_error_hierarchy[ModelSolverError-ModelError]" time="0.001" /><testcase classname="tests.integration.test_system_imports.TestPackageImports" name="test_error_hierarchy[ModelConfigurationError-ModelError]" time="0.001" /><testcase classname="src.model_checker.builder.tests.integration.test_cli_interactive_integration.TestInteractiveModeUserExperience" name="test_interactive_mode_provides_appropriate_user_feedback" time="0.002" /><testcase classname="src.model_checker.builder.tests.integration.test_component_integration.TestLoaderRunnerIntegration" name="test_loader_runner_workflow_processes_examples_correctly" time="0.002" /><testcase classname="tests.integration.test_timeout_resources.TestTimeoutHandling" name="test_z3_solver_timeout" time="0.001" /><testcase classname="src.model_checker.builder.tests.unit.test_comparison.TestModelComparisonCore" name="test_model_comparison_has_required_interface_methods" time="0.001" /><testcase classname="src.model_checker.builder.tests.unit.test_comparison.TestModelComparisonCore" name="test_model_comparison_initializes_with_valid_build_module" time="0.001" /><testcase classname="src.model_checker.builder.tests.unit.test_comparison.TestModelComparisonExecution" name="test_model_comparison_compares_semantics_successfully" time="0.001" /><testcase classname="src.model_checker.builder.tests.unit.test_comparison.TestModelComparisonExecution" name="test_model_comparison_handles_multiple_example_theories" time="0.001" /><testcase classname="tests.integration.test_timeout_resources.TestTimeoutHandling" name="test_cli_command_timeout" time="5.054"><failure message="subprocess.TimeoutExpired: Command '['/nix/store/h99b4fiz9liwhpcxsfcg48qs4p2k2afl-python3-3.13.13-env/bin/python3.13', '-m', 'model_checker', '/tmp/pytest-of-benjamin/pytest-15/popen-gw4/test_cli_command_timeout0/timeout_test.py']' timed out after 5 seconds">self = &lt;tests.integration.test_timeout_resources.TestTimeoutHandling object at 0x7b5d18462c10&gt;
tmp_path = PosixPath('/tmp/pytest-of-benjamin/pytest-15/popen-gw4/test_cli_command_timeout0')

        def test_cli_command_timeout(self, tmp_path):
            """Test CLI respects timeout for long-running operations."""
            from tests.utils.helpers import run_cli_command
    
            # Create a module that would take long to process
            content = '''
    from model_checker.theory_lib import bimodal
    theory = bimodal.get_theory()
    semantic_theories = {"test": theory}
    
    # Complex example that might take time
    example_range = {
        "COMPLEX": [
            ["A", "B", "C", "D", "E"],
            ["F", "G", "H", "I", "J"],
            {"N": 64, "max_time": 0.01}  # Large N, short timeout
        ]
    }
    '''
            module_path = create_test_module(content, tmp_path, 'timeout_test.py')
    
            start_time = time.time()
&gt;           result = run_cli_command([module_path], timeout=5, check=False)
                     ^^^^^^^^^^^^^^^^^^^^^^^^^^^^^^^^^^^^^^^^^^^^^^^^^^^^^^

code/tests/integration/test_timeout_resources.py:71: 
_ _ _ _ _ _ _ _ _ _ _ _ _ _ _ _ _ _ _ _ _ _ _ _ _ _ _ _ _ _ _ _ _ _ _ _ _ _ _ _ 
code/tests/utils/helpers.py:39: in run_cli_command
    result = subprocess.run(
/nix/store/h99b4fiz9liwhpcxsfcg48qs4p2k2afl-python3-3.13.13-env/lib/python3.13/subprocess.py:556: in run
    stdout, stderr = process.communicate(input, timeout=timeout)
                     ^^^^^^^^^^^^^^^^^^^^^^^^^^^^^^^^^^^^^^^^^^^
/nix/store/h99b4fiz9liwhpcxsfcg48qs4p2k2afl-python3-3.13.13-env/lib/python3.13/subprocess.py:1222: in communicate
    stdout, stderr = self._communicate(input, endtime, timeout)
                     ^^^^^^^^^^^^^^^^^^^^^^^^^^^^^^^^^^^^^^^^^^
/nix/store/h99b4fiz9liwhpcxsfcg48qs4p2k2afl-python3-3.13.13-env/lib/python3.13/subprocess.py:2155: in _communicate
    self._check_timeout(endtime, orig_timeout, stdout, stderr)
_ _ _ _ _ _ _ _ _ _ _ _ _ _ _ _ _ _ _ _ _ _ _ _ _ _ _ _ _ _ _ _ _ _ _ _ _ _ _ _ 

self = &lt;Popen: returncode: -9 args: ['/nix/store/h99b4fiz9liwhpcxsfcg48qs4p2k2afl-p...&gt;
endtime = 79139.518314793, orig_timeout = 5, stdout_seq = [], stderr_seq = []
skip_check_and_raise = False

    def _check_timeout(self, endtime, orig_timeout, stdout_seq, stderr_seq,
                       skip_check_and_raise=False):
        """Convenience for checking if a timeout has expired."""
        if endtime is None:
            return
        if skip_check_and_raise or _time() &gt; endtime:
&gt;           raise TimeoutExpired(
                    self.args, orig_timeout,
                    output=b''.join(stdout_seq) if stdout_seq else None,
                    stderr=b''.join(stderr_seq) if stderr_seq else None)
E           subprocess.TimeoutExpired: Command '['/nix/store/h99b4fiz9liwhpcxsfcg48qs4p2k2afl-python3-3.13.13-env/bin/python3.13', '-m', 'model_checker', '/tmp/pytest-of-benjamin/pytest-15/popen-gw4/test_cli_command_timeout0/timeout_test.py']' timed out after 5 seconds

/nix/store/h99b4fiz9liwhpcxsfcg48qs4p2k2afl-python3-3.13.13-env/lib/python3.13/subprocess.py:1269: TimeoutExpired</failure></testcase><testcase classname="src.model_checker.builder.tests.integration.test_component_integration.TestLoaderRunnerIntegration" name="test_loader_translation_integration_applies_dictionaries" time="0.001" /><testcase classname="tests.integration.test_settings_system.TestSettingsValidation" name="test_boolean_settings[false-False-maximize]" time="0.002" /><testcase classname="tests.integration.test_settings_system.TestSettingsValidation" name="test_boolean_settings[false-False-contingent]" time="0.002" /><testcase classname="tests.integration.test_settings_system.TestSettingsValidation" name="test_boolean_settings[false-False-disjoint]" time="0.002" /><testcase classname="tests.integration.test_settings_system.TestSettingsValidation" name="test_boolean_settings[false-False-non_empty]" time="0.001" /><testcase classname="tests.integration.test_settings_system.TestSettingsValidation" name="test_boolean_settings[false-False-non_null]" time="0.001" /><testcase classname="src.model_checker.builder.tests.unit.test_comparison.TestModelComparisonIntegration" name="test_build_module_enables_comparison_mode_correctly" time="0.001" /><testcase classname="src.model_checker.builder.tests.unit.test_comparison.TestModelComparisonIntegration" name="test_build_module_integrates_with_comparison_after_refactoring" time="0.001" /><testcase classname="tests.integration.test_settings_system.TestSettingsValidation" name="test_boolean_settings[None-False-print_constraints]" time="0.001" /><testcase classname="tests.integration.test_settings_system.TestSettingsValidation" name="test_boolean_settings[None-False-print_z3]" time="0.001" /><testcase classname="tests.integration.test_settings_system.TestSettingsValidation" name="test_boolean_settings[None-False-save_output]" time="0.001" /><testcase classname="tests.integration.test_settings_system.TestSettingsValidation" name="test_boolean_settings[None-False-print_impossible]" time="0.001" /><testcase classname="src.model_checker.builder.tests.unit.test_comparison.TestModelComparisonErrorHandling" name="test_model_comparison_handles_empty_theory_list_gracefully" time="0.001" /><testcase classname="src.model_checker.builder.tests.unit.test_comparison.TestModelComparisonErrorHandling" name="test_model_comparison_handles_invalid_build_module_gracefully" time="0.000" /><testcase classname="src.model_checker.builder.tests.integration.test_component_integration.TestModuleTheoryIntegration" name="test_module_loads_multiple_theories_correctly" time="0.001" /><testcase classname="src.model_checker.builder.tests.integration.test_component_integration.TestModuleTheoryIntegration" name="test_module_theory_validation_integration" time="0.001" /><testcase classname="src.model_checker.builder.tests.integration.test_component_integration.TestComparisonIntegration" name="test_comparison_mode_integration_with_multiple_theories" time="0.001" /><testcase classname="src.model_checker.builder.tests.integration.test_component_integration.TestTranslationIntegration" name="test_translation_integration_with_example_processing" time="0.001" /><testcase classname="src.model_checker.builder.tests.unit.test_comparison.TestModelComparisonErrorHandling" name="test_model_comparison_handles_malformed_theory_tuples" time="0.002" /><testcase classname="tests.integration.test_settings_system.TestSettingsValidation" name="test_boolean_settings[None-False-maximize]" time="0.001" /><testcase classname="tests.integration.test_settings_system.TestSettingsValidation" name="test_boolean_settings[None-False-contingent]" time="0.001" /><testcase classname="tests.integration.test_settings_system.TestSettingsValidation" name="test_boolean_settings[None-False-disjoint]" time="0.001" /><testcase classname="src.model_checker.builder.tests.integration.test_component_integration.TestTranslationIntegration" name="test_translation_integration_with_multiple_theory_dictionaries" time="0.001" /><testcase classname="src.model_checker.builder.tests.unit.test_comparison.TestModelComparisonResultAnalysis" name="test_model_comparison_formats_results_correctly" time="0.001" /><testcase classname="tests.integration.test_settings_system.TestSettingsValidation" name="test_boolean_settings[None-False-non_empty]" time="0.001" /><testcase classname="src.model_checker.builder.tests.unit.test_example.TestBuildExampleBasic" name="test_build_example_comparison_mode" time="1.254" /><testcase classname="src.model_checker.builder.tests.integration.test_component_integration.TestSystemIntegration" name="test_complete_system_initialization_succeeds" time="0.001" /><testcase classname="tests.integration.test_settings_system.TestSettingsValidation" name="test_boolean_settings[None-False-non_null]" time="0.001" /><testcase classname="src.model_checker.builder.tests.integration.test_component_integration.TestSystemIntegration" name="test_error_propagation_through_system_integration" time="0.002" /><testcase classname="tests.integration.test_settings_system.TestSettingsValidation" name="test_valid_settings_combinations[settings_combo0]" time="0.001" /><testcase classname="tests.integration.test_settings_system.TestSettingsValidation" name="test_valid_settings_combinations[settings_combo1]" time="0.001" /><testcase classname="src.model_checker.builder.tests.integration.test_error_propagation.TestModuleLoadingErrorPropagation" name="test_module_loader_propagates_file_not_found_error_with_context" time="0.001" /><testcase classname="tests.integration.test_settings_system.TestSettingsValidation" name="test_valid_settings_combinations[settings_combo2]" time="0.001" /><testcase classname="src.model_checker.builder.tests.integration.test_error_propagation.TestModuleLoadingErrorPropagation" name="test_module_loader_propagates_import_errors_from_module_dependencies" time="0.001" /><testcase classname="tests.integration.test_settings_system.TestSettingsValidation" name="test_valid_settings_combinations[settings_combo3]" time="0.001" /><testcase classname="src.model_checker.builder.tests.integration.test_error_propagation.TestModuleLoadingErrorPropagation" name="test_module_loader_propagates_missing_attribute_errors_descriptively" time="0.001" /><testcase classname="tests.integration.test_settings_system.TestSettingsValidation" name="test_invalid_settings_combinations[settings_combo0]" time="0.001" /><testcase classname="src.model_checker.builder.tests.integration.test_error_propagation.TestModuleLoadingErrorPropagation" name="test_module_loader_propagates_syntax_errors_with_location_info" time="0.001" /><testcase classname="tests.integration.test_settings_system.TestSettingsValidation" name="test_invalid_settings_combinations[settings_combo1]" time="0.001" /><testcase classname="tests.integration.test_settings_system.TestSettingsValidation" name="test_invalid_settings_combinations[settings_combo2]" time="0.001" /><testcase classname="src.model_checker.builder.tests.integration.test_error_propagation.TestTheoryDiscoveryErrorPropagation" name="test_theory_discovery_error_includes_available_theories_suggestion" time="0.001" /><testcase classname="src.model_checker.builder.tests.integration.test_error_propagation.TestTheoryDiscoveryErrorPropagation" name="test_theory_discovery_propagates_unknown_theory_errors_clearly" time="0.000" /><testcase classname="tests.integration.test_settings_system.TestSettingsValidation" name="test_invalid_settings_combinations[settings_combo3]" time="0.001" /><testcase classname="src.model_checker.builder.tests.integration.test_error_propagation.TestComponentIntegrationErrorPropagation" name="test_build_module_propagates_component_initialization_errors_appropriately" time="0.001" /><testcase classname="tests.integration.test_settings_system.TestSettingsValidation" name="test_empty_settings" time="0.001" /><testcase classname="src.model_checker.builder.tests.integration.test_error_propagation.TestComponentIntegrationErrorPropagation" name="test_error_propagation_preserves_original_error_context" time="0.001" /><testcase classname="tests.integration.test_settings_system.TestSettingsValidation" name="test_unknown_settings_ignored" time="0.001" /><testcase classname="src.model_checker.builder.tests.integration.test_error_propagation.TestErrorRecoveryAndGracefulDegradation" name="test_informative_error_messages_help_debugging_common_issues" time="0.002" /><testcase classname="tests.integration.test_system_boundaries.TestBoundaryValues" name="test_n_value_boundaries[1-True]" time="0.001" /><testcase classname="tests.integration.test_system_boundaries.TestBoundaryValues" name="test_n_value_boundaries[2-True]" time="0.001" /><testcase classname="tests.integration.test_system_boundaries.TestBoundaryValues" name="test_n_value_boundaries[32-True]" time="0.001" /><testcase classname="src.model_checker.builder.tests.integration.test_error_propagation.TestErrorRecoveryAndGracefulDegradation" name="test_system_recovers_gracefully_from_partial_module_loading_failures" time="0.001" /><testcase classname="tests.integration.test_system_boundaries.TestBoundaryValues" name="test_n_value_boundaries[63-True]" time="0.001" /><testcase classname="src.model_checker.builder.tests.integration.test_generated_projects.TestGeneratedProjectImports" name="test_backward_compatibility" time="0.002" /><testcase classname="tests.integration.test_system_boundaries.TestBoundaryValues" name="test_n_value_boundaries[64-True]" time="0.001" /><testcase classname="tests.integration.test_system_boundaries.TestBoundaryValues" name="test_n_value_boundaries[0-False]" time="0.001" /><testcase classname="src.model_checker.builder.tests.integration.test_generated_projects.TestGeneratedProjectImports" name="test_bimodal_project_generation_and_loading" time="0.012" /><testcase classname="tests.integration.test_system_boundaries.TestBoundaryValues" name="test_n_value_boundaries[-1-False]" time="0.001" /><testcase classname="tests.integration.test_system_boundaries.TestBoundaryValues" name="test_n_value_boundaries[65-False]" time="0.001" /><testcase classname="tests.integration.test_system_boundaries.TestBoundaryValues" name="test_n_value_boundaries[100-False]" time="0.001" /><testcase classname="tests.integration.test_system_boundaries.TestBoundaryValues" name="test_max_time_boundaries[0.001-True]" time="0.001" /><testcase classname="tests.integration.test_system_boundaries.TestBoundaryValues" name="test_max_time_boundaries[0.01-True]" time="0.001" /><testcase classname="tests.integration.test_system_boundaries.TestBoundaryValues" name="test_max_time_boundaries[1.0-True]" time="0.001" /><testcase classname="tests.integration.test_system_boundaries.TestBoundaryValues" name="test_max_time_boundaries[60.0-True]" time="0.001" /><testcase classname="tests.integration.test_system_boundaries.TestBoundaryValues" name="test_max_time_boundaries[3600.0-True]" time="0.001" /><testcase classname="tests.integration.test_system_boundaries.TestBoundaryValues" name="test_max_time_boundaries[0-False]" time="0.001" /><testcase classname="tests.integration.test_system_boundaries.TestBoundaryValues" name="test_max_time_boundaries[-0.1-False]" time="0.001" /><testcase classname="tests.integration.test_system_boundaries.TestBoundaryValues" name="test_max_time_boundaries[-1-False]" time="0.001" /><testcase classname="tests.integration.test_system_boundaries.TestEmptyInputs" name="test_empty_formula_string" time="0.001" /><testcase classname="src.model_checker.builder.tests.integration.test_generated_projects.TestGeneratedProjectImports" name="test_default_project_examples_init_loading" time="0.004" /><testcase classname="tests.integration.test_system_boundaries.TestEmptyInputs" name="test_whitespace_only_formula" time="0.001" /><testcase classname="tests.integration.test_system_boundaries.TestEmptyInputs" name="test_empty_settings_dict" time="0.001" /><testcase classname="tests.integration.test_system_boundaries.TestEmptyInputs" name="test_empty_lists_in_examples" time="0.001" /><testcase classname="tests.integration.test_system_boundaries.TestExtremeValues" name="test_very_long_formula" time="0.001" /><testcase classname="src.model_checker.builder.tests.integration.test_generated_projects.TestGeneratedProjectImports" name="test_error_handling_for_generated_projects" time="0.001" /><testcase classname="tests.integration.test_system_boundaries.TestExtremeValues" name="test_many_propositions" time="0.001" /><testcase classname="tests.integration.test_system_boundaries.TestExtremeValues" name="test_complex_nested_operators" time="0.001" /><testcase classname="src.model_checker.builder.tests.integration.test_generated_projects.TestGeneratedProjectImports" name="test_find_project_directory" time="0.003" /><testcase classname="tests.integration.test_system_boundaries.TestExtremeValues" name="test_many_examples[1]" time="0.001" /><testcase classname="tests.integration.test_system_boundaries.TestExtremeValues" name="test_many_examples[10]" time="0.001" /><testcase classname="tests.integration.test_system_boundaries.TestExtremeValues" name="test_many_examples[50]" time="0.001" /><testcase classname="src.model_checker.builder.tests.integration.test_generated_projects.TestGeneratedProjectImports" name="test_generated_project_detection" time="0.003" /><testcase classname="tests.integration.test_system_boundaries.TestExtremeValues" name="test_many_examples[100]" time="0.001" /><testcase classname="tests.integration.test_system_boundaries.TestSpecialCharacters" name="test_propositions_with_numbers" time="0.001" /><testcase classname="tests.integration.test_system_boundaries.TestSpecialCharacters" name="test_propositions_with_underscores" time="0.001" /><testcase classname="tests.integration.test_system_boundaries.TestSpecialCharacters" name="test_mixed_case_propositions" time="0.001" /><testcase classname="src.model_checker.builder.tests.integration.test_generated_projects.TestGeneratedProjectImports" name="test_sys_path_configuration" time="0.003" /><testcase classname="tests.integration.test_system_boundaries.TestCombinationEffects" name="test_minimum_n_with_complex_formula" time="0.001" /><testcase classname="tests.integration.test_system_boundaries.TestCombinationEffects" name="test_maximum_n_with_many_propositions" time="0.001" /><testcase classname="tests.integration.test_system_boundaries.TestCombinationEffects" name="test_settings_combinations[combo0]" time="0.001" /><testcase classname="tests.integration.test_system_boundaries.TestCombinationEffects" name="test_settings_combinations[combo1]" time="0.001" /><testcase classname="src.model_checker.builder.tests.integration.test_generated_projects.TestProjectStructureFlexibility" name="test_multiple_theory_templates" time="0.003" /><testcase classname="tests.integration.test_system_boundaries.TestCombinationEffects" name="test_settings_combinations[combo2]" time="0.001" /><testcase classname="tests.integration.test_system_boundaries.TestRecursionLimits" name="test_deeply_nested_formula_parsing" time="0.001" /><testcase classname="tests.integration.test_system_boundaries.TestRecursionLimits" name="test_wide_formula_structure" time="0.001" /><testcase classname="tests.integration.test_system_boundaries.TestTypeCoercion" name="test_string_number_settings" time="0.002" /><testcase classname="src.model_checker.builder.tests.integration.test_output_directory_guidance.TestOutputDirectoryGuidanceIntegration" name="test_batch_mode_output_guidance_provides_command_line_instructions" time="0.001" /><testcase classname="src.model_checker.builder.tests.integration.test_output_directory_guidance.TestOutputDirectoryGuidanceIntegration" name="test_build_module_provides_output_directory_guidance_when_saving" time="0.001" /><testcase classname="tests.integration.test_system_boundaries.TestTypeCoercion" name="test_numeric_boolean_settings" time="0.001" /><testcase classname="src.model_checker.builder.tests.integration.test_output_directory_guidance.TestOutputDirectoryGuidanceIntegration" name="test_output_directory_guidance_handles_nonexistent_directories_gracefully" time="0.001" /><testcase classname="tests.integration.test_system_boundaries.TestTypeCoercion" name="test_none_values_in_settings" time="0.001" /><testcase classname="src.model_checker.builder.tests.integration.test_output_directory_guidance.TestInteractiveOutputDirectoryIntegration" name="test_interactive_mode_integrates_output_directory_prompts_correctly" time="0.001" /><testcase classname="tests.integration.test_system_imports.TestImportStructure" name="test_main_package_imports" time="0.001" /><testcase classname="src.model_checker.builder.tests.integration.test_output_directory_guidance.TestInteractiveOutputDirectoryIntegration" name="test_output_directory_guidance_adapts_to_user_preferences" time="0.002" /><testcase classname="tests.integration.test_system_imports.TestImportStructure" name="test_builder_imports" time="0.001" /><testcase classname="src.model_checker.builder.tests.integration.test_output_directory_guidance.TestOutputGuidanceErrorHandling" name="test_output_guidance_handles_invalid_directory_paths_informatively" time="0.002" /><testcase classname="tests.integration.test_system_imports.TestImportStructure" name="test_theory_imports" time="0.001" /><testcase classname="tests.integration.test_system_imports.TestImportStructure" name="test_utils_api_imports" time="0.001" /><testcase classname="src.model_checker.builder.tests.integration.test_output_directory_guidance.TestOutputGuidanceErrorHandling" name="test_output_guidance_handles_permission_denied_directories_gracefully" time="0.001" /><testcase classname="tests.integration.test_system_imports.TestImportStructure" name="test_models_imports" time="0.001" /><testcase classname="src.model_checker.builder.tests.integration.test_package_imports.TestPackageImports" name="test_package_detection_methods_exist" time="0.001" /><testcase classname="tests.integration.test_system_imports.TestImportStructure" name="test_syntactic_imports" time="0.001" /><testcase classname="src.model_checker.builder.tests.integration.test_package_imports.TestPackageImports" name="test_package_marker_now_exists" time="0.003" /><testcase classname="src.model_checker.builder.tests.unit.test_validation.TestValidationEdgeCases" name="test_validate_semantic_theory_handles_extra_theory_components" time="0.002" /><testcase classname="src.model_checker.builder.tests.integration.test_package_imports.TestPackageImports" name="test_relative_imports_now_work_with_package" time="0.018" /><testcase classname="src.model_checker.builder.tests.unit.test_z3_isolation.TestZ3ContextIsolation" name="test_conflicting_constraints" time="0.019" /><testcase classname="src.model_checker.builder.tests.integration.test_performance.TestBuilderPerformance" name="test_comparison_mode_performance" time="0.020" /><testcase classname="src.model_checker.builder.tests.unit.test_z3_isolation.TestZ3ContextIsolation" name="test_context_reset" time="0.016" /><testcase classname="src.model_checker.builder.tests.unit.test_z3_isolation.TestZ3ContextIsolation" name="test_isolated_context_creates_fresh_context" time="0.003" /><testcase classname="src.model_checker.builder.tests.integration.test_performance.TestBuilderPerformance" name="test_constraint_generation_scales_linearly" time="4.434" /><testcase classname="src.model_checker.builder.tests.unit.test_z3_isolation.TestZ3ContextIsolation" name="test_restores_context_on_exception" time="0.003" /><testcase classname="src.model_checker.builder.tests.unit.test_z3_isolation.TestZ3ContextIsolation" name="test_solver_state_isolation" time="0.011" /><testcase classname="src.model_checker.builder.tests.unit.test_z3_isolation.TestZ3ContextIsolation" name="test_solver_state_leakage_prevented" time="0.014" /><testcase classname="src.model_checker.builder.tests.unit.test_z3_utils.TestZ3ConstraintCreation" name="test_create_difference_constraint_generates_valid_constraint" time="0.006" /><testcase classname="src.model_checker.builder.tests.unit.test_z3_utils.TestZ3ConstraintCreation" name="test_create_difference_constraint_handles_single_variable_correctly" time="0.004" /><testcase classname="src.model_checker.builder.tests.unit.test_z3_utils.TestZ3ConstraintCreation" name="test_create_difference_constraint_rejects_empty_variables" time="0.003" /><testcase classname="src.model_checker.builder.tests.unit.test_z3_utils.TestZ3ConstraintCreation" name="test_create_difference_constraint_rejects_invalid_variables" time="0.003" /><testcase classname="src.model_checker.builder.tests.unit.test_z3_utils.TestZ3ConstraintCreation" name="test_create_difference_constraint_rejects_none_model" time="0.003" /><testcase classname="src.model_checker.builder.tests.unit.test_z3_utils.TestZ3ModelValueExtraction" name="test_extract_model_values_handles_unassigned_variables" time="0.003" /><testcase classname="src.model_checker.builder.tests.unit.test_z3_utils.TestZ3ModelValueExtraction" name="test_extract_model_values_rejects_none_model" time="0.003" /><testcase classname="src.model_checker.builder.tests.unit.test_z3_utils.TestZ3ModelValueExtraction" name="test_extract_model_values_retrieves_correct_values" time="0.003" /><testcase classname="src.model_checker.builder.tests.unit.test_z3_utils.TestZ3NextModelFinding" name="test_find_next_model_locates_different_model" time="0.005" /><testcase classname="src.model_checker.builder.tests.unit.test_z3_utils.TestZ3NextModelFinding" name="test_find_next_model_rejects_none_previous_model" time="0.004" /><testcase classname="src.model_checker.builder.tests.unit.test_z3_utils.TestZ3NextModelFinding" name="test_find_next_model_rejects_none_solver" time="0.003" /><testcase classname="src.model_checker.builder.tests.unit.test_z3_utils.TestZ3UtilsEdgeCases" name="test_create_difference_constraint_handles_mixed_variable_types" time="0.002" /><testcase classname="src.model_checker.builder.tests.unit.test_z3_utils.TestZ3UtilsEdgeCases" name="test_extract_model_values_handles_large_variable_count" time="0.010" /><testcase classname="src.model_checker.iterate.tests.e2e.test_edge_cases.TestIteratorEdgeCases" name="test_zero_iterations_requested" time="0.002" /><testcase classname="src.model_checker.iterate.tests.e2e.test_edge_cases.TestIteratorEdgeCases" name="test_negative_iterations_rejected" time="0.001" /><testcase classname="src.model_checker.iterate.tests.e2e.test_edge_cases.TestIteratorEdgeCases" name="test_very_large_iteration_count" time="0.001" /><testcase classname="src.model_checker.iterate.tests.e2e.test_edge_cases.TestIteratorEdgeCases" name="test_empty_formula_iteration" time="0.001" /><testcase classname="src.model_checker.iterate.tests.e2e.test_edge_cases.TestIteratorEdgeCases" name="test_iteration_with_unsatisfiable_formula" time="0.002" /><testcase classname="src.model_checker.iterate.tests.e2e.test_edge_cases.TestIteratorEdgeCases" name="test_iteration_with_missing_settings" time="0.001" /><testcase classname="src.model_checker.iterate.tests.e2e.test_edge_cases.TestIteratorEdgeCases" name="test_concurrent_iteration_safety" time="0.001" /><testcase classname="src.model_checker.iterate.tests.integration.test_build_example.TestIteratorBuildExample" name="test_attributes_copied_from_original" time="0.003" /><testcase classname="src.model_checker.iterate.tests.integration.test_build_example.TestIteratorBuildExample" name="test_create_with_z3_model" time="0.002" /><testcase classname="tests.e2e.test_project_creation.TestProjectCreation" name="test_project_directory_creation" time="0.004" /><testcase classname="src.model_checker.iterate.tests.integration.test_build_example.TestIteratorBuildExample" name="test_injection_delegation" time="0.002" /><testcase classname="src.model_checker.iterate.tests.integration.test_build_example.TestIteratorBuildExample" name="test_no_class_methods_used" time="0.004" /><testcase classname="tests.e2e.test_project_creation.TestProjectCreation" name="test_project_file_structure" time="0.001" /><testcase classname="tests.e2e.test_project_creation.TestProjectCreation" name="test_project_imports_work" time="0.001" /><testcase classname="tests.e2e.test_project_creation.TestProjectCreation" name="test_project_content_validity" time="0.001" /><testcase classname="src.model_checker.iterate.tests.integration.test_build_example.TestIteratorBuildExample" name="test_theory_agnostic_implementation" time="0.002" /><testcase classname="tests.e2e.test_project_creation.TestProjectCreation" name="test_project_creation_all_theories[bimodal]" time="0.001" /><testcase classname="tests.integration.test_error_handling.TestCLIErrorHandling" name="test_invalid_file_path" time="0.105" /><testcase classname="src.model_checker.iterate.tests.integration.test_constraint_preservation.TestConstraintPreservation" name="test_original_constraints_preserved" time="0.004" /><testcase classname="src.model_checker.iterate.tests.integration.test_constraint_preservation.TestConstraintPreservation" name="test_premise_conclusion_constraints_added" time="0.004" /><testcase classname="src.model_checker.iterate.tests.integration.test_constraint_preservation.TestConstraintPreservation" name="test_solver_isolation" time="0.003" /><testcase classname="src.model_checker.iterate.tests.integration.test_core_orchestration.TestCoreOrchestration" name="test_constraint_accumulation" time="0.002" /><testcase classname="src.model_checker.iterate.tests.integration.test_core_orchestration.TestCoreOrchestration" name="test_error_recovery_during_iteration" time="0.002" /><testcase classname="src.model_checker.iterate.tests.integration.test_core_orchestration.TestCoreOrchestration" name="test_full_iteration_with_real_theory" time="0.002" /><testcase classname="src.model_checker.iterate.tests.integration.test_core_orchestration.TestCoreOrchestration" name="test_isomorphism_detection_integration" time="0.002" /><testcase classname="src.model_checker.iterate.tests.integration.test_core_orchestration.TestCoreOrchestration" name="test_iteration_with_timeout" time="0.004" /><testcase classname="src.model_checker.iterate.tests.integration.test_core_orchestration.TestCoreOrchestration" name="test_model_validation_during_iteration" time="0.002" /><testcase classname="src.model_checker.iterate.tests.integration.test_core_orchestration.TestCoreOrchestration" name="test_progress_tracking_integration" time="0.002" /><testcase classname="src.model_checker.iterate.tests.integration.test_core_orchestration.TestCoreOrchestration" name="test_state_management_during_iteration" time="0.002" /><testcase classname="src.model_checker.iterate.tests.integration.test_core_orchestration.TestCoreErrorPaths" name="test_initialization_with_invalid_example" time="0.001" /><testcase classname="src.model_checker.iterate.tests.integration.test_core_orchestration.TestCoreErrorPaths" name="test_solver_failure_handling" time="0.001" /><testcase classname="src.model_checker.iterate.tests.integration.test_enhanced_tracking.TestEnhancedTracking" name="test_search_statistics_creation" time="0.001" /><testcase classname="src.model_checker.iterate.tests.integration.test_enhanced_tracking.TestEnhancedTracking" name="test_search_statistics_summary_line" time="0.001" /><testcase classname="src.model_checker.iterate.tests.integration.test_enhanced_tracking.TestEnhancedTracking" name="test_report_generation" time="0.000" /><testcase classname="src.model_checker.iterate.tests.integration.test_enhanced_tracking.TestEnhancedTracking" name="test_partial_report_with_timeout" time="0.001" /><testcase classname="src.model_checker.iterate.tests.integration.test_enhanced_tracking.TestEnhancedTracking" name="test_iterator_tracking" time="0.001" /><testcase classname="src.model_checker.iterate.tests.integration.test_error_handling.TestIteratorErrorHandling" name="test_invalid_build_example_no_model_structure" time="0.001" /><testcase classname="src.model_checker.iterate.tests.integration.test_error_handling.TestIteratorErrorHandling" name="test_invalid_build_example_no_z3_model" time="0.001" /><testcase classname="src.model_checker.iterate.tests.integration.test_error_handling.TestIteratorErrorHandling" name="test_invalid_build_example_not_satisfiable" time="0.001" /><testcase classname="src.model_checker.iterate.tests.integration.test_error_handling.TestIteratorErrorHandling" name="test_invalid_settings_iterate_value" time="0.001" /><testcase classname="src.model_checker.iterate.tests.integration.test_error_handling.TestIteratorErrorHandling" name="test_invalid_settings_timeout_value" time="0.001" /><testcase classname="src.model_checker.iterate.tests.integration.test_iterator_generator.TestIteratorGeneratorMethod" name="test_iterate_respects_limits" time="0.002" /><testcase classname="src.model_checker.iterate.tests.integration.test_iterator_generator.TestIteratorGeneratorMethod" name="test_iterate_unsat_handling" time="0.001" /><testcase classname="src.model_checker.iterate.tests.integration.test_iterator_generator.TestIteratorGeneratorMethod" name="test_iterate_with_validation" time="0.001" /><testcase classname="src.model_checker.iterate.tests.integration.test_iterator_generator.TestIteratorEdgeCases" name="test_iterate_empty_constraints" time="0.001" /><testcase classname="src.model_checker.iterate.tests.integration.test_iterator_generator.TestIteratorEdgeCases" name="test_iterate_immediate_unsat" time="0.003" /><testcase classname="src.model_checker.iterate.tests.integration.test_iterator_generator.TestIteratorEdgeCases" name="test_iterate_single_state" time="0.002" /><testcase classname="src.model_checker.iterate.tests.integration.test_metrics.TestIterationStatistics" name="test_initialization" time="0.001" /><testcase classname="src.model_checker.iterate.tests.integration.test_metrics.TestIterationStatistics" name="test_add_model_basic" time="0.001" /><testcase classname="src.model_checker.iterate.tests.integration.test_metrics.TestIterationStatistics" name="test_count_differences" time="0.000" /><testcase classname="src.model_checker.iterate.tests.integration.test_metrics.TestIterationStatistics" name="test_get_summary" time="0.001" /><testcase classname="src.model_checker.iterate.tests.integration.test_metrics.TestIterationStatistics" name="test_empty_summary" time="0.000" /><testcase classname="src.model_checker.iterate.tests.integration.test_metrics.TestIterationStatistics" name="test_set_completion_time" time="0.000" /><testcase classname="src.model_checker.iterate.tests.integration.test_metrics.TestIterationStatistics" name="test_print_summary" time="0.001" /><testcase classname="src.model_checker.iterate.tests.integration.test_metrics.TestIterationStatistics" name="test_print_empty_summary" time="0.001" /><testcase classname="src.model_checker.iterate.tests.integration.test_models.TestModelBuilder" name="test_initialization" time="0.001" /><testcase classname="src.model_checker.iterate.tests.integration.test_models.TestModelBuilder" name="test_build_new_model_structure_success" time="0.003" /><testcase classname="src.model_checker.iterate.tests.integration.test_models.TestModelBuilder" name="test_build_new_model_structure_error_handling" time="0.001" /><testcase classname="src.model_checker.iterate.tests.integration.test_models.TestModelBuilder" name="test_initialize_z3_dependent_attributes" time="0.002" /><testcase classname="src.model_checker.iterate.tests.integration.test_models.TestModelBuilder" name="test_evaluate_z3_boolean" time="0.001" /><testcase classname="src.model_checker.iterate.tests.integration.test_models.TestDifferenceCalculator" name="test_calculate_differences_basic" time="0.001" /><testcase classname="src.model_checker.iterate.tests.integration.test_models.TestDifferenceCalculator" name="test_calculate_differences_with_removals" time="0.001" /><testcase classname="src.model_checker.iterate.tests.integration.test_models.TestDifferenceCalculator" name="test_calculate_differences_error_handling" time="0.001" /><testcase classname="src.model_checker.iterate.tests.integration.test_models.TestDifferenceCalculator" name="test_calculate_semantic_differences" time="0.001" /><testcase classname="src.model_checker.iterate.tests.integration.test_models.TestDifferenceCalculator" name="test_compare_state_evaluations" time="0.001" /><testcase classname="src.model_checker.iterate.tests.integration.test_real_theory_integration.TestRealTheoryIntegration" name="test_constraint_generation_orchestration" time="0.002" /><testcase classname="src.model_checker.iterate.tests.integration.test_real_theory_integration.TestRealTheoryIntegration" name="test_error_handling_orchestration" time="0.002" /><testcase classname="src.model_checker.iterate.tests.integration.test_real_theory_integration.TestRealTheoryIntegration" name="test_iterate_with_mock_theory" time="0.001" /><testcase classname="tests.integration.test_error_handling.TestCLIErrorHandling" name="test_invalid_theory_name" time="0.096" /><testcase classname="src.model_checker.iterate.tests.integration.test_real_theory_integration.TestRealTheoryIntegration" name="test_model_extraction_orchestration" time="0.002" /><testcase classname="src.model_checker.iterate.tests.integration.test_real_theory_integration.TestRealTheoryIntegration" name="test_orchestrated_iteration" time="0.002" /><testcase classname="src.model_checker.iterate.tests.integration.test_real_theory_integration.TestRealTheoryIntegration" name="test_progress_reporting_orchestration" time="0.002" /><testcase classname="src.model_checker.iterate.tests.integration.test_real_theory_integration.TestRealTheoryIntegration" name="test_state_tracking_orchestration" time="0.002" /><testcase classname="src.model_checker.iterate.tests.integration.test_real_theory_integration.TestRealTheoryIntegration" name="test_termination_conditions_orchestration" time="0.002" /><testcase classname="src.model_checker.iterate.tests.integration.test_real_theory_integration.TestIteratorCoreWithRealTheory" name="test_iterate_method_coverage" time="0.002" /><testcase classname="src.model_checker.iterate.tests.unit.test_base_iterator.TestBaseModelIterator" name="test_abstract_methods_required" time="0.001" /><testcase classname="src.model_checker.iterate.tests.unit.test_base_iterator.TestBaseModelIterator" name="test_initialization_validation" time="0.001" /><testcase classname="src.model_checker.iterate.tests.unit.test_base_iterator.TestBaseModelIterator" name="test_timeout_handling" time="0.104" /><testcase classname="tests.integration.test_performance.TestMemoryPerformance" name="test_memory_usage_complex" time="0.002"><failure message="ValueError: Empty token list">self = &lt;tests.integration.test_performance.TestMemoryPerformance object at 0x7f3cfbf4c410&gt;

    def test_memory_usage_complex(self):
        """Test memory usage for complex models."""
        import tracemalloc
    
        # Start memory tracking
        tracemalloc.start()
    
        try:
            # Create complex model
&gt;           model = create_test_model({
                'N': 10,
                'contingent': True,
                'non_empty': True
            })

code/tests/integration/test_performance.py:128: 
_ _ _ _ _ _ _ _ _ _ _ _ _ _ _ _ _ _ _ _ _ _ _ _ _ _ _ _ _ _ _ _ _ _ _ _ _ _ _ _ 
code/tests/utils/helpers.py:288: in create_test_model
    syntax = Syntax(premises, conclusions, operators)
             ^^^^^^^^^^^^^^^^^^^^^^^^^^^^^^^^^^^^^^^^
code/src/model_checker/syntactic/syntax.py:66: in __init__
    self.conclusions = self.initialize_sentences(self.infix_conclusions)
                       ^^^^^^^^^^^^^^^^^^^^^^^^^^^^^^^^^^^^^^^^^^^^^^^^^
code/src/model_checker/syntactic/syntax.py:147: in initialize_sentences
    sentence = build_sentence(infix_sent)
               ^^^^^^^^^^^^^^^^^^^^^^^^^^
code/src/model_checker/syntactic/syntax.py:99: in build_sentence
    sentence = Sentence(infix_sentence, _internal=is_subformula)
               ^^^^^^^^^^^^^^^^^^^^^^^^^^^^^^^^^^^^^^^^^^^^^^^^^
code/src/model_checker/syntactic/sentence.py:71: in __init__
    self.prefix_sentence, self.complexity = self.prefix(infix_sentence)
                                            ^^^^^^^^^^^^^^^^^^^^^^^^^^^
code/src/model_checker/syntactic/sentence.py:142: in prefix
    derived_object, complexity = parse_expression(tokens)
                                 ^^^^^^^^^^^^^^^^^^^^^^^^
code/src/model_checker/utils/parsing.py:44: in parse_expression
    arg, comp = parse_expression(tokens)
                ^^^^^^^^^^^^^^^^^^^^^^^^
_ _ _ _ _ _ _ _ _ _ _ _ _ _ _ _ _ _ _ _ _ _ _ _ _ _ _ _ _ _ _ _ _ _ _ _ _ _ _ _ 

tokens = []

    def parse_expression(tokens: List[str]) -&gt; Tuple[List[Any], int]:
        """Parses a list of tokens representing a propositional expression and returns
        the expression in prefix notation.
        """
        if not tokens:  # Check if tokens are empty before processing
&gt;           raise ValueError("Empty token list")
E           ValueError: Empty token list

code/src/model_checker/utils/parsing.py:16: ValueError</failure></testcase><testcase classname="tests.integration.test_error_handling.TestCLIErrorHandling" name="test_malformed_module_syntax" time="0.100" /><testcase classname="src.model_checker.iterate.tests.unit.test_base_iterator.TestBaseModelIterator" name="test_invalid_model_handling" time="0.009" /><testcase classname="src.model_checker.iterate.tests.unit.test_base_iterator.TestBaseModelIterator" name="test_consecutive_invalid_limit" time="0.005" /><testcase classname="tests.integration.test_performance.TestMemoryPerformance" name="test_memory_cleanup" time="0.089"><failure message="ValueError: Empty token list">self = &lt;tests.integration.test_performance.TestMemoryPerformance object at 0x7f3d00582ea0&gt;

    def test_memory_cleanup(self):
        """Test memory is properly released after model deletion."""
        import gc
    
        # Force garbage collection
        gc.collect()
    
        # Get baseline object count
        baseline_objects = len(gc.get_objects())
    
        # Create and destroy multiple models
        for i in range(5):
&gt;           model = create_test_model({'N': 3})
                    ^^^^^^^^^^^^^^^^^^^^^^^^^^^

code/tests/integration/test_performance.py:160: 
_ _ _ _ _ _ _ _ _ _ _ _ _ _ _ _ _ _ _ _ _ _ _ _ _ _ _ _ _ _ _ _ _ _ _ _ _ _ _ _ 
code/tests/utils/helpers.py:288: in create_test_model
    syntax = Syntax(premises, conclusions, operators)
             ^^^^^^^^^^^^^^^^^^^^^^^^^^^^^^^^^^^^^^^^
code/src/model_checker/syntactic/syntax.py:66: in __init__
    self.conclusions = self.initialize_sentences(self.infix_conclusions)
                       ^^^^^^^^^^^^^^^^^^^^^^^^^^^^^^^^^^^^^^^^^^^^^^^^^
code/src/model_checker/syntactic/syntax.py:147: in initialize_sentences
    sentence = build_sentence(infix_sent)
               ^^^^^^^^^^^^^^^^^^^^^^^^^^
code/src/model_checker/syntactic/syntax.py:99: in build_sentence
    sentence = Sentence(infix_sentence, _internal=is_subformula)
               ^^^^^^^^^^^^^^^^^^^^^^^^^^^^^^^^^^^^^^^^^^^^^^^^^
code/src/model_checker/syntactic/sentence.py:71: in __init__
    self.prefix_sentence, self.complexity = self.prefix(infix_sentence)
                                            ^^^^^^^^^^^^^^^^^^^^^^^^^^^
code/src/model_checker/syntactic/sentence.py:142: in prefix
    derived_object, complexity = parse_expression(tokens)
                                 ^^^^^^^^^^^^^^^^^^^^^^^^
code/src/model_checker/utils/parsing.py:44: in parse_expression
    arg, comp = parse_expression(tokens)
                ^^^^^^^^^^^^^^^^^^^^^^^^
_ _ _ _ _ _ _ _ _ _ _ _ _ _ _ _ _ _ _ _ _ _ _ _ _ _ _ _ _ _ _ _ _ _ _ _ _ _ _ _ 

tokens = []

    def parse_expression(tokens: List[str]) -&gt; Tuple[List[Any], int]:
        """Parses a list of tokens representing a propositional expression and returns
        the expression in prefix notation.
        """
        if not tokens:  # Check if tokens are empty before processing
&gt;           raise ValueError("Empty token list")
E           ValueError: Empty token list

code/src/model_checker/utils/parsing.py:16: ValueError</failure></testcase><testcase classname="src.model_checker.iterate.tests.unit.test_base_iterator.TestBaseModelIterator" name="test_isomorphism_detection" time="0.002" /><testcase classname="src.model_checker.iterate.tests.unit.test_base_iterator.TestBaseModelIterator" name="test_debug_message_collection" time="0.003" /><testcase classname="src.model_checker.iterate.tests.unit.test_constraints.TestConstraintGenerator" name="test_initialization" time="0.001" /><testcase classname="src.model_checker.iterate.tests.unit.test_constraints.TestConstraintGenerator" name="test_initialization_with_no_solver" time="0.001" /><testcase classname="src.model_checker.iterate.tests.unit.test_constraints.TestConstraintGenerator" name="test_create_extended_constraints" time="0.002" /><testcase classname="src.model_checker.iterate.tests.unit.test_constraints.TestConstraintGenerator" name="test_check_satisfiability" time="0.001" /><testcase classname="src.model_checker.iterate.tests.unit.test_constraints.TestConstraintGenerator" name="test_get_model" time="0.001" /><testcase classname="src.model_checker.iterate.tests.unit.test_constraints.TestConstraintGenerator" name="test_create_difference_constraint_basic" time="0.002" /><testcase classname="src.model_checker.iterate.tests.unit.test_constraints.TestConstraintGenerator" name="test_create_difference_constraint_empty" time="0.001" /><testcase classname="src.model_checker.iterate.tests.unit.test_constraints.TestConstraintGenerator" name="test_create_non_isomorphic_constraint" time="0.001" /><testcase classname="src.model_checker.iterate.tests.unit.test_constraints.TestConstraintGenerator" name="test_create_stronger_constraint" time="0.001" /><testcase classname="src.model_checker.iterate.tests.unit.test_constraints.TestConstraintGenerator" name="test_preserve_original_constraints" time="0.003" /><testcase classname="src.model_checker.iterate.tests.unit.test_constraints_error_paths.TestConstraintErrorPaths" name="test_constraint_generation_with_invalid_model" time="0.002" /><testcase classname="src.model_checker.iterate.tests.unit.test_constraints_error_paths.TestConstraintErrorPaths" name="test_non_isomorphic_constraint_attribute_error" time="0.001" /><testcase classname="src.model_checker.iterate.tests.unit.test_constraints_error_paths.TestConstraintErrorPaths" name="test_non_isomorphic_constraint_key_error" time="0.001" /><testcase classname="src.model_checker.iterate.tests.unit.test_constraints_error_paths.TestConstraintErrorPaths" name="test_non_isomorphic_constraint_z3_exception" time="0.001" /><testcase classname="src.model_checker.iterate.tests.unit.test_constraints_error_paths.TestConstraintErrorPaths" name="test_state_difference_with_attribute_error" time="0.001" /><testcase classname="src.model_checker.iterate.tests.unit.test_constraints_error_paths.TestConstraintErrorPaths" name="test_state_difference_with_type_error" time="0.006" /><testcase classname="src.model_checker.iterate.tests.unit.test_constraints_error_paths.TestConstraintErrorPaths" name="test_state_difference_with_z3_exception" time="0.002" /><testcase classname="src.model_checker.iterate.tests.unit.test_constraints_error_paths.TestConstraintErrorPaths" name="test_z3_and_operation_failure" time="0.002" /><testcase classname="src.model_checker.iterate.tests.unit.test_core.TestBaseModelIterator" name="test_initialization" time="0.001" /><testcase classname="src.model_checker.iterate.tests.unit.test_core.TestIterateExample" name="test_iterate_example_validation" time="0.001" /><testcase classname="src.model_checker.iterate.tests.unit.test_core_abstract_methods.TestAbstractMethods" name="test_abstract_methods_docstrings" time="0.001" /><testcase classname="src.model_checker.iterate.tests.unit.test_core_abstract_methods.TestAbstractMethods" name="test_abstract_methods_required" time="0.001" /><testcase classname="src.model_checker.iterate.tests.unit.test_core_abstract_methods.TestAbstractMethods" name="test_constraint_methods_called_correctly" time="0.001" /><testcase classname="src.model_checker.iterate.tests.unit.test_core_no_state_transfer.TestNoStateTransfer" name="test_no_extract_verify_falsify_method" time="0.001" /><testcase classname="src.model_checker.iterate.tests.unit.test_core_no_state_transfer.TestNoStateTransfer" name="test_no_initialize_with_state_call" time="0.001" /><testcase classname="src.model_checker.iterate.tests.unit.test_coverage_improvements.TestConstraintGeneratorCoverage" name="test_create_extended_constraints_empty" time="0.001" /><testcase classname="src.model_checker.iterate.tests.unit.test_coverage_improvements.TestConstraintGeneratorCoverage" name="test_generate_input_combinations_higher_arity" time="0.001" /><testcase classname="src.model_checker.iterate.tests.unit.test_coverage_improvements.TestConstraintGeneratorCoverage" name="test_get_model_with_z3_exception" time="0.001" /><testcase classname="tests.integration.test_error_handling.TestCLIErrorHandling" name="test_missing_required_attributes" time="0.245" /><testcase classname="src.model_checker.iterate.tests.unit.test_coverage_improvements.TestModelsUtilityCoverage" name="test_difference_calculator_empty_differences" time="0.001" /><testcase classname="src.model_checker.iterate.tests.unit.test_coverage_improvements.TestModelsUtilityCoverage" name="test_evaluate_z3_boolean_standalone" time="0.001" /><testcase classname="src.model_checker.iterate.tests.unit.test_coverage_improvements.TestMetricsCoverage" name="test_iteration_statistics_completion_time" time="0.001" /><testcase classname="src.model_checker.iterate.tests.unit.test_coverage_improvements.TestGraphCoverage" name="test_graph_init_with_logging" time="0.001" /><testcase classname="src.model_checker.iterate.tests.unit.test_coverage_improvements.TestGraphCoverage" name="test_model_graph_init_coverage" time="0.009" /><testcase classname="src.model_checker.iterate.tests.unit.test_coverage_improvements.TestErrorPathsCoverage" name="test_difference_calculator_error_in_semantic_differences" time="0.001" /><testcase classname="src.model_checker.iterate.tests.unit.test_coverage_improvements.TestErrorPathsCoverage" name="test_model_builder_initialize_with_missing_solver" time="0.001" /><testcase classname="src.model_checker.iterate.tests.unit.test_errors.TestIterateError" name="test_basic_error_creation" time="0.000" /><testcase classname="src.model_checker.iterate.tests.unit.test_errors.TestIterateError" name="test_error_with_context" time="0.000" /><testcase classname="src.model_checker.iterate.tests.unit.test_errors.TestIterateError" name="test_error_string_representation" time="0.000" /><testcase classname="src.model_checker.iterate.tests.unit.test_errors.TestIterationLimitError" name="test_basic_limit_error" time="0.000" /><testcase classname="src.model_checker.iterate.tests.unit.test_errors.TestIterationLimitError" name="test_limit_error_with_reason" time="0.000" /><testcase classname="src.model_checker.iterate.tests.unit.test_errors.TestIterationStateError" name="test_basic_state_error" time="0.000" /><testcase classname="src.model_checker.iterate.tests.unit.test_errors.TestIterationStateError" name="test_state_error_with_suggestion" time="0.000" /><testcase classname="src.model_checker.iterate.tests.unit.test_errors.TestModelExtractionError" name="test_basic_extraction_error" time="0.000" /><testcase classname="src.model_checker.iterate.tests.unit.test_errors.TestModelExtractionError" name="test_extraction_error_with_suggestion" time="0.000" /><testcase classname="src.model_checker.iterate.tests.unit.test_errors.TestConstraintGenerationError" name="test_basic_constraint_error" time="0.000" /><testcase classname="src.model_checker.iterate.tests.unit.test_errors.TestConstraintGenerationError" name="test_constraint_error_with_model_num" time="0.000" /><testcase classname="src.model_checker.iterate.tests.unit.test_errors.TestIsomorphismCheckError" name="test_isomorphism_error" time="0.000" /><testcase classname="src.model_checker.iterate.tests.unit.test_errors.TestIterationTimeoutError" name="test_timeout_error" time="0.000" /><testcase classname="src.model_checker.iterate.tests.unit.test_errors.TestModelValidationError" name="test_validation_error" time="0.000" /><testcase classname="src.model_checker.iterate.tests.unit.test_models_edge_cases.TestModelBuilderEdgeCases" name="test_evaluate_z3_boolean_unknown_type" time="0.001" /><testcase classname="src.model_checker.iterate.tests.unit.test_models_edge_cases.TestModelBuilderEdgeCases" name="test_evaluate_z3_boolean_with_none" time="0.001" /><testcase classname="src.model_checker.iterate.tests.unit.test_models_edge_cases.TestModelBuilderEdgeCases" name="test_evaluate_z3_boolean_with_numeric_one" time="0.001" /><testcase classname="src.model_checker.iterate.tests.unit.test_models_edge_cases.TestModelBuilderEdgeCases" name="test_evaluate_z3_boolean_with_real_value" time="0.001" /><testcase classname="src.model_checker.iterate.tests.unit.test_models_edge_cases.TestModelBuilderEdgeCases" name="test_evaluate_z3_boolean_with_real_value_error" time="0.001" /><testcase classname="src.model_checker.iterate.tests.unit.test_models_edge_cases.TestModelBuilderEdgeCases" name="test_evaluate_z3_boolean_with_string_values" time="0.001" /><testcase classname="src.model_checker.iterate.tests.unit.test_models_edge_cases.TestModelBuilderEdgeCases" name="test_evaluate_z3_boolean_with_true_string" time="0.001" /><testcase classname="src.model_checker.iterate.tests.unit.test_models_edge_cases.TestModelBuilderEdgeCases" name="test_initialize_base_attributes_without_solver" time="0.001" /><testcase classname="src.model_checker.iterate.tests.unit.test_models_edge_cases.TestModelBuilderConstraintApplication" name="test_verify_falsify_constraint_application" time="0.001" /><testcase classname="src.model_checker.iterate.tests.unit.test_models_edge_cases.TestModelBuilderConstraintApplication" name="test_verify_without_falsify" time="0.001" /><testcase classname="src.model_checker.iterate.tests.unit.test_models_edge_cases.TestDifferenceCalculatorEdgeCases" name="test_calculate_atomic_differences_returns_none" time="0.001" /><testcase classname="src.model_checker.iterate.tests.unit.test_models_edge_cases.TestDifferenceCalculatorEdgeCases" name="test_calculate_differences_with_empty_states" time="0.001" /><testcase classname="src.model_checker.iterate.tests.unit.test_models_edge_cases.TestDifferenceCalculatorEdgeCases" name="test_calculate_state_differences_no_changes" time="0.000" /><testcase classname="src.model_checker.iterate.tests.unit.test_models_edge_cases.TestDifferenceCalculatorEdgeCases" name="test_compare_state_evaluations_no_changes" time="0.001" /><testcase classname="src.model_checker.iterate.tests.unit.test_models_edge_cases.TestDifferenceCalculatorStateMethods" name="test_calculate_differences_comprehensive" time="0.001" /><testcase classname="src.model_checker.iterate.tests.unit.test_models_edge_cases.TestDifferenceCalculatorStateMethods" name="test_compare_evaluations_with_changes" time="0.001" /><testcase classname="src.model_checker.iterate.tests.unit.test_models_edge_cases.TestDifferenceCalculatorStateMethods" name="test_format_state_changes_with_changes" time="0.001" /><testcase classname="src.model_checker.iterate.tests.unit.test_simplified_iterator.TestSimplifiedIterator" name="test_handles_failed_model_creation" time="0.002" /><testcase classname="src.model_checker.iterate.tests.unit.test_simplified_iterator.TestSimplifiedIterator" name="test_interpret_called_on_new_structure" time="0.003" /><testcase classname="src.model_checker.iterate.tests.unit.test_simplified_iterator.TestSimplifiedIterator" name="test_no_theory_concepts_in_core" time="0.006" /><testcase classname="src.model_checker.iterate.tests.unit.test_simplified_iterator.TestSimplifiedIterator" name="test_simplified_method_shorter" time="0.003" /><testcase classname="src.model_checker.iterate.tests.unit.test_simplified_iterator.TestSimplifiedIterator" name="test_uses_iterator_build_example" time="0.002" /><testcase classname="src.model_checker.iterate.tests.unit.test_validation.TestModelValidator" name="test_evaluate_z3_boolean_direct_values" time="0.002" /><testcase classname="src.model_checker.iterate.tests.unit.test_validation.TestModelValidator" name="test_evaluate_z3_boolean_numeric_values" time="0.004" /><testcase classname="src.model_checker.iterate.tests.unit.test_validation.TestModelValidator" name="test_evaluate_z3_boolean_z3_expressions" time="0.002" /><testcase classname="src.model_checker.iterate.tests.unit.test_validation.TestModelValidator" name="test_is_valid_model_basic" time="0.001" /><testcase classname="src.model_checker.iterate.tests.unit.test_validation.TestModelValidator" name="test_is_valid_model_non_empty" time="0.001" /><testcase classname="tests.integration.test_performance.TestBatchPerformance" name="test_batch_small_examples" time="0.002" /><testcase classname="src.model_checker.iterate.tests.unit.test_validation.TestModelValidator" name="test_validate_conclusions_countermodel" time="0.001" /><testcase classname="tests.integration.test_performance.TestBatchPerformance" name="test_batch_mixed_complexity" time="0.002" /><testcase classname="src.model_checker.iterate.tests.unit.test_validation.TestModelValidator" name="test_validate_conclusions_theorem" time="0.001" /><testcase classname="src.model_checker.iterate.tests.unit.test_validation.TestModelValidator" name="test_validate_premises" time="0.001" /><testcase classname="tests.integration.test_performance.TestConcurrentPerformance" name="test_sequential_vs_concurrent" time="0.003"><failure message="AssertionError: Concurrent (0.00s) much slower than sequential (0.00s)&#10;assert 0.0006434917449951172 &lt; (0.00012159347534179688 * 2)">self = &lt;tests.integration.test_performance.TestConcurrentPerformance object at 0x7f3cfbf4c7d0&gt;

    def test_sequential_vs_concurrent(self):
        """Test that operations don't degrade under concurrency."""
        import threading
    
        def make_model():
            try:
                model = create_test_model({'N': 3})
                return True
            except Exception:
                return False
    
        # Sequential timing
        start = time.time()
        for _ in range(3):
            make_model()
        sequential_time = time.time() - start
    
        # Concurrent timing
        start = time.time()
        threads = []
        for _ in range(3):
            thread = threading.Thread(target=make_model)
            threads.append(thread)
            thread.start()
    
        for thread in threads:
            thread.join(timeout=10)
    
        concurrent_time = time.time() - start
    
        # Concurrent should not be much slower than sequential
        # Allow 2x overhead for thread management
&gt;       assert concurrent_time &lt; sequential_time * 2, \
            f"Concurrent ({concurrent_time:.2f}s) much slower than sequential ({sequential_time:.2f}s)"
E       AssertionError: Concurrent (0.00s) much slower than sequential (0.00s)
E       assert 0.0006434917449951172 &lt; (0.00012159347534179688 * 2)

[...]

    def test_witness_registry_error_basic(self):
        """Test basic WitnessRegistryError."""
        error = WitnessRegistryError("Registry operation failed")
&gt;       assert error.theory == "exclusion"
E       AssertionError: assert None == 'exclusion'
E        +  where None = WitnessRegistryError('Registry operation failed').theory

code/src/model_checker/theory_lib/tests/unit/test_error_handling.py:80: AssertionError</failure></testcase><testcase classname="src.model_checker.theory_lib.tests.unit.test_error_handling.TestWitnessErrorHandling" name="test_witness_constraint_error_basic" time="0.001"><failure message="AssertionError: assert None == 'exclusion'&#10; +  where None = WitnessConstraintError('Constraint generation failed').theory">self = &lt;src.model_checker.theory_lib.tests.unit.test_error_handling.TestWitnessErrorHandling object at 0x7585d74b5220&gt;

    def test_witness_constraint_error_basic(self):
        """Test basic WitnessConstraintError."""
        error = WitnessConstraintError("Constraint generation failed")
&gt;       assert error.theory == "exclusion"
E       AssertionError: assert None == 'exclusion'
E        +  where None = WitnessConstraintError('Constraint generation failed').theory

code/src/model_checker/theory_lib/tests/unit/test_error_handling.py:86: AssertionError</failure></testcase><testcase classname="src.model_checker.theory_lib.tests.unit.test_error_handling.TestImpositionErrorHandling" name="test_semantic_error_with_imposition_theory" time="0.000" /><testcase classname="src.model_checker.theory_lib.tests.unit.test_error_handling.TestZ3IntegrationErrorHandling" name="test_z3_integration_error_with_status" time="0.000" /><testcase classname="src.model_checker.theory_lib.tests.unit.test_error_handling.TestZ3IntegrationErrorHandling" name="test_z3_timeout_error_construction" time="0.000" /><testcase classname="src.model_checker.theory_lib.tests.unit.test_error_handling.TestErrorContextAndSuggestions" name="test_error_context_preservation" time="0.000" /><testcase classname="src.model_checker.theory_lib.tests.unit.test_error_handling.TestErrorContextAndSuggestions" name="test_error_chaining_preserves_context" time="0.000" /><testcase classname="src.model_checker.theory_lib.tests.unit.test_error_handling.TestErrorContextAndSuggestions" name="test_error_suggestions_are_actionable" time="0.000" /><testcase classname="src.model_checker.utils.tests.unit.test_bitvector.TestBinaryBitvector" name="test_binary_bitvector_mod4" time="0.001" /><testcase classname="src.model_checker.utils.tests.unit.test_bitvector.TestBinaryBitvector" name="test_binary_bitvector_not_mod4" time="0.000" /><testcase classname="src.model_checker.utils.tests.unit.test_bitvector.TestIntToBinary" name="test_basic_conversion" time="0.000" /><testcase classname="src.model_checker.utils.tests.unit.test_bitvector.TestIntToBinary" name="test_padding" time="0.000" /><testcase classname="src.model_checker.utils.tests.unit.test_bitvector.TestIndexToSubstate" name="test_single_letters" time="0.000" /><testcase classname="src.model_checker.utils.tests.unit.test_bitvector.TestIndexToSubstate" name="test_double_letters" time="0.000" /><testcase classname="src.model_checker.utils.tests.unit.test_bitvector.TestIndexToSubstate" name="test_multiple_letters" time="0.000" /><testcase classname="src.model_checker.utils.tests.unit.test_bitvector.TestBitvecToSubstates" name="test_null_state" time="0.000" /><testcase classname="src.model_checker.utils.tests.unit.test_bitvector.TestBitvecToSubstates" name="test_single_state" time="0.000" /><testcase classname="src.model_checker.utils.tests.unit.test_bitvector.TestBitvecToSubstates" name="test_fusion_state" time="0.000" /><testcase classname="src.model_checker.utils.tests.unit.test_bitvector.TestBitvecToSubstates" name="test_integer_input" time="0.000" /><testcase classname="src.model_checker.utils.tests.unit.test_bitvector.TestBitvecToSubstates" name="test_invalid_input" time="0.000" /><testcase classname="src.model_checker.utils.tests.unit.test_bitvector.TestBitvecToWorldstate" name="test_single_letters" time="0.000" /><testcase classname="src.model_checker.utils.tests.unit.test_bitvector.TestBitvecToWorldstate" name="test_double_letters" time="0.000" /><testcase classname="src.model_checker.utils.tests.unit.test_bitvector.TestBitvecToWorldstate" name="test_integer_input" time="0.000" /><testcase classname="src.model_checker.utils.tests.unit.test_bitvector.TestBitvecToWorldstate" name="test_invalid_input" time="0.000" /><testcase classname="src.model_checker.utils.tests.unit.test_context" name="test_isolated_z3_context_importable" time="0.000" /><testcase classname="src.model_checker.utils.tests.unit.test_context" name="test_isolated_z3_context_is_callable" time="0.000" /><testcase classname="src.model_checker.utils.tests.unit.test_context" name="test_isolated_z3_context_creates_fresh_context" time="0.002" /><testcase classname="src.model_checker.utils.tests.unit.test_context" name="test_isolated_z3_context_restores_on_exception" time="0.002" /><testcase classname="src.model_checker.utils.tests.unit.test_context" name="test_isolated_z3_context_provides_isolation" time="0.007" /><testcase classname="src.model_checker.utils.tests.unit.test_context" name="test_multiple_nested_uses" time="0.009" /><testcase classname="src.model_checker.theory_lib.logos.tests.integration.test_solver_comparison" name="test_example_with_solver[cvc5-REL_CM_5]" time="0.059" /><testcase classname="src.model_checker.utils.tests.unit.test_formatting.TestPrettySetPrint" name="test_empty_frozenset" time="0.001" /><testcase classname="src.model_checker.utils.tests.unit.test_formatting.TestPrettySetPrint" name="test_empty_set" time="0.000" /><testcase classname="src.model_checker.utils.tests.unit.test_formatting.TestPrettySetPrint" name="test_frozenset_input" time="0.000" /><testcase classname="src.model_checker.utils.tests.unit.test_formatting.TestPrettySetPrint" name="test_mixed_types" time="0.000" /><testcase classname="src.model_checker.utils.tests.unit.test_formatting.TestPrettySetPrint" name="test_multiple_elements_sorted" time="0.000" /><testcase classname="src.model_checker.utils.tests.unit.test_formatting.TestPrettySetPrint" name="test_numeric_elements" time="0.000" /><testcase classname="src.model_checker.utils.tests.unit.test_formatting.TestPrettySetPrint" name="test_single_element_set" time="0.000" /><testcase classname="src.model_checker.utils.tests.unit.test_formatting.TestNotImplementedString" name="test_empty_class_name" time="0.000" /><testcase classname="src.model_checker.utils.tests.unit.test_formatting.TestNotImplementedString" name="test_generic_class_message" time="0.000" /><testcase classname="src.model_checker.utils.tests.unit.test_formatting.TestNotImplementedString" name="test_operator_defaults_message" time="0.000" /><testcase classname="src.model_checker.utils.tests.unit.test_formatting.TestNotImplementedString" name="test_proposition_defaults_message" time="0.000" /><testcase classname="src.model_checker.utils.tests.unit.test_formatting.TestFlatten" name="test_deeply_nested" time="0.000" /><testcase classname="src.model_checker.utils.tests.unit.test_formatting.TestFlatten" name="test_empty_list" time="0.000" /><testcase classname="src.model_checker.utils.tests.unit.test_formatting.TestFlatten" name="test_empty_nested_lists" time="0.000" /><testcase classname="src.model_checker.utils.tests.unit.test_formatting.TestFlatten" name="test_flat_list" time="0.000" /><testcase classname="src.model_checker.utils.tests.unit.test_formatting.TestFlatten" name="test_mixed_types" time="0.000" /><testcase classname="src.model_checker.utils.tests.unit.test_formatting.TestFlatten" name="test_multiple_levels_nested" time="0.000" /><testcase classname="src.model_checker.utils.tests.unit.test_formatting.TestFlatten" name="test_none_values" time="0.000" /><testcase classname="src.model_checker.utils.tests.unit.test_formatting.TestFlatten" name="test_single_level_nested" time="0.000" /><testcase classname="src.model_checker.utils.tests.unit.test_formatting.TestFlatten" name="test_string_elements" time="0.000" /><testcase classname="src.model_checker.utils.tests.unit.test_parsing.TestParseExpression" name="test_atomic_sentence" time="0.000" /><testcase classname="src.model_checker.utils.tests.unit.test_parsing.TestParseExpression" name="test_nullary_operators" time="0.000" /><testcase classname="src.model_checker.utils.tests.unit.test_parsing.TestParseExpression" name="test_unary_operators" time="0.000" /><testcase classname="src.model_checker.utils.tests.unit.test_parsing.TestParseExpression" name="test_binary_operators" time="0.000" /><testcase classname="src.model_checker.utils.tests.unit.test_parsing.TestParseExpression" name="test_nested_expressions" time="0.000" /><testcase classname="src.model_checker.utils.tests.unit.test_parsing.TestParseExpression" name="test_complex_nested_expressions" time="0.000" /><testcase classname="src.model_checker.utils.tests.unit.test_parsing.TestParseExpression" name="test_empty_tokens" time="0.000" /><testcase classname="src.model_checker.utils.tests.unit.test_parsing.TestParseExpression" name="test_missing_closing_parenthesis" time="0.000" /><testcase classname="src.model_checker.utils.tests.unit.test_parsing.TestParseExpression" name="test_incomplete_expression" time="0.000" /><testcase classname="src.model_checker.utils.tests.unit.test_parsing.TestOpLeftRight" name="test_simple_binary" time="0.000" /><testcase classname="src.model_checker.utils.tests.unit.test_parsing.TestOpLeftRight" name="test_nested_left" time="0.000" /><testcase classname="src.model_checker.utils.tests.unit.test_parsing.TestOpLeftRight" name="test_nested_right" time="0.000" /><testcase classname="src.model_checker.utils.tests.unit.test_parsing.TestOpLeftRight" name="test_both_nested" time="0.000" /><testcase classname="src.model_checker.utils.tests.unit.test_parsing.TestOpLeftRight" name="test_unbalanced_parentheses" time="0.000" /><testcase classname="src.model_checker.utils.tests.unit.test_parsing.TestOpLeftRight" name="test_missing_operator" time="0.000" /><testcase classname="src.model_checker.utils.tests.unit.test_parsing.TestOpLeftRight" name="test_nullary_operators_handling" time="0.000" /><testcase classname="src.model_checker.utils.tests.unit.test_parsing.TestIntegration" name="test_logos_style_formulas" time="0.000" /><testcase classname="src.model_checker.utils.tests.unit.test_parsing.TestIntegration" name="test_bimodal_formulas" time="0.000" /><testcase classname="src.model_checker.utils.tests.unit.test_parsing.TestIntegration" name="test_real_world_example" time="0.000" /><testcase classname="src.model_checker.utils.tests.unit.test_types.TestTypeDefinitions" name="test_color_code_type" time="0.001" /><testcase classname="src.model_checker.utils.tests.unit.test_types.TestTypeDefinitions" name="test_config_dict_type" time="0.000" /><testcase classname="src.model_checker.utils.tests.unit.test_types.TestTypeDefinitions" name="test_pathlike_type" time="0.000" /><testcase classname="src.model_checker.utils.tests.unit.test_types.TestTypeDefinitions" name="test_table_types" time="0.000" /><testcase classname="src.model_checker.utils.tests.unit.test_types.TestTypeDefinitions" name="test_test_related_types" time="0.000" /><testcase classname="src.model_checker.utils.tests.unit.test_types.TestTypeDefinitions" name="test_type_imports" time="0.000" /><testcase classname="src.model_checker.utils.tests.unit.test_types.TestTypeDefinitions" name="test_version_tuple_type" time="0.000" /><testcase classname="src.model_checker.utils.tests.unit.test_types.TestTypeDefinitions" name="test_z3_type_aliases" time="0.001" /><testcase classname="src.model_checker.utils.tests.unit.test_z3_helpers.TestForAll" name="test_forall_single_variable" time="0.001" /><testcase classname="src.model_checker.utils.tests.unit.test_z3_helpers.TestForAll" name="test_forall_contradiction" time="0.001" /><testcase classname="src.model_checker.utils.tests.unit.test_z3_helpers.TestForAll" name="test_forall_multiple_variables" time="0.001" /><testcase classname="src.model_checker.utils.tests.unit.test_z3_helpers.TestExists" name="test_exists_single_variable" time="0.001" /><testcase classname="src.model_checker.utils.tests.unit.test_z3_helpers.TestExists" name="test_exists_no_solution" time="0.001" /><testcase classname="src.model_checker.utils.tests.unit.test_z3_helpers.TestExists" name="test_exists_multiple_variables" time="0.001" /><testcase classname="src.model_checker.utils.tests.unit.test_z3_helpers.TestMixedQuantifiers" name="test_forall_exists_nesting" time="0.001" /><testcase classname="src.model_checker.theory_lib.logos.tests.integration.test_solver_comparison" name="test_example_with_solver[z3-REL_CM_6]" time="0.044" /><testcase classname="src.model_checker.theory_lib.logos.tests.integration.test_solver_comparison" name="test_example_with_solver[cvc5-REL_CM_6]" time="0.105" /><testcase classname="src.model_checker.theory_lib.logos.tests.integration.test_solver_comparison" name="test_example_with_solver[z3-REL_CM_7]" time="0.028" /><testcase classname="src.model_checker.theory_lib.logos.tests.integration.test_solver_comparison" name="test_example_with_solver[cvc5-REL_CM_7]" time="0.040" /><testcase classname="src.model_checker.theory_lib.logos.tests.integration.test_solver_comparison" name="test_example_with_solver[z3-REL_CM_8]" time="0.101" /><testcase classname="src.model_checker.theory_lib.logos.tests.integration.test_solver_comparison" name="test_example_with_solver[cvc5-REL_CM_8]" time="0.322" /><testcase classname="src.model_checker.theory_lib.logos.tests.integration.test_solver_comparison" name="test_example_with_solver[z3-CF_CM_18]" time="0.575" /><testcase classname="src.model_checker.theory_lib.logos.tests.integration.test_solver_comparison" name="test_example_with_solver[z3-REL_CM_9]" time="0.103" /><testcase classname="src.model_checker.theory_lib.logos.tests.integration.test_solver_comparison" name="test_example_with_solver[cvc5-REL_CM_9]" time="0.182" /><testcase classname="src.model_checker.theory_lib.logos.tests.integration.test_solver_comparison" name="test_example_with_solver[z3-REL_CM_10]" time="0.044" /><testcase classname="src.model_checker.theory_lib.logos.tests.integration.test_solver_comparison" name="test_example_with_solver[cvc5-REL_CM_10]" time="0.108" /><testcase classname="src.model_checker.theory_lib.logos.tests.integration.test_solver_comparison" name="test_example_with_solver[z3-REL_CM_11]" time="0.044" /><testcase classname="src.model_checker.theory_lib.logos.tests.integration.test_solver_comparison" name="test_example_with_solver[cvc5-CF_CM_18]" time="0.252" /><testcase classname="src.model_checker.theory_lib.logos.tests.integration.test_solver_comparison" name="test_example_with_solver[z3-CF_CM_19]" time="3.965" /><testcase classname="src.model_checker.theory_lib.logos.tests.integration.test_solver_comparison" name="test_example_with_solver[z3-CF_CM_15]" time="0.191" /><testcase classname="src.model_checker.theory_lib.logos.tests.integration.test_solver_comparison" name="test_example_with_solver[cvc5-CF_CM_15]" time="0.249" /><testcase classname="src.model_checker.theory_lib.logos.tests.integration.test_solver_comparison" name="test_example_with_solver[z3-CL_TH_14]" time="0.040" /><testcase classname="src.model_checker.theory_lib.logos.tests.integration.test_solver_comparison" name="test_example_with_solver[cvc5-CL_TH_14]" time="0.121" /><testcase classname="src.model_checker.theory_lib.logos.tests.integration.test_solver_comparison" name="test_example_with_solver[z3-CL_TH_15]" time="0.037" /><testcase classname="src.model_checker.theory_lib.logos.tests.integration.test_solver_comparison" name="test_example_with_solver[cvc5-CL_TH_15]" time="0.120" /><testcase classname="src.model_checker.theory_lib.logos.tests.integration.test_solver_comparison" name="test_example_with_solver[z3-CL_TH_16]" time="0.013" /><testcase classname="src.model_checker.theory_lib.logos.tests.integration.test_solver_comparison" name="test_example_with_solver[cvc5-CL_TH_16]" time="0.639" /><testcase classname="src.model_checker.theory_lib.logos.tests.integration.test_solver_comparison" name="test_example_with_solver[z3-CL_TH_17]" time="0.014" /><testcase classname="src.model_checker.theory_lib.logos.tests.integration.test_solver_comparison" name="test_example_with_solver[cvc5-CL_TH_17]" time="0.016" /><testcase classname="src.model_checker.theory_lib.logos.tests.integration.test_solver_comparison" name="test_example_with_solver[cvc5-CF_CM_19]" time="2.777" /><testcase classname="src.model_checker.theory_lib.logos.tests.integration.test_solver_comparison" name="test_example_with_solver[z3-CF_CM_20]" time="1.096" /><testcase classname="src.model_checker.theory_lib.logos.tests.integration.test_solver_comparison" name="test_example_with_solver[cvc5-CF_CM_20]" time="2.911" /><testcase classname="src.model_checker.theory_lib.logos.tests.integration.test_solver_comparison" name="test_example_with_solver[z3-CF_CM_21]" time="0.832" /><testcase classname="src.model_checker.theory_lib.logos.tests.integration.test_solver_comparison" name="test_example_with_solver[cvc5-CF_CM_21]" time="0.463" /><testcase classname="src.model_checker.theory_lib.logos.tests.integration.test_solver_comparison" name="test_example_with_solver[z3-CF_CM_24]" time="0.915" /><testcase classname="src.model_checker.theory_lib.logos.tests.integration.test_solver_comparison" name="test_example_with_solver[cvc5-CF_CM_24]" time="1.318" /><testcase classname="src.model_checker.theory_lib.logos.tests.integration.test_solver_comparison" name="test_example_with_solver[z3-CF_CM_25]" time="0.464" /><testcase classname="src.model_checker.theory_lib.logos.tests.integration.test_subtheory_orchestration.TestSubtheoryOrchestration" name="test_iterator_contract_compliance" time="0.000" /><testcase classname="src.model_checker.theory_lib.logos.tests.integration.test_subtheory_orchestration.TestSubtheoryOrchestration" name="test_type_hint_coverage" time="0.000" /><testcase classname="src.model_checker.theory_lib.logos.tests.integration.test_subtheory_orchestration.TestProtocolDefinitions" name="test_protocols_importable" time="0.000" /><testcase classname="src.model_checker.theory_lib.logos.tests.integration.test_solver_comparison" name="test_example_with_solver[cvc5-CF_CM_25]" time="0.260" /><testcase classname="src.model_checker.theory_lib.logos.tests.integration.test_solver_comparison" name="test_example_with_solver[z3-CF_TH_1]" time="0.058" /><testcase classname="src.model_checker.theory_lib.logos.tests.integration.test_solver_comparison" name="test_example_with_solver[cvc5-CF_TH_1]" time="0.081" /></testsuite></testsuites>